17-May-2022 09:44:52.766 INFO [main] org.apache.catalina.startup.VersionLoggerListener.log Server version name:   Apache Tomcat/9.0.60
17-May-2022 09:44:52.771 INFO [main] org.apache.catalina.startup.VersionLoggerListener.log Server built:          Mar 9 2022 14:52:25 UTC
17-May-2022 09:44:52.772 INFO [main] org.apache.catalina.startup.VersionLoggerListener.log Server version number: 9.0.60.0
17-May-2022 09:44:52.772 INFO [main] org.apache.catalina.startup.VersionLoggerListener.log OS Name:               Windows 10
17-May-2022 09:44:52.772 INFO [main] org.apache.catalina.startup.VersionLoggerListener.log Версия ОС:             10.0
17-May-2022 09:44:52.773 INFO [main] org.apache.catalina.startup.VersionLoggerListener.log Архитектура:           amd64
17-May-2022 09:44:52.773 INFO [main] org.apache.catalina.startup.VersionLoggerListener.log Java Home:             C:\Program Files\Java\jdk-17.0.2
17-May-2022 09:44:52.773 INFO [main] org.apache.catalina.startup.VersionLoggerListener.log Версия JVM:            17.0.2+8-LTS-86
17-May-2022 09:44:52.773 INFO [main] org.apache.catalina.startup.VersionLoggerListener.log JVM Vendor:            Oracle Corporation
17-May-2022 09:44:52.773 INFO [main] org.apache.catalina.startup.VersionLoggerListener.log CATALINA_BASE:         E:\tools\java_tomcat
17-May-2022 09:44:52.773 INFO [main] org.apache.catalina.startup.VersionLoggerListener.log CATALINA_HOME:         E:\tools\java_tomcat
17-May-2022 09:44:52.828 INFO [main] org.apache.catalina.startup.VersionLoggerListener.log Command line argument: -Dcatalina.home=E:\tools\java_tomcat
17-May-2022 09:44:52.828 INFO [main] org.apache.catalina.startup.VersionLoggerListener.log Command line argument: -Dcatalina.base=E:\tools\java_tomcat
17-May-2022 09:44:52.828 INFO [main] org.apache.catalina.startup.VersionLoggerListener.log Command line argument: -Djava.io.tmpdir=E:\tools\java_tomcat\temp
17-May-2022 09:44:52.829 INFO [main] org.apache.catalina.startup.VersionLoggerListener.log Command line argument: -Djava.util.logging.manager=org.apache.juli.ClassLoaderLogManager
17-May-2022 09:44:52.829 INFO [main] org.apache.catalina.startup.VersionLoggerListener.log Command line argument: -Djava.util.logging.config.file=E:\tools\java_tomcat\conf\logging.properties
17-May-2022 09:44:52.829 INFO [main] org.apache.catalina.startup.VersionLoggerListener.log Command line argument: --add-opens=java.base/java.lang=ALL-UNNAMED
17-May-2022 09:44:52.829 INFO [main] org.apache.catalina.startup.VersionLoggerListener.log Command line argument: --add-opens=java.base/java.io=ALL-UNNAMED
17-May-2022 09:44:52.829 INFO [main] org.apache.catalina.startup.VersionLoggerListener.log Command line argument: --add-opens=java.rmi/sun.rmi.transport=ALL-UNNAMED
17-May-2022 09:44:52.829 INFO [main] org.apache.catalina.startup.VersionLoggerListener.log Command line argument: exit
17-May-2022 09:44:52.830 INFO [main] org.apache.catalina.startup.VersionLoggerListener.log Command line argument: abort
17-May-2022 09:44:52.830 INFO [main] org.apache.catalina.startup.VersionLoggerListener.log Command line argument: -Xms128m
17-May-2022 09:44:52.830 INFO [main] org.apache.catalina.startup.VersionLoggerListener.log Command line argument: -Xmx256m
17-May-2022 09:44:52.839 INFO [main] org.apache.catalina.core.AprLifecycleListener.lifecycleEvent The Apache Tomcat Native library which allows using OpenSSL was not found on the java.library.path: [E:\tools\java_tomcat\bin;C:\WINDOWS\Sun\Java\bin;C:\WINDOWS\system32;C:\WINDOWS;C:\Program Files\Java\jdk-17.0.2\bin;C:\Program Files\Common Files\Oracle\Java\javapath;C:\ProgramData\Oracle\Java\javapath;C:\Windows\system32;C:\Windows;C:\Windows\System32\Wbem;C:\Windows\System32\WindowsPowerShell\v1.0\;C:\Windows\System32\OpenSSH\;C:\Program Files (x86)\NVIDIA Corporation\PhysX\Common;E:\tools\tera-scr\к тере\Git\cmd;C:\Program Files\NVIDIA Corporation\NVIDIA NvDLISR;C:\Program Files\dotnet\;C:\WINDOWS\system32;C:\WINDOWS;C:\WINDOWS\System32\Wbem;C:\WINDOWS\System32\WindowsPowerShell\v1.0\;C:\WINDOWS\System32\OpenSSH\;C:\Program Files\Azure Data Studio\bin;C:\Program Files\Microsoft SQL Server\Client SDK\ODBC\170\Tools\Binn\;C:\Program Files (x86)\Microsoft SQL Server\150\Tools\Binn\;C:\Program Files\Microsoft SQL Server\150\Tools\Binn\;C:\Program Files\Microsoft SQL Server\150\DTS\Binn\;C:\Program Files\Microsoft SQL Server\130\Tools\Binn\;E:\tools\flutter\bin\;E:\tools\java_ant\bin\;E:\tools\node\;E:\tools\flutter\bin;C:\WINDOWS\ServiceProfiles\LocalService\AppData\Local\Microsoft\WindowsApps;.]
17-May-2022 09:44:53.140 INFO [main] org.apache.coyote.AbstractProtocol.init Initializing ProtocolHandler ["http-nio-8080"]
17-May-2022 09:44:53.165 INFO [main] org.apache.catalina.startup.Catalina.load Server initialization in [1034] milliseconds
17-May-2022 09:44:53.229 INFO [main] org.apache.catalina.core.StandardService.startInternal Starting service [Catalina]
17-May-2022 09:44:53.229 INFO [main] org.apache.catalina.core.StandardEngine.startInternal Starting Servlet engine: [Apache Tomcat/9.0.60]
17-May-2022 09:44:53.295 INFO [main] org.apache.catalina.startup.HostConfig.deployWAR Deploying web application archive [E:\tools\java_tomcat\webapps\InP_Lab3.war]
17-May-2022 09:44:54.749 INFO [main] org.apache.jasper.servlet.TldScanner.scanJars At least one JAR was scanned for TLDs yet contained no TLDs. Enable debug logging for this logger for a complete list of JARs that were scanned but no TLDs were found in them. Skipping unneeded JARs during scanning can improve startup time and JSP compilation time.
17-May-2022 09:44:54.841 INFO [main] org.apache.catalina.startup.HostConfig.deployWAR Deployment of web application archive [E:\tools\java_tomcat\webapps\InP_Lab3.war] has finished in [1 543] ms
17-May-2022 09:44:54.928 INFO [main] org.apache.catalina.startup.HostConfig.deployWAR Deploying web application archive [E:\tools\java_tomcat\webapps\Lab4.war]
17-May-2022 09:44:54.995 INFO [main] org.apache.catalina.startup.HostConfig.deployWAR Deployment of web application archive [E:\tools\java_tomcat\webapps\Lab4.war] has finished in [67] ms
17-May-2022 09:44:54.997 INFO [main] org.apache.catalina.startup.HostConfig.deployDirectory Установка веб приложения в папку [E:\tools\java_tomcat\webapps\ANaive]
17-May-2022 09:44:55.066 INFO [main] org.apache.catalina.startup.HostConfig.deployDirectory Deployment of web application directory [E:\tools\java_tomcat\webapps\ANaive] has finished in [69] ms
17-May-2022 09:44:55.067 INFO [main] org.apache.catalina.startup.HostConfig.deployDirectory Установка веб приложения в папку [E:\tools\java_tomcat\webapps\docs]
17-May-2022 09:44:55.088 INFO [main] org.apache.catalina.startup.HostConfig.deployDirectory Deployment of web application directory [E:\tools\java_tomcat\webapps\docs] has finished in [22] ms
17-May-2022 09:44:55.089 INFO [main] org.apache.catalina.startup.HostConfig.deployDirectory Установка веб приложения в папку [E:\tools\java_tomcat\webapps\Lab5]
17-May-2022 09:44:55.820 INFO [main] org.apache.jasper.servlet.TldScanner.scanJars At least one JAR was scanned for TLDs yet contained no TLDs. Enable debug logging for this logger for a complete list of JARs that were scanned but no TLDs were found in them. Skipping unneeded JARs during scanning can improve startup time and JSP compilation time.
17-May-2022 09:44:55.825 INFO [main] org.apache.catalina.startup.HostConfig.deployDirectory Deployment of web application directory [E:\tools\java_tomcat\webapps\Lab5] has finished in [737] ms
17-May-2022 09:44:55.826 INFO [main] org.apache.catalina.startup.HostConfig.deployDirectory Установка веб приложения в папку [E:\tools\java_tomcat\webapps\manager]
17-May-2022 09:44:55.926 INFO [main] org.apache.catalina.startup.HostConfig.deployDirectory Deployment of web application directory [E:\tools\java_tomcat\webapps\manager] has finished in [101] ms
17-May-2022 09:44:55.927 INFO [main] org.apache.catalina.startup.HostConfig.deployDirectory Установка веб приложения в папку [E:\tools\java_tomcat\webapps\ROOT]
17-May-2022 09:44:55.972 INFO [main] org.apache.catalina.startup.HostConfig.deployDirectory Deployment of web application directory [E:\tools\java_tomcat\webapps\ROOT] has finished in [44] ms
17-May-2022 09:44:55.975 INFO [main] org.apache.coyote.AbstractProtocol.start Starting ProtocolHandler ["http-nio-8080"]
17-May-2022 09:44:56.014 INFO [main] org.apache.catalina.startup.Catalina.start Server startup in [2847] milliseconds
17-May-2022 09:48:58.441 INFO [Thread-3] org.apache.coyote.AbstractProtocol.pause Pausing ProtocolHandler ["http-nio-8080"]
17-May-2022 09:48:58.457 INFO [Thread-3] org.apache.catalina.core.StandardService.stopInternal Stopping service [Catalina]
17-May-2022 09:48:58.481 INFO [Thread-3] org.apache.coyote.AbstractProtocol.stop Stopping ProtocolHandler ["http-nio-8080"]
17-May-2022 09:48:58.491 INFO [Thread-3] org.apache.coyote.AbstractProtocol.destroy Destroying ProtocolHandler ["http-nio-8080"]
17-May-2022 09:51:14.927 INFO [main] org.apache.catalina.startup.VersionLoggerListener.log Server version name:   Apache Tomcat/9.0.60
17-May-2022 09:51:14.931 INFO [main] org.apache.catalina.startup.VersionLoggerListener.log Server built:          Mar 9 2022 14:52:25 UTC
17-May-2022 09:51:14.931 INFO [main] org.apache.catalina.startup.VersionLoggerListener.log Server version number: 9.0.60.0
17-May-2022 09:51:14.931 INFO [main] org.apache.catalina.startup.VersionLoggerListener.log OS Name:               Windows 10
17-May-2022 09:51:14.931 INFO [main] org.apache.catalina.startup.VersionLoggerListener.log Версия ОС:             10.0
17-May-2022 09:51:14.932 INFO [main] org.apache.catalina.startup.VersionLoggerListener.log Архитектура:           amd64
17-May-2022 09:51:14.932 INFO [main] org.apache.catalina.startup.VersionLoggerListener.log Java Home:             C:\Program Files\Java\jdk-17.0.2
17-May-2022 09:51:14.932 INFO [main] org.apache.catalina.startup.VersionLoggerListener.log Версия JVM:            17.0.2+8-LTS-86
17-May-2022 09:51:14.932 INFO [main] org.apache.catalina.startup.VersionLoggerListener.log JVM Vendor:            Oracle Corporation
17-May-2022 09:51:14.932 INFO [main] org.apache.catalina.startup.VersionLoggerListener.log CATALINA_BASE:         E:\tools\java_tomcat
17-May-2022 09:51:14.932 INFO [main] org.apache.catalina.startup.VersionLoggerListener.log CATALINA_HOME:         E:\tools\java_tomcat
17-May-2022 09:51:14.941 INFO [main] org.apache.catalina.startup.VersionLoggerListener.log Command line argument: -Dcatalina.home=E:\tools\java_tomcat
17-May-2022 09:51:14.941 INFO [main] org.apache.catalina.startup.VersionLoggerListener.log Command line argument: -Dcatalina.base=E:\tools\java_tomcat
17-May-2022 09:51:14.941 INFO [main] org.apache.catalina.startup.VersionLoggerListener.log Command line argument: -Djava.io.tmpdir=E:\tools\java_tomcat\temp
17-May-2022 09:51:14.941 INFO [main] org.apache.catalina.startup.VersionLoggerListener.log Command line argument: -Djava.util.logging.manager=org.apache.juli.ClassLoaderLogManager
17-May-2022 09:51:14.941 INFO [main] org.apache.catalina.startup.VersionLoggerListener.log Command line argument: -Djava.util.logging.config.file=E:\tools\java_tomcat\conf\logging.properties
17-May-2022 09:51:14.941 INFO [main] org.apache.catalina.startup.VersionLoggerListener.log Command line argument: --add-opens=java.base/java.lang=ALL-UNNAMED
17-May-2022 09:51:14.941 INFO [main] org.apache.catalina.startup.VersionLoggerListener.log Command line argument: --add-opens=java.base/java.io=ALL-UNNAMED
17-May-2022 09:51:14.942 INFO [main] org.apache.catalina.startup.VersionLoggerListener.log Command line argument: --add-opens=java.rmi/sun.rmi.transport=ALL-UNNAMED
17-May-2022 09:51:14.942 INFO [main] org.apache.catalina.startup.VersionLoggerListener.log Command line argument: exit
17-May-2022 09:51:14.942 INFO [main] org.apache.catalina.startup.VersionLoggerListener.log Command line argument: abort
17-May-2022 09:51:14.942 INFO [main] org.apache.catalina.startup.VersionLoggerListener.log Command line argument: -Xms128m
17-May-2022 09:51:14.942 INFO [main] org.apache.catalina.startup.VersionLoggerListener.log Command line argument: -Xmx256m
17-May-2022 09:51:14.948 INFO [main] org.apache.catalina.core.AprLifecycleListener.lifecycleEvent The Apache Tomcat Native library which allows using OpenSSL was not found on the java.library.path: [E:\tools\java_tomcat\bin;C:\WINDOWS\Sun\Java\bin;C:\WINDOWS\system32;C:\WINDOWS;C:\Program Files\Java\jdk-17.0.2\bin;C:\Program Files\Common Files\Oracle\Java\javapath;C:\ProgramData\Oracle\Java\javapath;C:\Windows\system32;C:\Windows;C:\Windows\System32\Wbem;C:\Windows\System32\WindowsPowerShell\v1.0\;C:\Windows\System32\OpenSSH\;C:\Program Files (x86)\NVIDIA Corporation\PhysX\Common;E:\tools\tera-scr\к тере\Git\cmd;C:\Program Files\NVIDIA Corporation\NVIDIA NvDLISR;C:\Program Files\dotnet\;C:\WINDOWS\system32;C:\WINDOWS;C:\WINDOWS\System32\Wbem;C:\WINDOWS\System32\WindowsPowerShell\v1.0\;C:\WINDOWS\System32\OpenSSH\;C:\Program Files\Azure Data Studio\bin;C:\Program Files\Microsoft SQL Server\Client SDK\ODBC\170\Tools\Binn\;C:\Program Files (x86)\Microsoft SQL Server\150\Tools\Binn\;C:\Program Files\Microsoft SQL Server\150\Tools\Binn\;C:\Program Files\Microsoft SQL Server\150\DTS\Binn\;C:\Program Files\Microsoft SQL Server\130\Tools\Binn\;E:\tools\flutter\bin\;E:\tools\java_ant\bin\;E:\tools\node\;E:\tools\flutter\bin;C:\WINDOWS\ServiceProfiles\LocalService\AppData\Local\Microsoft\WindowsApps;.]
17-May-2022 09:51:15.173 INFO [main] org.apache.coyote.AbstractProtocol.init Initializing ProtocolHandler ["http-nio-8080"]
17-May-2022 09:51:15.194 INFO [main] org.apache.catalina.startup.Catalina.load Server initialization in [421] milliseconds
17-May-2022 09:51:15.232 INFO [main] org.apache.catalina.core.StandardService.startInternal Starting service [Catalina]
17-May-2022 09:51:15.233 INFO [main] org.apache.catalina.core.StandardEngine.startInternal Starting Servlet engine: [Apache Tomcat/9.0.60]
17-May-2022 09:51:15.249 INFO [main] org.apache.catalina.startup.HostConfig.deployWAR Deploying web application archive [E:\tools\java_tomcat\webapps\InP_Lab3.war]
17-May-2022 09:51:15.633 INFO [main] org.apache.jasper.servlet.TldScanner.scanJars At least one JAR was scanned for TLDs yet contained no TLDs. Enable debug logging for this logger for a complete list of JARs that were scanned but no TLDs were found in them. Skipping unneeded JARs during scanning can improve startup time and JSP compilation time.
17-May-2022 09:51:15.691 INFO [main] org.apache.catalina.startup.HostConfig.deployWAR Deployment of web application archive [E:\tools\java_tomcat\webapps\InP_Lab3.war] has finished in [441] ms
17-May-2022 09:51:15.692 INFO [main] org.apache.catalina.startup.HostConfig.deployWAR Deploying web application archive [E:\tools\java_tomcat\webapps\Lab4.war]
17-May-2022 09:51:15.721 INFO [main] org.apache.catalina.startup.HostConfig.deployWAR Deployment of web application archive [E:\tools\java_tomcat\webapps\Lab4.war] has finished in [28] ms
17-May-2022 09:51:15.721 INFO [main] org.apache.catalina.startup.HostConfig.deployDirectory Установка веб приложения в папку [E:\tools\java_tomcat\webapps\ANaive]
17-May-2022 09:51:15.743 INFO [main] org.apache.catalina.startup.HostConfig.deployDirectory Deployment of web application directory [E:\tools\java_tomcat\webapps\ANaive] has finished in [22] ms
17-May-2022 09:51:15.743 INFO [main] org.apache.catalina.startup.HostConfig.deployDirectory Установка веб приложения в папку [E:\tools\java_tomcat\webapps\docs]
17-May-2022 09:51:15.758 INFO [main] org.apache.catalina.startup.HostConfig.deployDirectory Deployment of web application directory [E:\tools\java_tomcat\webapps\docs] has finished in [15] ms
17-May-2022 09:51:15.759 INFO [main] org.apache.catalina.startup.HostConfig.deployDirectory Установка веб приложения в папку [E:\tools\java_tomcat\webapps\Lab5]
17-May-2022 09:51:15.856 INFO [main] org.apache.jasper.servlet.TldScanner.scanJars At least one JAR was scanned for TLDs yet contained no TLDs. Enable debug logging for this logger for a complete list of JARs that were scanned but no TLDs were found in them. Skipping unneeded JARs during scanning can improve startup time and JSP compilation time.
17-May-2022 09:51:15.859 INFO [main] org.apache.catalina.startup.HostConfig.deployDirectory Deployment of web application directory [E:\tools\java_tomcat\webapps\Lab5] has finished in [100] ms
17-May-2022 09:51:15.860 INFO [main] org.apache.catalina.startup.HostConfig.deployDirectory Установка веб приложения в папку [E:\tools\java_tomcat\webapps\manager]
17-May-2022 09:51:15.898 INFO [main] org.apache.catalina.startup.HostConfig.deployDirectory Deployment of web application directory [E:\tools\java_tomcat\webapps\manager] has finished in [38] ms
17-May-2022 09:51:15.899 INFO [main] org.apache.catalina.startup.HostConfig.deployDirectory Установка веб приложения в папку [E:\tools\java_tomcat\webapps\ROOT]
17-May-2022 09:51:15.914 INFO [main] org.apache.catalina.startup.HostConfig.deployDirectory Deployment of web application directory [E:\tools\java_tomcat\webapps\ROOT] has finished in [15] ms
17-May-2022 09:51:15.916 INFO [main] org.apache.coyote.AbstractProtocol.start Starting ProtocolHandler ["http-nio-8080"]
17-May-2022 09:51:15.954 INFO [main] org.apache.catalina.startup.Catalina.start Server startup in [760] milliseconds
17-May-2022 10:50:24.796 INFO [Thread-3] org.apache.coyote.AbstractProtocol.pause Pausing ProtocolHandler ["http-nio-8080"]
17-May-2022 10:50:24.816 INFO [Thread-3] org.apache.catalina.core.StandardService.stopInternal Stopping service [Catalina]
17-May-2022 10:50:24.848 INFO [Thread-3] org.apache.coyote.AbstractProtocol.stop Stopping ProtocolHandler ["http-nio-8080"]
17-May-2022 10:50:24.868 INFO [Thread-3] org.apache.coyote.AbstractProtocol.destroy Destroying ProtocolHandler ["http-nio-8080"]
