05-Apr-2022 08:00:06.541 INFO [main] org.apache.catalina.startup.VersionLoggerListener.log Server version name:   Apache Tomcat/9.0.60
05-Apr-2022 08:00:06.547 INFO [main] org.apache.catalina.startup.VersionLoggerListener.log Server built:          Mar 9 2022 14:52:25 UTC
05-Apr-2022 08:00:06.547 INFO [main] org.apache.catalina.startup.VersionLoggerListener.log Server version number: 9.0.60.0
05-Apr-2022 08:00:06.547 INFO [main] org.apache.catalina.startup.VersionLoggerListener.log OS Name:               Windows 10
05-Apr-2022 08:00:06.547 INFO [main] org.apache.catalina.startup.VersionLoggerListener.log Версия ОС:             10.0
05-Apr-2022 08:00:06.548 INFO [main] org.apache.catalina.startup.VersionLoggerListener.log Архитектура:           amd64
05-Apr-2022 08:00:06.548 INFO [main] org.apache.catalina.startup.VersionLoggerListener.log Java Home:             C:\Program Files\Java\jdk-17.0.2
05-Apr-2022 08:00:06.549 INFO [main] org.apache.catalina.startup.VersionLoggerListener.log Версия JVM:            17.0.2+8-LTS-86
05-Apr-2022 08:00:06.549 INFO [main] org.apache.catalina.startup.VersionLoggerListener.log JVM Vendor:            Oracle Corporation
05-Apr-2022 08:00:06.549 INFO [main] org.apache.catalina.startup.VersionLoggerListener.log CATALINA_BASE:         E:\tools\java_tomcat
05-Apr-2022 08:00:06.549 INFO [main] org.apache.catalina.startup.VersionLoggerListener.log CATALINA_HOME:         E:\tools\java_tomcat
05-Apr-2022 08:00:06.606 INFO [main] org.apache.catalina.startup.VersionLoggerListener.log Command line argument: -Dcatalina.home=E:\tools\java_tomcat
05-Apr-2022 08:00:06.606 INFO [main] org.apache.catalina.startup.VersionLoggerListener.log Command line argument: -Dcatalina.base=E:\tools\java_tomcat
05-Apr-2022 08:00:06.606 INFO [main] org.apache.catalina.startup.VersionLoggerListener.log Command line argument: -Djava.io.tmpdir=E:\tools\java_tomcat\temp
05-Apr-2022 08:00:06.607 INFO [main] org.apache.catalina.startup.VersionLoggerListener.log Command line argument: -Djava.util.logging.manager=org.apache.juli.ClassLoaderLogManager
05-Apr-2022 08:00:06.607 INFO [main] org.apache.catalina.startup.VersionLoggerListener.log Command line argument: -Djava.util.logging.config.file=E:\tools\java_tomcat\conf\logging.properties
05-Apr-2022 08:00:06.607 INFO [main] org.apache.catalina.startup.VersionLoggerListener.log Command line argument: --add-opens=java.base/java.lang=ALL-UNNAMED
05-Apr-2022 08:00:06.607 INFO [main] org.apache.catalina.startup.VersionLoggerListener.log Command line argument: --add-opens=java.base/java.io=ALL-UNNAMED
05-Apr-2022 08:00:06.607 INFO [main] org.apache.catalina.startup.VersionLoggerListener.log Command line argument: --add-opens=java.rmi/sun.rmi.transport=ALL-UNNAMED
05-Apr-2022 08:00:06.607 INFO [main] org.apache.catalina.startup.VersionLoggerListener.log Command line argument: exit
05-Apr-2022 08:00:06.607 INFO [main] org.apache.catalina.startup.VersionLoggerListener.log Command line argument: abort
05-Apr-2022 08:00:06.607 INFO [main] org.apache.catalina.startup.VersionLoggerListener.log Command line argument: -Xms128m
05-Apr-2022 08:00:06.607 INFO [main] org.apache.catalina.startup.VersionLoggerListener.log Command line argument: -Xmx256m
05-Apr-2022 08:00:06.617 INFO [main] org.apache.catalina.core.AprLifecycleListener.lifecycleEvent The Apache Tomcat Native library which allows using OpenSSL was not found on the java.library.path: [E:\tools\java_tomcat\bin;C:\WINDOWS\Sun\Java\bin;C:\WINDOWS\system32;C:\WINDOWS;C:\Program Files\Java\jdk-17.0.2\bin;C:\Program Files\Common Files\Oracle\Java\javapath;C:\ProgramData\Oracle\Java\javapath;C:\Windows\system32;C:\Windows;C:\Windows\System32\Wbem;C:\Windows\System32\WindowsPowerShell\v1.0\;C:\Windows\System32\OpenSSH\;C:\Program Files (x86)\NVIDIA Corporation\PhysX\Common;E:\tools\tera-scr\к тере\Git\cmd;C:\Program Files\NVIDIA Corporation\NVIDIA NvDLISR;C:\Program Files\dotnet\;C:\WINDOWS\system32;C:\WINDOWS;C:\WINDOWS\System32\Wbem;C:\WINDOWS\System32\WindowsPowerShell\v1.0\;C:\WINDOWS\System32\OpenSSH\;C:\Program Files\Azure Data Studio\bin;C:\Program Files\Microsoft SQL Server\Client SDK\ODBC\170\Tools\Binn\;C:\Program Files (x86)\Microsoft SQL Server\150\Tools\Binn\;C:\Program Files\Microsoft SQL Server\150\Tools\Binn\;C:\Program Files\Microsoft SQL Server\150\DTS\Binn\;C:\Program Files\Microsoft SQL Server\130\Tools\Binn\;E:\tools\flutter\bin\;E:\tools\java_ant\bin\;E:\tools\node\;E:\tools\flutter\bin;C:\WINDOWS\ServiceProfiles\LocalService\AppData\Local\Microsoft\WindowsApps;.]
05-Apr-2022 08:00:07.142 INFO [main] org.apache.coyote.AbstractProtocol.init Initializing ProtocolHandler ["http-nio-8080"]
05-Apr-2022 08:00:07.232 INFO [main] org.apache.catalina.startup.Catalina.load Server initialization in [1721] milliseconds
05-Apr-2022 08:00:07.440 INFO [main] org.apache.catalina.core.StandardService.startInternal Starting service [Catalina]
05-Apr-2022 08:00:07.440 INFO [main] org.apache.catalina.core.StandardEngine.startInternal Starting Servlet engine: [Apache Tomcat/9.0.60]
05-Apr-2022 08:00:07.767 INFO [main] org.apache.catalina.startup.HostConfig.deployWAR Deploying web application archive [E:\tools\java_tomcat\webapps\InP_Lab3.war]
05-Apr-2022 08:00:10.659 INFO [main] org.apache.jasper.servlet.TldScanner.scanJars At least one JAR was scanned for TLDs yet contained no TLDs. Enable debug logging for this logger for a complete list of JARs that were scanned but no TLDs were found in them. Skipping unneeded JARs during scanning can improve startup time and JSP compilation time.
05-Apr-2022 08:00:10.969 INFO [main] org.apache.catalina.startup.HostConfig.deployWAR Deployment of web application archive [E:\tools\java_tomcat\webapps\InP_Lab3.war] has finished in [3 198] ms
05-Apr-2022 08:00:10.970 INFO [main] org.apache.catalina.startup.HostConfig.deployDirectory Установка веб приложения в папку [E:\tools\java_tomcat\webapps\ANaive]
05-Apr-2022 08:00:11.391 INFO [main] org.apache.catalina.startup.HostConfig.deployDirectory Deployment of web application directory [E:\tools\java_tomcat\webapps\ANaive] has finished in [420] ms
05-Apr-2022 08:00:11.421 INFO [main] org.apache.catalina.startup.HostConfig.deployDirectory Установка веб приложения в папку [E:\tools\java_tomcat\webapps\docs]
05-Apr-2022 08:00:11.496 INFO [main] org.apache.catalina.startup.HostConfig.deployDirectory Deployment of web application directory [E:\tools\java_tomcat\webapps\docs] has finished in [75] ms
05-Apr-2022 08:00:11.523 INFO [main] org.apache.catalina.startup.HostConfig.deployDirectory Установка веб приложения в папку [E:\tools\java_tomcat\webapps\manager]
05-Apr-2022 08:00:11.701 INFO [main] org.apache.catalina.startup.HostConfig.deployDirectory Deployment of web application directory [E:\tools\java_tomcat\webapps\manager] has finished in [177] ms
05-Apr-2022 08:00:11.701 INFO [main] org.apache.catalina.startup.HostConfig.deployDirectory Установка веб приложения в папку [E:\tools\java_tomcat\webapps\ROOT]
05-Apr-2022 08:00:11.865 INFO [main] org.apache.catalina.startup.HostConfig.deployDirectory Deployment of web application directory [E:\tools\java_tomcat\webapps\ROOT] has finished in [163] ms
05-Apr-2022 08:00:11.867 INFO [main] org.apache.coyote.AbstractProtocol.start Starting ProtocolHandler ["http-nio-8080"]
05-Apr-2022 08:00:11.915 INFO [main] org.apache.catalina.startup.Catalina.start Server startup in [4682] milliseconds
05-Apr-2022 08:10:12.115 INFO [Catalina-utility-1] org.apache.catalina.startup.HostConfig.undeploy Undeploying context [/InP_Lab3]
05-Apr-2022 08:10:12.150 INFO [Catalina-utility-1] org.apache.catalina.startup.HostConfig.deployWAR Deploying web application archive [E:\tools\java_tomcat\webapps\InP_Lab3.war]
05-Apr-2022 08:10:12.531 INFO [Catalina-utility-1] org.apache.jasper.servlet.TldScanner.scanJars At least one JAR was scanned for TLDs yet contained no TLDs. Enable debug logging for this logger for a complete list of JARs that were scanned but no TLDs were found in them. Skipping unneeded JARs during scanning can improve startup time and JSP compilation time.
05-Apr-2022 08:10:12.534 INFO [Catalina-utility-1] org.apache.catalina.startup.HostConfig.deployWAR Deployment of web application archive [E:\tools\java_tomcat\webapps\InP_Lab3.war] has finished in [384] ms
05-Apr-2022 08:10:38.049 INFO [http-nio-8080-exec-5] org.apache.commons.httpclient.HttpMethodDirector.executeWithRetry I/O exception (java.net.ConnectException) caught when processing request: Connection timed out: connect
05-Apr-2022 08:10:38.049 INFO [http-nio-8080-exec-5] org.apache.commons.httpclient.HttpMethodDirector.executeWithRetry Retrying request
05-Apr-2022 08:10:59.053 INFO [http-nio-8080-exec-5] org.apache.commons.httpclient.HttpMethodDirector.executeWithRetry I/O exception (java.net.ConnectException) caught when processing request: Connection timed out: connect
05-Apr-2022 08:10:59.053 INFO [http-nio-8080-exec-5] org.apache.commons.httpclient.HttpMethodDirector.executeWithRetry Retrying request
05-Apr-2022 08:11:20.065 INFO [http-nio-8080-exec-5] org.apache.commons.httpclient.HttpMethodDirector.executeWithRetry I/O exception (java.net.ConnectException) caught when processing request: Connection timed out: connect
05-Apr-2022 08:11:20.065 INFO [http-nio-8080-exec-5] org.apache.commons.httpclient.HttpMethodDirector.executeWithRetry Retrying request
05-Apr-2022 08:12:09.122 INFO [http-nio-8080-exec-3] org.apache.commons.httpclient.HttpMethodDirector.executeWithRetry I/O exception (java.net.ConnectException) caught when processing request: Connection timed out: connect
05-Apr-2022 08:12:09.122 INFO [http-nio-8080-exec-3] org.apache.commons.httpclient.HttpMethodDirector.executeWithRetry Retrying request
05-Apr-2022 08:12:30.126 INFO [http-nio-8080-exec-3] org.apache.commons.httpclient.HttpMethodDirector.executeWithRetry I/O exception (java.net.ConnectException) caught when processing request: Connection timed out: connect
05-Apr-2022 08:12:30.126 INFO [http-nio-8080-exec-3] org.apache.commons.httpclient.HttpMethodDirector.executeWithRetry Retrying request
05-Apr-2022 08:12:51.135 INFO [http-nio-8080-exec-3] org.apache.commons.httpclient.HttpMethodDirector.executeWithRetry I/O exception (java.net.ConnectException) caught when processing request: Connection timed out: connect
05-Apr-2022 08:12:51.135 INFO [http-nio-8080-exec-3] org.apache.commons.httpclient.HttpMethodDirector.executeWithRetry Retrying request
05-Apr-2022 08:13:13.855 INFO [http-nio-8080-exec-12] org.apache.commons.httpclient.HttpMethodDirector.executeWithRetry I/O exception (java.net.ConnectException) caught when processing request: Connection timed out: connect
05-Apr-2022 08:13:13.855 INFO [http-nio-8080-exec-12] org.apache.commons.httpclient.HttpMethodDirector.executeWithRetry Retrying request
05-Apr-2022 08:13:34.872 INFO [http-nio-8080-exec-12] org.apache.commons.httpclient.HttpMethodDirector.executeWithRetry I/O exception (java.net.ConnectException) caught when processing request: Connection timed out: connect
05-Apr-2022 08:13:34.873 INFO [http-nio-8080-exec-12] org.apache.commons.httpclient.HttpMethodDirector.executeWithRetry Retrying request
05-Apr-2022 08:13:49.431 INFO [http-nio-8080-exec-11] org.apache.commons.httpclient.HttpMethodDirector.executeWithRetry I/O exception (java.net.ConnectException) caught when processing request: Connection timed out: connect
05-Apr-2022 08:13:49.432 INFO [http-nio-8080-exec-11] org.apache.commons.httpclient.HttpMethodDirector.executeWithRetry Retrying request
05-Apr-2022 08:13:55.876 INFO [http-nio-8080-exec-12] org.apache.commons.httpclient.HttpMethodDirector.executeWithRetry I/O exception (java.net.ConnectException) caught when processing request: Connection timed out: connect
05-Apr-2022 08:13:55.876 INFO [http-nio-8080-exec-12] org.apache.commons.httpclient.HttpMethodDirector.executeWithRetry Retrying request
05-Apr-2022 08:14:10.439 INFO [http-nio-8080-exec-11] org.apache.commons.httpclient.HttpMethodDirector.executeWithRetry I/O exception (java.net.ConnectException) caught when processing request: Connection timed out: connect
05-Apr-2022 08:14:10.439 INFO [http-nio-8080-exec-11] org.apache.commons.httpclient.HttpMethodDirector.executeWithRetry Retrying request
05-Apr-2022 08:14:31.444 INFO [http-nio-8080-exec-11] org.apache.commons.httpclient.HttpMethodDirector.executeWithRetry I/O exception (java.net.ConnectException) caught when processing request: Connection timed out: connect
05-Apr-2022 08:14:31.444 INFO [http-nio-8080-exec-11] org.apache.commons.httpclient.HttpMethodDirector.executeWithRetry Retrying request
05-Apr-2022 08:23:35.255 INFO [http-nio-8080-exec-18] org.apache.commons.httpclient.HttpMethodDirector.executeWithRetry I/O exception (java.net.ConnectException) caught when processing request: Connection timed out: connect
05-Apr-2022 08:23:35.255 INFO [http-nio-8080-exec-18] org.apache.commons.httpclient.HttpMethodDirector.executeWithRetry Retrying request
05-Apr-2022 08:23:56.258 INFO [http-nio-8080-exec-18] org.apache.commons.httpclient.HttpMethodDirector.executeWithRetry I/O exception (java.net.ConnectException) caught when processing request: Connection timed out: connect
05-Apr-2022 08:23:56.258 INFO [http-nio-8080-exec-18] org.apache.commons.httpclient.HttpMethodDirector.executeWithRetry Retrying request
05-Apr-2022 08:24:17.266 INFO [http-nio-8080-exec-18] org.apache.commons.httpclient.HttpMethodDirector.executeWithRetry I/O exception (java.net.ConnectException) caught when processing request: Connection timed out: connect
05-Apr-2022 08:24:17.267 INFO [http-nio-8080-exec-18] org.apache.commons.httpclient.HttpMethodDirector.executeWithRetry Retrying request
05-Apr-2022 08:24:57.998 INFO [http-nio-8080-exec-14] org.apache.commons.httpclient.HttpMethodDirector.executeWithRetry I/O exception (java.net.ConnectException) caught when processing request: Connection timed out: connect
05-Apr-2022 08:24:57.998 INFO [http-nio-8080-exec-14] org.apache.commons.httpclient.HttpMethodDirector.executeWithRetry Retrying request
05-Apr-2022 08:25:01.819 INFO [Thread-3] org.apache.coyote.AbstractProtocol.pause Pausing ProtocolHandler ["http-nio-8080"]
05-Apr-2022 08:25:01.830 INFO [Thread-3] org.apache.catalina.core.StandardService.stopInternal Stopping service [Catalina]
05-Apr-2022 08:25:01.841 INFO [Thread-3] org.apache.catalina.core.StandardWrapper.unload Ожидание для [2] экземпляра(ов) которые нужно освободить для сервлета [Sss]
05-Apr-2022 08:25:02.850 INFO [Thread-3] org.apache.catalina.core.StandardWrapper.unload Ожидание для [2] экземпляра(ов) которые нужно освободить для сервлета [Sss]
05-Apr-2022 08:25:03.855 INFO [Thread-3] org.apache.catalina.core.StandardWrapper.unload Ожидание для [2] экземпляра(ов) которые нужно освободить для сервлета [Sss]
05-Apr-2022 08:25:03.959 WARNING [Thread-3] org.apache.catalina.loader.WebappClassLoaderBase.clearReferencesThreads The web application [InP_Lab3] is still processing a request that has yet to finish. This is very likely to create a memory leak. You can control the time allowed for requests to finish by using the unloadDelay attribute of the standard Context implementation. Stack trace of request processing thread:[
 java.base@17.0.2/sun.nio.ch.Net.connect0(Native Method)
 java.base@17.0.2/sun.nio.ch.Net.connect(Net.java:579)
 java.base@17.0.2/sun.nio.ch.Net.connect(Net.java:568)
 java.base@17.0.2/sun.nio.ch.NioSocketImpl.connect(NioSocketImpl.java:588)
 java.base@17.0.2/java.net.SocksSocketImpl.connect(SocksSocketImpl.java:327)
 java.base@17.0.2/java.net.Socket.connect(Socket.java:633)
 java.base@17.0.2/java.net.Socket.connect(Socket.java:583)
 java.base@17.0.2/java.net.Socket.<init>(Socket.java:507)
 java.base@17.0.2/java.net.Socket.<init>(Socket.java:361)
 org.apache.commons.httpclient.protocol.DefaultProtocolSocketFactory.createSocket(DefaultProtocolSocketFactory.java:80)
 org.apache.commons.httpclient.protocol.DefaultProtocolSocketFactory.createSocket(DefaultProtocolSocketFactory.java:122)
 org.apache.commons.httpclient.HttpConnection.open(HttpConnection.java:707)
 org.apache.commons.httpclient.HttpMethodDirector.executeWithRetry(HttpMethodDirector.java:387)
 org.apache.commons.httpclient.HttpMethodDirector.executeMethod(HttpMethodDirector.java:171)
 org.apache.commons.httpclient.HttpClient.executeMethod(HttpClient.java:397)
 org.apache.commons.httpclient.HttpClient.executeMethod(HttpClient.java:323)
 Sss.service(Sss.java:107)
 javax.servlet.http.HttpServlet.service(HttpServlet.java:764)
 org.apache.catalina.core.ApplicationFilterChain.internalDoFilter(ApplicationFilterChain.java:227)
 org.apache.catalina.core.ApplicationFilterChain.doFilter(ApplicationFilterChain.java:162)
 org.apache.tomcat.websocket.server.WsFilter.doFilter(WsFilter.java:53)
 org.apache.catalina.core.ApplicationFilterChain.internalDoFilter(ApplicationFilterChain.java:189)
 org.apache.catalina.core.ApplicationFilterChain.doFilter(ApplicationFilterChain.java:162)
 org.apache.catalina.core.StandardWrapperValve.invoke(StandardWrapperValve.java:197)
 org.apache.catalina.core.StandardContextValve.invoke(StandardContextValve.java:97)
 org.apache.catalina.authenticator.AuthenticatorBase.invoke(AuthenticatorBase.java:541)
 org.apache.catalina.core.StandardHostValve.invoke(StandardHostValve.java:135)
 org.apache.catalina.valves.ErrorReportValve.invoke(ErrorReportValve.java:92)
 org.apache.catalina.valves.AbstractAccessLogValve.invoke(AbstractAccessLogValve.java:687)
 org.apache.catalina.core.StandardEngineValve.invoke(StandardEngineValve.java:78)
 org.apache.catalina.connector.CoyoteAdapter.service(CoyoteAdapter.java:360)
 org.apache.coyote.http11.Http11Processor.service(Http11Processor.java:399)
 org.apache.coyote.AbstractProcessorLight.process(AbstractProcessorLight.java:65)
 org.apache.coyote.AbstractProtocol$ConnectionHandler.process(AbstractProtocol.java:889)
 org.apache.tomcat.util.net.NioEndpoint$SocketProcessor.doRun(NioEndpoint.java:1743)
 org.apache.tomcat.util.net.SocketProcessorBase.run(SocketProcessorBase.java:49)
 org.apache.tomcat.util.threads.ThreadPoolExecutor.runWorker(ThreadPoolExecutor.java:1191)
 org.apache.tomcat.util.threads.ThreadPoolExecutor$Worker.run(ThreadPoolExecutor.java:659)
 org.apache.tomcat.util.threads.TaskThread$WrappingRunnable.run(TaskThread.java:61)
 java.base@17.0.2/java.lang.Thread.run(Thread.java:833)]
05-Apr-2022 08:25:03.960 WARNING [Thread-3] org.apache.catalina.loader.WebappClassLoaderBase.clearReferencesThreads The web application [InP_Lab3] is still processing a request that has yet to finish. This is very likely to create a memory leak. You can control the time allowed for requests to finish by using the unloadDelay attribute of the standard Context implementation. Stack trace of request processing thread:[
 java.base@17.0.2/sun.nio.ch.Net.connect0(Native Method)
 java.base@17.0.2/sun.nio.ch.Net.connect(Net.java:579)
 java.base@17.0.2/sun.nio.ch.Net.connect(Net.java:568)
 java.base@17.0.2/sun.nio.ch.NioSocketImpl.connect(NioSocketImpl.java:588)
 java.base@17.0.2/java.net.SocksSocketImpl.connect(SocksSocketImpl.java:327)
 java.base@17.0.2/java.net.Socket.connect(Socket.java:633)
 java.base@17.0.2/java.net.Socket.connect(Socket.java:583)
 java.base@17.0.2/java.net.Socket.<init>(Socket.java:507)
 java.base@17.0.2/java.net.Socket.<init>(Socket.java:361)
 org.apache.commons.httpclient.protocol.DefaultProtocolSocketFactory.createSocket(DefaultProtocolSocketFactory.java:80)
 org.apache.commons.httpclient.protocol.DefaultProtocolSocketFactory.createSocket(DefaultProtocolSocketFactory.java:122)
 org.apache.commons.httpclient.HttpConnection.open(HttpConnection.java:707)
 org.apache.commons.httpclient.HttpMethodDirector.executeWithRetry(HttpMethodDirector.java:387)
 org.apache.commons.httpclient.HttpMethodDirector.executeMethod(HttpMethodDirector.java:171)
 org.apache.commons.httpclient.HttpClient.executeMethod(HttpClient.java:397)
 org.apache.commons.httpclient.HttpClient.executeMethod(HttpClient.java:323)
 Sss.service(Sss.java:107)
 javax.servlet.http.HttpServlet.service(HttpServlet.java:764)
 org.apache.catalina.core.ApplicationFilterChain.internalDoFilter(ApplicationFilterChain.java:227)
 org.apache.catalina.core.ApplicationFilterChain.doFilter(ApplicationFilterChain.java:162)
 org.apache.tomcat.websocket.server.WsFilter.doFilter(WsFilter.java:53)
 org.apache.catalina.core.ApplicationFilterChain.internalDoFilter(ApplicationFilterChain.java:189)
 org.apache.catalina.core.ApplicationFilterChain.doFilter(ApplicationFilterChain.java:162)
 org.apache.catalina.core.StandardWrapperValve.invoke(StandardWrapperValve.java:197)
 org.apache.catalina.core.StandardContextValve.invoke(StandardContextValve.java:97)
 org.apache.catalina.authenticator.AuthenticatorBase.invoke(AuthenticatorBase.java:541)
 org.apache.catalina.core.StandardHostValve.invoke(StandardHostValve.java:135)
 org.apache.catalina.valves.ErrorReportValve.invoke(ErrorReportValve.java:92)
 org.apache.catalina.valves.AbstractAccessLogValve.invoke(AbstractAccessLogValve.java:687)
 org.apache.catalina.core.StandardEngineValve.invoke(StandardEngineValve.java:78)
 org.apache.catalina.connector.CoyoteAdapter.service(CoyoteAdapter.java:360)
 org.apache.coyote.http11.Http11Processor.service(Http11Processor.java:399)
 org.apache.coyote.AbstractProcessorLight.process(AbstractProcessorLight.java:65)
 org.apache.coyote.AbstractProtocol$ConnectionHandler.process(AbstractProtocol.java:889)
 org.apache.tomcat.util.net.NioEndpoint$SocketProcessor.doRun(NioEndpoint.java:1743)
 org.apache.tomcat.util.net.SocketProcessorBase.run(SocketProcessorBase.java:49)
 org.apache.tomcat.util.threads.ThreadPoolExecutor.runWorker(ThreadPoolExecutor.java:1191)
 org.apache.tomcat.util.threads.ThreadPoolExecutor$Worker.run(ThreadPoolExecutor.java:659)
 org.apache.tomcat.util.threads.TaskThread$WrappingRunnable.run(TaskThread.java:61)
 java.base@17.0.2/java.lang.Thread.run(Thread.java:833)]
05-Apr-2022 08:25:03.960 INFO [Thread-3] org.apache.coyote.AbstractProtocol.stop Stopping ProtocolHandler ["http-nio-8080"]
05-Apr-2022 08:25:08.969 WARNING [Thread-3] org.apache.tomcat.util.net.AbstractEndpoint.shutdownExecutor The executor associated with thread pool [http-nio-8080] has not fully shutdown. Some application threads may still be running.
05-Apr-2022 08:25:08.971 INFO [Thread-3] org.apache.coyote.AbstractProtocol.destroy Destroying ProtocolHandler ["http-nio-8080"]
05-Apr-2022 08:25:13.861 INFO [main] org.apache.catalina.startup.VersionLoggerListener.log Server version name:   Apache Tomcat/9.0.60
05-Apr-2022 08:25:13.864 INFO [main] org.apache.catalina.startup.VersionLoggerListener.log Server built:          Mar 9 2022 14:52:25 UTC
05-Apr-2022 08:25:13.864 INFO [main] org.apache.catalina.startup.VersionLoggerListener.log Server version number: 9.0.60.0
05-Apr-2022 08:25:13.864 INFO [main] org.apache.catalina.startup.VersionLoggerListener.log OS Name:               Windows 10
05-Apr-2022 08:25:13.865 INFO [main] org.apache.catalina.startup.VersionLoggerListener.log Версия ОС:             10.0
05-Apr-2022 08:25:13.865 INFO [main] org.apache.catalina.startup.VersionLoggerListener.log Архитектура:           amd64
05-Apr-2022 08:25:13.865 INFO [main] org.apache.catalina.startup.VersionLoggerListener.log Java Home:             C:\Program Files\Java\jdk-17.0.2
05-Apr-2022 08:25:13.865 INFO [main] org.apache.catalina.startup.VersionLoggerListener.log Версия JVM:            17.0.2+8-LTS-86
05-Apr-2022 08:25:13.865 INFO [main] org.apache.catalina.startup.VersionLoggerListener.log JVM Vendor:            Oracle Corporation
05-Apr-2022 08:25:13.865 INFO [main] org.apache.catalina.startup.VersionLoggerListener.log CATALINA_BASE:         E:\tools\java_tomcat
05-Apr-2022 08:25:13.865 INFO [main] org.apache.catalina.startup.VersionLoggerListener.log CATALINA_HOME:         E:\tools\java_tomcat
05-Apr-2022 08:25:13.899 INFO [main] org.apache.catalina.startup.VersionLoggerListener.log Command line argument: -Dcatalina.home=E:\tools\java_tomcat
05-Apr-2022 08:25:13.899 INFO [main] org.apache.catalina.startup.VersionLoggerListener.log Command line argument: -Dcatalina.base=E:\tools\java_tomcat
05-Apr-2022 08:25:13.899 INFO [main] org.apache.catalina.startup.VersionLoggerListener.log Command line argument: -Djava.io.tmpdir=E:\tools\java_tomcat\temp
05-Apr-2022 08:25:13.900 INFO [main] org.apache.catalina.startup.VersionLoggerListener.log Command line argument: -Djava.util.logging.manager=org.apache.juli.ClassLoaderLogManager
05-Apr-2022 08:25:13.900 INFO [main] org.apache.catalina.startup.VersionLoggerListener.log Command line argument: -Djava.util.logging.config.file=E:\tools\java_tomcat\conf\logging.properties
05-Apr-2022 08:25:13.900 INFO [main] org.apache.catalina.startup.VersionLoggerListener.log Command line argument: --add-opens=java.base/java.lang=ALL-UNNAMED
05-Apr-2022 08:25:13.900 INFO [main] org.apache.catalina.startup.VersionLoggerListener.log Command line argument: --add-opens=java.base/java.io=ALL-UNNAMED
05-Apr-2022 08:25:13.900 INFO [main] org.apache.catalina.startup.VersionLoggerListener.log Command line argument: --add-opens=java.rmi/sun.rmi.transport=ALL-UNNAMED
05-Apr-2022 08:25:13.900 INFO [main] org.apache.catalina.startup.VersionLoggerListener.log Command line argument: exit
05-Apr-2022 08:25:13.900 INFO [main] org.apache.catalina.startup.VersionLoggerListener.log Command line argument: abort
05-Apr-2022 08:25:13.900 INFO [main] org.apache.catalina.startup.VersionLoggerListener.log Command line argument: -Xms128m
05-Apr-2022 08:25:13.900 INFO [main] org.apache.catalina.startup.VersionLoggerListener.log Command line argument: -Xmx256m
05-Apr-2022 08:25:13.906 INFO [main] org.apache.catalina.core.AprLifecycleListener.lifecycleEvent The Apache Tomcat Native library which allows using OpenSSL was not found on the java.library.path: [E:\tools\java_tomcat\bin;C:\WINDOWS\Sun\Java\bin;C:\WINDOWS\system32;C:\WINDOWS;C:\Program Files\Java\jdk-17.0.2\bin;C:\Program Files\Common Files\Oracle\Java\javapath;C:\ProgramData\Oracle\Java\javapath;C:\Windows\system32;C:\Windows;C:\Windows\System32\Wbem;C:\Windows\System32\WindowsPowerShell\v1.0\;C:\Windows\System32\OpenSSH\;C:\Program Files (x86)\NVIDIA Corporation\PhysX\Common;E:\tools\tera-scr\к тере\Git\cmd;C:\Program Files\NVIDIA Corporation\NVIDIA NvDLISR;C:\Program Files\dotnet\;C:\WINDOWS\system32;C:\WINDOWS;C:\WINDOWS\System32\Wbem;C:\WINDOWS\System32\WindowsPowerShell\v1.0\;C:\WINDOWS\System32\OpenSSH\;C:\Program Files\Azure Data Studio\bin;C:\Program Files\Microsoft SQL Server\Client SDK\ODBC\170\Tools\Binn\;C:\Program Files (x86)\Microsoft SQL Server\150\Tools\Binn\;C:\Program Files\Microsoft SQL Server\150\Tools\Binn\;C:\Program Files\Microsoft SQL Server\150\DTS\Binn\;C:\Program Files\Microsoft SQL Server\130\Tools\Binn\;E:\tools\flutter\bin\;E:\tools\java_ant\bin\;E:\tools\node\;E:\tools\flutter\bin;C:\WINDOWS\ServiceProfiles\LocalService\AppData\Local\Microsoft\WindowsApps;.]
05-Apr-2022 08:25:14.128 INFO [main] org.apache.coyote.AbstractProtocol.init Initializing ProtocolHandler ["http-nio-8080"]
05-Apr-2022 08:25:14.151 INFO [main] org.apache.catalina.startup.Catalina.load Server initialization in [471] milliseconds
05-Apr-2022 08:25:14.189 INFO [main] org.apache.catalina.core.StandardService.startInternal Starting service [Catalina]
05-Apr-2022 08:25:14.189 INFO [main] org.apache.catalina.core.StandardEngine.startInternal Starting Servlet engine: [Apache Tomcat/9.0.60]
05-Apr-2022 08:25:14.204 INFO [main] org.apache.catalina.startup.HostConfig.deployWAR Deploying web application archive [E:\tools\java_tomcat\webapps\InP_Lab3.war]
05-Apr-2022 08:25:15.421 INFO [main] org.apache.jasper.servlet.TldScanner.scanJars At least one JAR was scanned for TLDs yet contained no TLDs. Enable debug logging for this logger for a complete list of JARs that were scanned but no TLDs were found in them. Skipping unneeded JARs during scanning can improve startup time and JSP compilation time.
05-Apr-2022 08:25:15.484 INFO [main] org.apache.catalina.startup.HostConfig.deployWAR Deployment of web application archive [E:\tools\java_tomcat\webapps\InP_Lab3.war] has finished in [1 279] ms
05-Apr-2022 08:25:15.485 INFO [main] org.apache.catalina.startup.HostConfig.deployDirectory Установка веб приложения в папку [E:\tools\java_tomcat\webapps\ANaive]
05-Apr-2022 08:25:15.526 INFO [main] org.apache.catalina.startup.HostConfig.deployDirectory Deployment of web application directory [E:\tools\java_tomcat\webapps\ANaive] has finished in [40] ms
05-Apr-2022 08:25:15.526 INFO [main] org.apache.catalina.startup.HostConfig.deployDirectory Установка веб приложения в папку [E:\tools\java_tomcat\webapps\docs]
05-Apr-2022 08:25:15.548 INFO [main] org.apache.catalina.startup.HostConfig.deployDirectory Deployment of web application directory [E:\tools\java_tomcat\webapps\docs] has finished in [21] ms
05-Apr-2022 08:25:15.548 INFO [main] org.apache.catalina.startup.HostConfig.deployDirectory Установка веб приложения в папку [E:\tools\java_tomcat\webapps\manager]
05-Apr-2022 08:25:15.597 INFO [main] org.apache.catalina.startup.HostConfig.deployDirectory Deployment of web application directory [E:\tools\java_tomcat\webapps\manager] has finished in [49] ms
05-Apr-2022 08:25:15.597 INFO [main] org.apache.catalina.startup.HostConfig.deployDirectory Установка веб приложения в папку [E:\tools\java_tomcat\webapps\ROOT]
05-Apr-2022 08:25:15.629 INFO [main] org.apache.catalina.startup.HostConfig.deployDirectory Deployment of web application directory [E:\tools\java_tomcat\webapps\ROOT] has finished in [31] ms
05-Apr-2022 08:25:15.634 INFO [main] org.apache.coyote.AbstractProtocol.start Starting ProtocolHandler ["http-nio-8080"]
05-Apr-2022 08:25:15.680 INFO [main] org.apache.catalina.startup.Catalina.start Server startup in [1527] milliseconds
05-Apr-2022 08:26:16.225 INFO [http-nio-8080-exec-2] org.apache.commons.httpclient.HttpMethodDirector.executeWithRetry I/O exception (java.net.ConnectException) caught when processing request: Connection timed out: connect
05-Apr-2022 08:26:16.226 INFO [http-nio-8080-exec-2] org.apache.commons.httpclient.HttpMethodDirector.executeWithRetry Retrying request
05-Apr-2022 08:26:37.228 INFO [http-nio-8080-exec-2] org.apache.commons.httpclient.HttpMethodDirector.executeWithRetry I/O exception (java.net.ConnectException) caught when processing request: Connection timed out: connect
05-Apr-2022 08:26:37.228 INFO [http-nio-8080-exec-2] org.apache.commons.httpclient.HttpMethodDirector.executeWithRetry Retrying request
05-Apr-2022 08:26:58.241 INFO [http-nio-8080-exec-2] org.apache.commons.httpclient.HttpMethodDirector.executeWithRetry I/O exception (java.net.ConnectException) caught when processing request: Connection timed out: connect
05-Apr-2022 08:26:58.241 INFO [http-nio-8080-exec-2] org.apache.commons.httpclient.HttpMethodDirector.executeWithRetry Retrying request
05-Apr-2022 08:29:04.721 INFO [http-nio-8080-exec-3] org.apache.commons.httpclient.HttpMethodDirector.executeWithRetry I/O exception (java.net.ConnectException) caught when processing request: Connection timed out: connect
05-Apr-2022 08:29:04.721 INFO [http-nio-8080-exec-3] org.apache.commons.httpclient.HttpMethodDirector.executeWithRetry Retrying request
05-Apr-2022 08:29:25.724 INFO [http-nio-8080-exec-3] org.apache.commons.httpclient.HttpMethodDirector.executeWithRetry I/O exception (java.net.ConnectException) caught when processing request: Connection timed out: connect
05-Apr-2022 08:29:25.725 INFO [http-nio-8080-exec-3] org.apache.commons.httpclient.HttpMethodDirector.executeWithRetry Retrying request
05-Apr-2022 08:29:46.734 INFO [http-nio-8080-exec-3] org.apache.commons.httpclient.HttpMethodDirector.executeWithRetry I/O exception (java.net.ConnectException) caught when processing request: Connection timed out: connect
05-Apr-2022 08:29:46.735 INFO [http-nio-8080-exec-3] org.apache.commons.httpclient.HttpMethodDirector.executeWithRetry Retrying request
05-Apr-2022 08:37:35.879 INFO [Catalina-utility-1] org.apache.catalina.startup.HostConfig.undeploy Undeploying context [/InP_Lab3]
05-Apr-2022 08:37:35.880 INFO [Catalina-utility-1] org.apache.catalina.core.StandardWrapper.unload Ожидание для [1] экземпляра(ов) которые нужно освободить для сервлета [Sss]
05-Apr-2022 08:37:36.883 INFO [Catalina-utility-1] org.apache.catalina.core.StandardWrapper.unload Ожидание для [1] экземпляра(ов) которые нужно освободить для сервлета [Sss]
05-Apr-2022 08:37:37.889 INFO [Catalina-utility-1] org.apache.catalina.core.StandardWrapper.unload Ожидание для [1] экземпляра(ов) которые нужно освободить для сервлета [Sss]
05-Apr-2022 08:37:37.994 WARNING [Catalina-utility-1] org.apache.catalina.loader.WebappClassLoaderBase.clearReferencesThreads The web application [InP_Lab3] is still processing a request that has yet to finish. This is very likely to create a memory leak. You can control the time allowed for requests to finish by using the unloadDelay attribute of the standard Context implementation. Stack trace of request processing thread:[
 java.base@17.0.2/sun.nio.ch.Net.connect0(Native Method)
 java.base@17.0.2/sun.nio.ch.Net.connect(Net.java:579)
 java.base@17.0.2/sun.nio.ch.Net.connect(Net.java:568)
 java.base@17.0.2/sun.nio.ch.NioSocketImpl.connect(NioSocketImpl.java:588)
 java.base@17.0.2/java.net.SocksSocketImpl.connect(SocksSocketImpl.java:327)
 java.base@17.0.2/java.net.Socket.connect(Socket.java:633)
 java.base@17.0.2/java.net.Socket.connect(Socket.java:583)
 java.base@17.0.2/java.net.Socket.<init>(Socket.java:507)
 java.base@17.0.2/java.net.Socket.<init>(Socket.java:361)
 org.apache.commons.httpclient.protocol.DefaultProtocolSocketFactory.createSocket(DefaultProtocolSocketFactory.java:80)
 org.apache.commons.httpclient.protocol.DefaultProtocolSocketFactory.createSocket(DefaultProtocolSocketFactory.java:122)
 org.apache.commons.httpclient.HttpConnection.open(HttpConnection.java:707)
 org.apache.commons.httpclient.HttpMethodDirector.executeWithRetry(HttpMethodDirector.java:387)
 org.apache.commons.httpclient.HttpMethodDirector.executeMethod(HttpMethodDirector.java:171)
 org.apache.commons.httpclient.HttpClient.executeMethod(HttpClient.java:397)
 org.apache.commons.httpclient.HttpClient.executeMethod(HttpClient.java:323)
 Sss.service(Sss.java:107)
 javax.servlet.http.HttpServlet.service(HttpServlet.java:764)
 org.apache.catalina.core.ApplicationFilterChain.internalDoFilter(ApplicationFilterChain.java:227)
 org.apache.catalina.core.ApplicationFilterChain.doFilter(ApplicationFilterChain.java:162)
 org.apache.tomcat.websocket.server.WsFilter.doFilter(WsFilter.java:53)
 org.apache.catalina.core.ApplicationFilterChain.internalDoFilter(ApplicationFilterChain.java:189)
 org.apache.catalina.core.ApplicationFilterChain.doFilter(ApplicationFilterChain.java:162)
 org.apache.catalina.core.StandardWrapperValve.invoke(StandardWrapperValve.java:197)
 org.apache.catalina.core.StandardContextValve.invoke(StandardContextValve.java:97)
 org.apache.catalina.authenticator.AuthenticatorBase.invoke(AuthenticatorBase.java:541)
 org.apache.catalina.core.StandardHostValve.invoke(StandardHostValve.java:135)
 org.apache.catalina.valves.ErrorReportValve.invoke(ErrorReportValve.java:92)
 org.apache.catalina.valves.AbstractAccessLogValve.invoke(AbstractAccessLogValve.java:687)
 org.apache.catalina.core.StandardEngineValve.invoke(StandardEngineValve.java:78)
 org.apache.catalina.connector.CoyoteAdapter.service(CoyoteAdapter.java:360)
 org.apache.coyote.http11.Http11Processor.service(Http11Processor.java:399)
 org.apache.coyote.AbstractProcessorLight.process(AbstractProcessorLight.java:65)
 org.apache.coyote.AbstractProtocol$ConnectionHandler.process(AbstractProtocol.java:889)
 org.apache.tomcat.util.net.NioEndpoint$SocketProcessor.doRun(NioEndpoint.java:1743)
 org.apache.tomcat.util.net.SocketProcessorBase.run(SocketProcessorBase.java:49)
 org.apache.tomcat.util.threads.ThreadPoolExecutor.runWorker(ThreadPoolExecutor.java:1191)
 org.apache.tomcat.util.threads.ThreadPoolExecutor$Worker.run(ThreadPoolExecutor.java:659)
 org.apache.tomcat.util.threads.TaskThread$WrappingRunnable.run(TaskThread.java:61)
 java.base@17.0.2/java.lang.Thread.run(Thread.java:833)]
05-Apr-2022 08:37:38.013 INFO [Catalina-utility-1] org.apache.catalina.startup.HostConfig.deployWAR Deploying web application archive [E:\tools\java_tomcat\webapps\InP_Lab3.war]
05-Apr-2022 08:37:38.414 INFO [Catalina-utility-1] org.apache.jasper.servlet.TldScanner.scanJars At least one JAR was scanned for TLDs yet contained no TLDs. Enable debug logging for this logger for a complete list of JARs that were scanned but no TLDs were found in them. Skipping unneeded JARs during scanning can improve startup time and JSP compilation time.
05-Apr-2022 08:37:38.417 INFO [Catalina-utility-1] org.apache.catalina.startup.HostConfig.deployWAR Deployment of web application archive [E:\tools\java_tomcat\webapps\InP_Lab3.war] has finished in [404] ms
05-Apr-2022 08:39:58.464 INFO [Catalina-utility-2] org.apache.catalina.startup.HostConfig.undeploy Undeploying context [/InP_Lab3]
05-Apr-2022 08:39:58.464 INFO [Catalina-utility-2] org.apache.catalina.core.StandardWrapper.unload Ожидание для [1] экземпляра(ов) которые нужно освободить для сервлета [Sss]
05-Apr-2022 08:39:59.469 INFO [Catalina-utility-2] org.apache.catalina.core.StandardWrapper.unload Ожидание для [1] экземпляра(ов) которые нужно освободить для сервлета [Sss]
05-Apr-2022 08:40:00.475 INFO [Catalina-utility-2] org.apache.catalina.core.StandardWrapper.unload Ожидание для [1] экземпляра(ов) которые нужно освободить для сервлета [Sss]
05-Apr-2022 08:40:00.578 WARNING [Catalina-utility-2] org.apache.catalina.loader.WebappClassLoaderBase.clearReferencesThreads The web application [InP_Lab3] is still processing a request that has yet to finish. This is very likely to create a memory leak. You can control the time allowed for requests to finish by using the unloadDelay attribute of the standard Context implementation. Stack trace of request processing thread:[
 java.base@17.0.2/sun.nio.ch.Net.connect0(Native Method)
 java.base@17.0.2/sun.nio.ch.Net.connect(Net.java:579)
 java.base@17.0.2/sun.nio.ch.Net.connect(Net.java:568)
 java.base@17.0.2/sun.nio.ch.NioSocketImpl.connect(NioSocketImpl.java:588)
 java.base@17.0.2/java.net.SocksSocketImpl.connect(SocksSocketImpl.java:327)
 java.base@17.0.2/java.net.Socket.connect(Socket.java:633)
 java.base@17.0.2/java.net.Socket.connect(Socket.java:583)
 java.base@17.0.2/java.net.Socket.<init>(Socket.java:507)
 java.base@17.0.2/java.net.Socket.<init>(Socket.java:361)
 org.apache.commons.httpclient.protocol.DefaultProtocolSocketFactory.createSocket(DefaultProtocolSocketFactory.java:80)
 org.apache.commons.httpclient.protocol.DefaultProtocolSocketFactory.createSocket(DefaultProtocolSocketFactory.java:122)
 org.apache.commons.httpclient.HttpConnection.open(HttpConnection.java:707)
 org.apache.commons.httpclient.HttpMethodDirector.executeWithRetry(HttpMethodDirector.java:387)
 org.apache.commons.httpclient.HttpMethodDirector.executeMethod(HttpMethodDirector.java:171)
 org.apache.commons.httpclient.HttpClient.executeMethod(HttpClient.java:397)
 org.apache.commons.httpclient.HttpClient.executeMethod(HttpClient.java:323)
 Sss.service(Sss.java:107)
 javax.servlet.http.HttpServlet.service(HttpServlet.java:764)
 org.apache.catalina.core.ApplicationFilterChain.internalDoFilter(ApplicationFilterChain.java:227)
 org.apache.catalina.core.ApplicationFilterChain.doFilter(ApplicationFilterChain.java:162)
 org.apache.tomcat.websocket.server.WsFilter.doFilter(WsFilter.java:53)
 org.apache.catalina.core.ApplicationFilterChain.internalDoFilter(ApplicationFilterChain.java:189)
 org.apache.catalina.core.ApplicationFilterChain.doFilter(ApplicationFilterChain.java:162)
 org.apache.catalina.core.StandardWrapperValve.invoke(StandardWrapperValve.java:197)
 org.apache.catalina.core.StandardContextValve.invoke(StandardContextValve.java:97)
 org.apache.catalina.authenticator.AuthenticatorBase.invoke(AuthenticatorBase.java:541)
 org.apache.catalina.core.StandardHostValve.invoke(StandardHostValve.java:135)
 org.apache.catalina.valves.ErrorReportValve.invoke(ErrorReportValve.java:92)
 org.apache.catalina.valves.AbstractAccessLogValve.invoke(AbstractAccessLogValve.java:687)
 org.apache.catalina.core.StandardEngineValve.invoke(StandardEngineValve.java:78)
 org.apache.catalina.connector.CoyoteAdapter.service(CoyoteAdapter.java:360)
 org.apache.coyote.http11.Http11Processor.service(Http11Processor.java:399)
 org.apache.coyote.AbstractProcessorLight.process(AbstractProcessorLight.java:65)
 org.apache.coyote.AbstractProtocol$ConnectionHandler.process(AbstractProtocol.java:889)
 org.apache.tomcat.util.net.NioEndpoint$SocketProcessor.doRun(NioEndpoint.java:1743)
 org.apache.tomcat.util.net.SocketProcessorBase.run(SocketProcessorBase.java:49)
 org.apache.tomcat.util.threads.ThreadPoolExecutor.runWorker(ThreadPoolExecutor.java:1191)
 org.apache.tomcat.util.threads.ThreadPoolExecutor$Worker.run(ThreadPoolExecutor.java:659)
 org.apache.tomcat.util.threads.TaskThread$WrappingRunnable.run(TaskThread.java:61)
 java.base@17.0.2/java.lang.Thread.run(Thread.java:833)]
05-Apr-2022 08:40:00.590 INFO [Catalina-utility-2] org.apache.catalina.startup.HostConfig.deployWAR Deploying web application archive [E:\tools\java_tomcat\webapps\InP_Lab3.war]
05-Apr-2022 08:40:00.987 INFO [Catalina-utility-2] org.apache.jasper.servlet.TldScanner.scanJars At least one JAR was scanned for TLDs yet contained no TLDs. Enable debug logging for this logger for a complete list of JARs that were scanned but no TLDs were found in them. Skipping unneeded JARs during scanning can improve startup time and JSP compilation time.
05-Apr-2022 08:40:00.990 INFO [Catalina-utility-2] org.apache.catalina.startup.HostConfig.deployWAR Deployment of web application archive [E:\tools\java_tomcat\webapps\InP_Lab3.war] has finished in [399] ms
05-Apr-2022 08:40:19.041 INFO [http-nio-8080-exec-12] org.apache.catalina.loader.WebappClassLoaderBase.checkStateForResourceLoading Illegal access: this web application instance has been stopped already. Could not load [java.net.UnknownHostException]. The following stack trace is thrown for debugging purposes as well as to attempt to terminate the thread which caused the illegal access.
	java.lang.IllegalStateException: Illegal access: this web application instance has been stopped already. Could not load [java.net.UnknownHostException]. The following stack trace is thrown for debugging purposes as well as to attempt to terminate the thread which caused the illegal access.
		at org.apache.catalina.loader.WebappClassLoaderBase.checkStateForResourceLoading(WebappClassLoaderBase.java:1427)
		at org.apache.catalina.loader.WebappClassLoaderBase.checkStateForClassLoading(WebappClassLoaderBase.java:1415)
		at org.apache.catalina.loader.WebappClassLoaderBase.loadClass(WebappClassLoaderBase.java:1254)
		at org.apache.catalina.loader.WebappClassLoaderBase.loadClass(WebappClassLoaderBase.java:1215)
		at org.apache.commons.httpclient.DefaultHttpMethodRetryHandler.retryMethod(DefaultHttpMethodRetryHandler.java:113)
		at org.apache.commons.httpclient.HttpMethodDirector.executeWithRetry(HttpMethodDirector.java:433)
		at org.apache.commons.httpclient.HttpMethodDirector.executeMethod(HttpMethodDirector.java:171)
		at org.apache.commons.httpclient.HttpClient.executeMethod(HttpClient.java:397)
		at org.apache.commons.httpclient.HttpClient.executeMethod(HttpClient.java:323)
		at Sss.service(Sss.java:107)
		at javax.servlet.http.HttpServlet.service(HttpServlet.java:764)
		at org.apache.catalina.core.ApplicationFilterChain.internalDoFilter(ApplicationFilterChain.java:227)
		at org.apache.catalina.core.ApplicationFilterChain.doFilter(ApplicationFilterChain.java:162)
		at org.apache.tomcat.websocket.server.WsFilter.doFilter(WsFilter.java:53)
		at org.apache.catalina.core.ApplicationFilterChain.internalDoFilter(ApplicationFilterChain.java:189)
		at org.apache.catalina.core.ApplicationFilterChain.doFilter(ApplicationFilterChain.java:162)
		at org.apache.catalina.core.StandardWrapperValve.invoke(StandardWrapperValve.java:197)
		at org.apache.catalina.core.StandardContextValve.invoke(StandardContextValve.java:97)
		at org.apache.catalina.authenticator.AuthenticatorBase.invoke(AuthenticatorBase.java:541)
		at org.apache.catalina.core.StandardHostValve.invoke(StandardHostValve.java:135)
		at org.apache.catalina.valves.ErrorReportValve.invoke(ErrorReportValve.java:92)
		at org.apache.catalina.valves.AbstractAccessLogValve.invoke(AbstractAccessLogValve.java:687)
		at org.apache.catalina.core.StandardEngineValve.invoke(StandardEngineValve.java:78)
		at org.apache.catalina.connector.CoyoteAdapter.service(CoyoteAdapter.java:360)
		at org.apache.coyote.http11.Http11Processor.service(Http11Processor.java:399)
		at org.apache.coyote.AbstractProcessorLight.process(AbstractProcessorLight.java:65)
		at org.apache.coyote.AbstractProtocol$ConnectionHandler.process(AbstractProtocol.java:889)
		at org.apache.tomcat.util.net.NioEndpoint$SocketProcessor.doRun(NioEndpoint.java:1743)
		at org.apache.tomcat.util.net.SocketProcessorBase.run(SocketProcessorBase.java:49)
		at org.apache.tomcat.util.threads.ThreadPoolExecutor.runWorker(ThreadPoolExecutor.java:1191)
		at org.apache.tomcat.util.threads.ThreadPoolExecutor$Worker.run(ThreadPoolExecutor.java:659)
		at org.apache.tomcat.util.threads.TaskThread$WrappingRunnable.run(TaskThread.java:61)
		at java.base/java.lang.Thread.run(Thread.java:833)
05-Apr-2022 08:42:11.030 INFO [Catalina-utility-2] org.apache.catalina.startup.HostConfig.undeploy Undeploying context [/InP_Lab3]
05-Apr-2022 08:42:11.043 INFO [Catalina-utility-2] org.apache.catalina.startup.HostConfig.deployWAR Deploying web application archive [E:\tools\java_tomcat\webapps\InP_Lab3.war]
05-Apr-2022 08:42:11.400 INFO [Catalina-utility-2] org.apache.jasper.servlet.TldScanner.scanJars At least one JAR was scanned for TLDs yet contained no TLDs. Enable debug logging for this logger for a complete list of JARs that were scanned but no TLDs were found in them. Skipping unneeded JARs during scanning can improve startup time and JSP compilation time.
05-Apr-2022 08:42:11.403 INFO [Catalina-utility-2] org.apache.catalina.startup.HostConfig.deployWAR Deployment of web application archive [E:\tools\java_tomcat\webapps\InP_Lab3.war] has finished in [360] ms
05-Apr-2022 08:45:41.468 INFO [Catalina-utility-2] org.apache.catalina.startup.HostConfig.undeploy Undeploying context [/InP_Lab3]
05-Apr-2022 08:45:41.481 INFO [Catalina-utility-2] org.apache.catalina.startup.HostConfig.deployWAR Deploying web application archive [E:\tools\java_tomcat\webapps\InP_Lab3.war]
05-Apr-2022 08:45:41.843 INFO [Catalina-utility-2] org.apache.jasper.servlet.TldScanner.scanJars At least one JAR was scanned for TLDs yet contained no TLDs. Enable debug logging for this logger for a complete list of JARs that were scanned but no TLDs were found in them. Skipping unneeded JARs during scanning can improve startup time and JSP compilation time.
05-Apr-2022 08:45:41.845 INFO [Catalina-utility-2] org.apache.catalina.startup.HostConfig.deployWAR Deployment of web application archive [E:\tools\java_tomcat\webapps\InP_Lab3.war] has finished in [364] ms
05-Apr-2022 08:46:41.867 INFO [Catalina-utility-1] org.apache.catalina.startup.HostConfig.undeploy Undeploying context [/InP_Lab3]
05-Apr-2022 08:46:41.881 INFO [Catalina-utility-1] org.apache.catalina.startup.HostConfig.deployWAR Deploying web application archive [E:\tools\java_tomcat\webapps\InP_Lab3.war]
05-Apr-2022 08:46:42.256 INFO [Catalina-utility-1] org.apache.jasper.servlet.TldScanner.scanJars At least one JAR was scanned for TLDs yet contained no TLDs. Enable debug logging for this logger for a complete list of JARs that were scanned but no TLDs were found in them. Skipping unneeded JARs during scanning can improve startup time and JSP compilation time.
05-Apr-2022 08:46:42.259 INFO [Catalina-utility-1] org.apache.catalina.startup.HostConfig.deployWAR Deployment of web application archive [E:\tools\java_tomcat\webapps\InP_Lab3.war] has finished in [379] ms
05-Apr-2022 09:49:52.071 INFO [Catalina-utility-1] org.apache.catalina.startup.HostConfig.undeploy Undeploying context [/InP_Lab3]
05-Apr-2022 09:49:52.100 INFO [Catalina-utility-1] org.apache.catalina.startup.HostConfig.deployWAR Deploying web application archive [E:\tools\java_tomcat\webapps\InP_Lab3.war]
05-Apr-2022 09:49:52.591 INFO [Catalina-utility-1] org.apache.jasper.servlet.TldScanner.scanJars At least one JAR was scanned for TLDs yet contained no TLDs. Enable debug logging for this logger for a complete list of JARs that were scanned but no TLDs were found in them. Skipping unneeded JARs during scanning can improve startup time and JSP compilation time.
05-Apr-2022 09:49:52.601 INFO [Catalina-utility-1] org.apache.catalina.startup.HostConfig.deployWAR Deployment of web application archive [E:\tools\java_tomcat\webapps\InP_Lab3.war] has finished in [500] ms
05-Apr-2022 09:51:42.624 INFO [Catalina-utility-1] org.apache.catalina.startup.HostConfig.undeploy Undeploying context [/InP_Lab3]
05-Apr-2022 09:51:42.640 INFO [Catalina-utility-1] org.apache.catalina.startup.HostConfig.deployWAR Deploying web application archive [E:\tools\java_tomcat\webapps\InP_Lab3.war]
05-Apr-2022 09:51:43.033 INFO [Catalina-utility-1] org.apache.jasper.servlet.TldScanner.scanJars At least one JAR was scanned for TLDs yet contained no TLDs. Enable debug logging for this logger for a complete list of JARs that were scanned but no TLDs were found in them. Skipping unneeded JARs during scanning can improve startup time and JSP compilation time.
05-Apr-2022 09:51:43.036 INFO [Catalina-utility-1] org.apache.catalina.startup.HostConfig.deployWAR Deployment of web application archive [E:\tools\java_tomcat\webapps\InP_Lab3.war] has finished in [395] ms
05-Apr-2022 09:52:53.057 INFO [Catalina-utility-1] org.apache.catalina.startup.HostConfig.undeploy Undeploying context [/InP_Lab3]
05-Apr-2022 09:52:53.069 INFO [Catalina-utility-1] org.apache.catalina.startup.HostConfig.deployWAR Deploying web application archive [E:\tools\java_tomcat\webapps\InP_Lab3.war]
05-Apr-2022 09:52:53.415 INFO [Catalina-utility-1] org.apache.jasper.servlet.TldScanner.scanJars At least one JAR was scanned for TLDs yet contained no TLDs. Enable debug logging for this logger for a complete list of JARs that were scanned but no TLDs were found in them. Skipping unneeded JARs during scanning can improve startup time and JSP compilation time.
05-Apr-2022 09:52:53.417 INFO [Catalina-utility-1] org.apache.catalina.startup.HostConfig.deployWAR Deployment of web application archive [E:\tools\java_tomcat\webapps\InP_Lab3.war] has finished in [348] ms
05-Apr-2022 09:57:03.492 INFO [Catalina-utility-1] org.apache.catalina.startup.HostConfig.undeploy Undeploying context [/InP_Lab3]
05-Apr-2022 09:57:03.506 INFO [Catalina-utility-1] org.apache.catalina.startup.HostConfig.deployWAR Deploying web application archive [E:\tools\java_tomcat\webapps\InP_Lab3.war]
05-Apr-2022 09:57:03.864 INFO [Catalina-utility-1] org.apache.jasper.servlet.TldScanner.scanJars At least one JAR was scanned for TLDs yet contained no TLDs. Enable debug logging for this logger for a complete list of JARs that were scanned but no TLDs were found in them. Skipping unneeded JARs during scanning can improve startup time and JSP compilation time.
05-Apr-2022 09:57:03.866 INFO [Catalina-utility-1] org.apache.catalina.startup.HostConfig.deployWAR Deployment of web application archive [E:\tools\java_tomcat\webapps\InP_Lab3.war] has finished in [360] ms
05-Apr-2022 10:00:23.928 INFO [Catalina-utility-1] org.apache.catalina.startup.HostConfig.undeploy Undeploying context [/InP_Lab3]
05-Apr-2022 10:00:23.941 INFO [Catalina-utility-1] org.apache.catalina.startup.HostConfig.deployWAR Deploying web application archive [E:\tools\java_tomcat\webapps\InP_Lab3.war]
05-Apr-2022 10:00:24.318 INFO [Catalina-utility-1] org.apache.jasper.servlet.TldScanner.scanJars At least one JAR was scanned for TLDs yet contained no TLDs. Enable debug logging for this logger for a complete list of JARs that were scanned but no TLDs were found in them. Skipping unneeded JARs during scanning can improve startup time and JSP compilation time.
05-Apr-2022 10:00:24.320 INFO [Catalina-utility-1] org.apache.catalina.startup.HostConfig.deployWAR Deployment of web application archive [E:\tools\java_tomcat\webapps\InP_Lab3.war] has finished in [379] ms
05-Apr-2022 10:03:24.372 INFO [Catalina-utility-1] org.apache.catalina.startup.HostConfig.undeploy Undeploying context [/InP_Lab3]
05-Apr-2022 10:03:24.386 INFO [Catalina-utility-1] org.apache.catalina.startup.HostConfig.deployWAR Deploying web application archive [E:\tools\java_tomcat\webapps\InP_Lab3.war]
05-Apr-2022 10:03:24.805 INFO [Catalina-utility-1] org.apache.jasper.servlet.TldScanner.scanJars At least one JAR was scanned for TLDs yet contained no TLDs. Enable debug logging for this logger for a complete list of JARs that were scanned but no TLDs were found in them. Skipping unneeded JARs during scanning can improve startup time and JSP compilation time.
05-Apr-2022 10:03:24.807 INFO [Catalina-utility-1] org.apache.catalina.startup.HostConfig.deployWAR Deployment of web application archive [E:\tools\java_tomcat\webapps\InP_Lab3.war] has finished in [421] ms
05-Apr-2022 10:06:04.852 INFO [Catalina-utility-2] org.apache.catalina.startup.HostConfig.undeploy Undeploying context [/InP_Lab3]
05-Apr-2022 10:06:04.866 INFO [Catalina-utility-2] org.apache.catalina.startup.HostConfig.deployWAR Deploying web application archive [E:\tools\java_tomcat\webapps\InP_Lab3.war]
05-Apr-2022 10:06:05.204 INFO [Catalina-utility-2] org.apache.jasper.servlet.TldScanner.scanJars At least one JAR was scanned for TLDs yet contained no TLDs. Enable debug logging for this logger for a complete list of JARs that were scanned but no TLDs were found in them. Skipping unneeded JARs during scanning can improve startup time and JSP compilation time.
05-Apr-2022 10:06:05.207 INFO [Catalina-utility-2] org.apache.catalina.startup.HostConfig.deployWAR Deployment of web application archive [E:\tools\java_tomcat\webapps\InP_Lab3.war] has finished in [341] ms
05-Apr-2022 10:12:55.321 INFO [Catalina-utility-2] org.apache.catalina.startup.HostConfig.undeploy Undeploying context [/InP_Lab3]
05-Apr-2022 10:12:55.334 INFO [Catalina-utility-2] org.apache.catalina.startup.HostConfig.deployWAR Deploying web application archive [E:\tools\java_tomcat\webapps\InP_Lab3.war]
05-Apr-2022 10:12:55.691 INFO [Catalina-utility-2] org.apache.jasper.servlet.TldScanner.scanJars At least one JAR was scanned for TLDs yet contained no TLDs. Enable debug logging for this logger for a complete list of JARs that were scanned but no TLDs were found in them. Skipping unneeded JARs during scanning can improve startup time and JSP compilation time.
05-Apr-2022 10:12:55.693 INFO [Catalina-utility-2] org.apache.catalina.startup.HostConfig.deployWAR Deployment of web application archive [E:\tools\java_tomcat\webapps\InP_Lab3.war] has finished in [358] ms
05-Apr-2022 12:24:27.227 INFO [Thread-3] org.apache.coyote.AbstractProtocol.pause Pausing ProtocolHandler ["http-nio-8080"]
05-Apr-2022 12:24:27.295 INFO [Thread-3] org.apache.catalina.core.StandardService.stopInternal Stopping service [Catalina]
05-Apr-2022 12:24:27.365 INFO [Thread-3] org.apache.coyote.AbstractProtocol.stop Stopping ProtocolHandler ["http-nio-8080"]
05-Apr-2022 12:24:27.405 INFO [Thread-3] org.apache.coyote.AbstractProtocol.destroy Destroying ProtocolHandler ["http-nio-8080"]
