26-Apr-2022 06:49:26.809 INFO [main] org.apache.catalina.startup.VersionLoggerListener.log Server version name:   Apache Tomcat/9.0.60
26-Apr-2022 06:49:26.814 INFO [main] org.apache.catalina.startup.VersionLoggerListener.log Server built:          Mar 9 2022 14:52:25 UTC
26-Apr-2022 06:49:26.814 INFO [main] org.apache.catalina.startup.VersionLoggerListener.log Server version number: 9.0.60.0
26-Apr-2022 06:49:26.814 INFO [main] org.apache.catalina.startup.VersionLoggerListener.log OS Name:               Windows 10
26-Apr-2022 06:49:26.815 INFO [main] org.apache.catalina.startup.VersionLoggerListener.log Версия ОС:             10.0
26-Apr-2022 06:49:26.817 INFO [main] org.apache.catalina.startup.VersionLoggerListener.log Архитектура:           amd64
26-Apr-2022 06:49:26.817 INFO [main] org.apache.catalina.startup.VersionLoggerListener.log Java Home:             C:\Program Files\Java\jdk-17.0.2
26-Apr-2022 06:49:26.817 INFO [main] org.apache.catalina.startup.VersionLoggerListener.log Версия JVM:            17.0.2+8-LTS-86
26-Apr-2022 06:49:26.817 INFO [main] org.apache.catalina.startup.VersionLoggerListener.log JVM Vendor:            Oracle Corporation
26-Apr-2022 06:49:26.817 INFO [main] org.apache.catalina.startup.VersionLoggerListener.log CATALINA_BASE:         E:\tools\java_tomcat
26-Apr-2022 06:49:26.817 INFO [main] org.apache.catalina.startup.VersionLoggerListener.log CATALINA_HOME:         E:\tools\java_tomcat
26-Apr-2022 06:49:26.858 INFO [main] org.apache.catalina.startup.VersionLoggerListener.log Command line argument: -Dcatalina.home=E:\tools\java_tomcat
26-Apr-2022 06:49:26.858 INFO [main] org.apache.catalina.startup.VersionLoggerListener.log Command line argument: -Dcatalina.base=E:\tools\java_tomcat
26-Apr-2022 06:49:26.859 INFO [main] org.apache.catalina.startup.VersionLoggerListener.log Command line argument: -Djava.io.tmpdir=E:\tools\java_tomcat\temp
26-Apr-2022 06:49:26.859 INFO [main] org.apache.catalina.startup.VersionLoggerListener.log Command line argument: -Djava.util.logging.manager=org.apache.juli.ClassLoaderLogManager
26-Apr-2022 06:49:26.859 INFO [main] org.apache.catalina.startup.VersionLoggerListener.log Command line argument: -Djava.util.logging.config.file=E:\tools\java_tomcat\conf\logging.properties
26-Apr-2022 06:49:26.859 INFO [main] org.apache.catalina.startup.VersionLoggerListener.log Command line argument: --add-opens=java.base/java.lang=ALL-UNNAMED
26-Apr-2022 06:49:26.859 INFO [main] org.apache.catalina.startup.VersionLoggerListener.log Command line argument: --add-opens=java.base/java.io=ALL-UNNAMED
26-Apr-2022 06:49:26.859 INFO [main] org.apache.catalina.startup.VersionLoggerListener.log Command line argument: --add-opens=java.rmi/sun.rmi.transport=ALL-UNNAMED
26-Apr-2022 06:49:26.859 INFO [main] org.apache.catalina.startup.VersionLoggerListener.log Command line argument: exit
26-Apr-2022 06:49:26.859 INFO [main] org.apache.catalina.startup.VersionLoggerListener.log Command line argument: abort
26-Apr-2022 06:49:26.859 INFO [main] org.apache.catalina.startup.VersionLoggerListener.log Command line argument: -Xms128m
26-Apr-2022 06:49:26.859 INFO [main] org.apache.catalina.startup.VersionLoggerListener.log Command line argument: -Xmx256m
26-Apr-2022 06:49:26.865 INFO [main] org.apache.catalina.core.AprLifecycleListener.lifecycleEvent The Apache Tomcat Native library which allows using OpenSSL was not found on the java.library.path: [E:\tools\java_tomcat\bin;C:\WINDOWS\Sun\Java\bin;C:\WINDOWS\system32;C:\WINDOWS;C:\Program Files\Java\jdk-17.0.2\bin;C:\Program Files\Common Files\Oracle\Java\javapath;C:\ProgramData\Oracle\Java\javapath;C:\Windows\system32;C:\Windows;C:\Windows\System32\Wbem;C:\Windows\System32\WindowsPowerShell\v1.0\;C:\Windows\System32\OpenSSH\;C:\Program Files (x86)\NVIDIA Corporation\PhysX\Common;E:\tools\tera-scr\к тере\Git\cmd;C:\Program Files\NVIDIA Corporation\NVIDIA NvDLISR;C:\Program Files\dotnet\;C:\WINDOWS\system32;C:\WINDOWS;C:\WINDOWS\System32\Wbem;C:\WINDOWS\System32\WindowsPowerShell\v1.0\;C:\WINDOWS\System32\OpenSSH\;C:\Program Files\Azure Data Studio\bin;C:\Program Files\Microsoft SQL Server\Client SDK\ODBC\170\Tools\Binn\;C:\Program Files (x86)\Microsoft SQL Server\150\Tools\Binn\;C:\Program Files\Microsoft SQL Server\150\Tools\Binn\;C:\Program Files\Microsoft SQL Server\150\DTS\Binn\;C:\Program Files\Microsoft SQL Server\130\Tools\Binn\;E:\tools\flutter\bin\;E:\tools\java_ant\bin\;E:\tools\node\;E:\tools\flutter\bin;C:\WINDOWS\ServiceProfiles\LocalService\AppData\Local\Microsoft\WindowsApps;.]
26-Apr-2022 06:49:27.391 INFO [main] org.apache.coyote.AbstractProtocol.init Initializing ProtocolHandler ["http-nio-8080"]
26-Apr-2022 06:49:27.452 INFO [main] org.apache.catalina.startup.Catalina.load Server initialization in [1337] milliseconds
26-Apr-2022 06:49:27.596 INFO [main] org.apache.catalina.core.StandardService.startInternal Starting service [Catalina]
26-Apr-2022 06:49:27.597 INFO [main] org.apache.catalina.core.StandardEngine.startInternal Starting Servlet engine: [Apache Tomcat/9.0.60]
26-Apr-2022 06:49:27.732 INFO [main] org.apache.catalina.startup.HostConfig.deployWAR Deploying web application archive [E:\tools\java_tomcat\webapps\InP_Lab3.war]
26-Apr-2022 06:49:30.792 INFO [main] org.apache.jasper.servlet.TldScanner.scanJars At least one JAR was scanned for TLDs yet contained no TLDs. Enable debug logging for this logger for a complete list of JARs that were scanned but no TLDs were found in them. Skipping unneeded JARs during scanning can improve startup time and JSP compilation time.
26-Apr-2022 06:49:30.903 INFO [main] org.apache.catalina.startup.HostConfig.deployWAR Deployment of web application archive [E:\tools\java_tomcat\webapps\InP_Lab3.war] has finished in [3 165] ms
26-Apr-2022 06:49:30.905 INFO [main] org.apache.catalina.startup.HostConfig.deployDirectory Установка веб приложения в папку [E:\tools\java_tomcat\webapps\ANaive]
26-Apr-2022 06:49:31.115 INFO [main] org.apache.catalina.startup.HostConfig.deployDirectory Deployment of web application directory [E:\tools\java_tomcat\webapps\ANaive] has finished in [210] ms
26-Apr-2022 06:49:31.115 INFO [main] org.apache.catalina.startup.HostConfig.deployDirectory Установка веб приложения в папку [E:\tools\java_tomcat\webapps\docs]
26-Apr-2022 06:49:31.171 INFO [main] org.apache.catalina.startup.HostConfig.deployDirectory Deployment of web application directory [E:\tools\java_tomcat\webapps\docs] has finished in [56] ms
26-Apr-2022 06:49:31.172 INFO [main] org.apache.catalina.startup.HostConfig.deployDirectory Установка веб приложения в папку [E:\tools\java_tomcat\webapps\manager]
26-Apr-2022 06:49:31.318 INFO [main] org.apache.catalina.startup.HostConfig.deployDirectory Deployment of web application directory [E:\tools\java_tomcat\webapps\manager] has finished in [145] ms
26-Apr-2022 06:49:31.318 INFO [main] org.apache.catalina.startup.HostConfig.deployDirectory Установка веб приложения в папку [E:\tools\java_tomcat\webapps\ROOT]
26-Apr-2022 06:49:31.366 INFO [main] org.apache.catalina.startup.HostConfig.deployDirectory Deployment of web application directory [E:\tools\java_tomcat\webapps\ROOT] has finished in [47] ms
26-Apr-2022 06:49:31.370 INFO [main] org.apache.coyote.AbstractProtocol.start Starting ProtocolHandler ["http-nio-8080"]
26-Apr-2022 06:49:31.582 INFO [main] org.apache.catalina.startup.Catalina.start Server startup in [4129] milliseconds
26-Apr-2022 10:25:14.389 INFO [Catalina-utility-2] org.apache.catalina.startup.HostConfig.undeploy Undeploying context [/InP_Lab3]
26-Apr-2022 10:25:14.455 INFO [Catalina-utility-2] org.apache.catalina.startup.HostConfig.deployWAR Deploying web application archive [E:\tools\java_tomcat\webapps\InP_Lab3.war]
26-Apr-2022 10:25:17.035 INFO [Catalina-utility-2] org.apache.jasper.servlet.TldScanner.scanJars At least one JAR was scanned for TLDs yet contained no TLDs. Enable debug logging for this logger for a complete list of JARs that were scanned but no TLDs were found in them. Skipping unneeded JARs during scanning can improve startup time and JSP compilation time.
26-Apr-2022 10:25:17.054 INFO [Catalina-utility-2] org.apache.catalina.startup.HostConfig.deployWAR Deployment of web application archive [E:\tools\java_tomcat\webapps\InP_Lab3.war] has finished in [2 597] ms
26-Apr-2022 10:25:59.964 INFO [Thread-3] org.apache.coyote.AbstractProtocol.pause Pausing ProtocolHandler ["http-nio-8080"]
26-Apr-2022 10:26:00.025 INFO [Thread-3] org.apache.catalina.core.StandardService.stopInternal Stopping service [Catalina]
26-Apr-2022 10:26:00.084 INFO [Thread-3] org.apache.coyote.AbstractProtocol.stop Stopping ProtocolHandler ["http-nio-8080"]
26-Apr-2022 10:26:00.097 INFO [Thread-3] org.apache.coyote.AbstractProtocol.destroy Destroying ProtocolHandler ["http-nio-8080"]
26-Apr-2022 10:26:24.120 INFO [main] org.apache.catalina.startup.VersionLoggerListener.log Server version name:   Apache Tomcat/9.0.60
26-Apr-2022 10:26:24.190 INFO [main] org.apache.catalina.startup.VersionLoggerListener.log Server built:          Mar 9 2022 14:52:25 UTC
26-Apr-2022 10:26:24.193 INFO [main] org.apache.catalina.startup.VersionLoggerListener.log Server version number: 9.0.60.0
26-Apr-2022 10:26:24.195 INFO [main] org.apache.catalina.startup.VersionLoggerListener.log OS Name:               Windows 10
26-Apr-2022 10:26:24.198 INFO [main] org.apache.catalina.startup.VersionLoggerListener.log Версия ОС:             10.0
26-Apr-2022 10:26:24.204 INFO [main] org.apache.catalina.startup.VersionLoggerListener.log Архитектура:           amd64
26-Apr-2022 10:26:24.207 INFO [main] org.apache.catalina.startup.VersionLoggerListener.log Java Home:             C:\Program Files\Java\jdk-17.0.2
26-Apr-2022 10:26:24.210 INFO [main] org.apache.catalina.startup.VersionLoggerListener.log Версия JVM:            17.0.2+8-LTS-86
26-Apr-2022 10:26:24.214 INFO [main] org.apache.catalina.startup.VersionLoggerListener.log JVM Vendor:            Oracle Corporation
26-Apr-2022 10:26:24.218 INFO [main] org.apache.catalina.startup.VersionLoggerListener.log CATALINA_BASE:         E:\tools\java_tomcat
26-Apr-2022 10:26:24.221 INFO [main] org.apache.catalina.startup.VersionLoggerListener.log CATALINA_HOME:         E:\tools\java_tomcat
26-Apr-2022 10:26:24.475 INFO [main] org.apache.catalina.startup.VersionLoggerListener.log Command line argument: -Dcatalina.home=E:\tools\java_tomcat
26-Apr-2022 10:26:24.477 INFO [main] org.apache.catalina.startup.VersionLoggerListener.log Command line argument: -Dcatalina.base=E:\tools\java_tomcat
26-Apr-2022 10:26:24.480 INFO [main] org.apache.catalina.startup.VersionLoggerListener.log Command line argument: -Djava.io.tmpdir=E:\tools\java_tomcat\temp
26-Apr-2022 10:26:24.482 INFO [main] org.apache.catalina.startup.VersionLoggerListener.log Command line argument: -Djava.util.logging.manager=org.apache.juli.ClassLoaderLogManager
26-Apr-2022 10:26:24.485 INFO [main] org.apache.catalina.startup.VersionLoggerListener.log Command line argument: -Djava.util.logging.config.file=E:\tools\java_tomcat\conf\logging.properties
26-Apr-2022 10:26:24.487 INFO [main] org.apache.catalina.startup.VersionLoggerListener.log Command line argument: --add-opens=java.base/java.lang=ALL-UNNAMED
26-Apr-2022 10:26:24.490 INFO [main] org.apache.catalina.startup.VersionLoggerListener.log Command line argument: --add-opens=java.base/java.io=ALL-UNNAMED
26-Apr-2022 10:26:24.492 INFO [main] org.apache.catalina.startup.VersionLoggerListener.log Command line argument: --add-opens=java.rmi/sun.rmi.transport=ALL-UNNAMED
26-Apr-2022 10:26:24.494 INFO [main] org.apache.catalina.startup.VersionLoggerListener.log Command line argument: exit
26-Apr-2022 10:26:24.496 INFO [main] org.apache.catalina.startup.VersionLoggerListener.log Command line argument: abort
26-Apr-2022 10:26:24.498 INFO [main] org.apache.catalina.startup.VersionLoggerListener.log Command line argument: -Xms128m
26-Apr-2022 10:26:24.501 INFO [main] org.apache.catalina.startup.VersionLoggerListener.log Command line argument: -Xmx256m
26-Apr-2022 10:26:24.679 INFO [main] org.apache.catalina.core.AprLifecycleListener.lifecycleEvent The Apache Tomcat Native library which allows using OpenSSL was not found on the java.library.path: [E:\tools\java_tomcat\bin;C:\WINDOWS\Sun\Java\bin;C:\WINDOWS\system32;C:\WINDOWS;C:\Program Files\Java\jdk-17.0.2\bin;C:\Program Files\Common Files\Oracle\Java\javapath;C:\ProgramData\Oracle\Java\javapath;C:\Windows\system32;C:\Windows;C:\Windows\System32\Wbem;C:\Windows\System32\WindowsPowerShell\v1.0\;C:\Windows\System32\OpenSSH\;C:\Program Files (x86)\NVIDIA Corporation\PhysX\Common;E:\tools\tera-scr\к тере\Git\cmd;C:\Program Files\NVIDIA Corporation\NVIDIA NvDLISR;C:\Program Files\dotnet\;C:\WINDOWS\system32;C:\WINDOWS;C:\WINDOWS\System32\Wbem;C:\WINDOWS\System32\WindowsPowerShell\v1.0\;C:\WINDOWS\System32\OpenSSH\;C:\Program Files\Azure Data Studio\bin;C:\Program Files\Microsoft SQL Server\Client SDK\ODBC\170\Tools\Binn\;C:\Program Files (x86)\Microsoft SQL Server\150\Tools\Binn\;C:\Program Files\Microsoft SQL Server\150\Tools\Binn\;C:\Program Files\Microsoft SQL Server\150\DTS\Binn\;C:\Program Files\Microsoft SQL Server\130\Tools\Binn\;E:\tools\flutter\bin\;E:\tools\java_ant\bin\;E:\tools\node\;E:\tools\flutter\bin;C:\WINDOWS\ServiceProfiles\LocalService\AppData\Local\Microsoft\WindowsApps;.]
26-Apr-2022 10:26:29.079 INFO [main] org.apache.coyote.AbstractProtocol.init Initializing ProtocolHandler ["http-nio-8080"]
26-Apr-2022 10:26:29.772 INFO [main] org.apache.catalina.startup.Catalina.load Server initialization in [11036] milliseconds
26-Apr-2022 10:26:30.873 INFO [main] org.apache.catalina.core.StandardService.startInternal Starting service [Catalina]
26-Apr-2022 10:26:30.880 INFO [main] org.apache.catalina.core.StandardEngine.startInternal Starting Servlet engine: [Apache Tomcat/9.0.60]
26-Apr-2022 10:26:31.292 INFO [main] org.apache.catalina.startup.HostConfig.deployWAR Deploying web application archive [E:\tools\java_tomcat\webapps\InP_Lab3.war]
26-Apr-2022 10:26:44.563 INFO [main] org.apache.jasper.servlet.TldScanner.scanJars At least one JAR was scanned for TLDs yet contained no TLDs. Enable debug logging for this logger for a complete list of JARs that were scanned but no TLDs were found in them. Skipping unneeded JARs during scanning can improve startup time and JSP compilation time.
26-Apr-2022 10:26:45.975 WARNING [main] org.apache.catalina.util.SessionIdGeneratorBase.createSecureRandom Creation of SecureRandom instance for session ID generation using [SHA1PRNG] took [846] milliseconds.
26-Apr-2022 10:26:46.306 INFO [main] org.apache.catalina.startup.HostConfig.deployWAR Deployment of web application archive [E:\tools\java_tomcat\webapps\InP_Lab3.war] has finished in [15 014] ms
26-Apr-2022 10:26:46.320 INFO [main] org.apache.catalina.startup.HostConfig.deployDirectory Установка веб приложения в папку [E:\tools\java_tomcat\webapps\ANaive]
26-Apr-2022 10:26:47.118 INFO [main] org.apache.catalina.startup.HostConfig.deployDirectory Deployment of web application directory [E:\tools\java_tomcat\webapps\ANaive] has finished in [796] ms
26-Apr-2022 10:26:47.123 INFO [main] org.apache.catalina.startup.HostConfig.deployDirectory Установка веб приложения в папку [E:\tools\java_tomcat\webapps\docs]
26-Apr-2022 10:26:47.612 INFO [main] org.apache.catalina.startup.HostConfig.deployDirectory Deployment of web application directory [E:\tools\java_tomcat\webapps\docs] has finished in [486] ms
26-Apr-2022 10:26:47.620 INFO [main] org.apache.catalina.startup.HostConfig.deployDirectory Установка веб приложения в папку [E:\tools\java_tomcat\webapps\manager]
26-Apr-2022 10:26:48.661 INFO [main] org.apache.catalina.startup.HostConfig.deployDirectory Deployment of web application directory [E:\tools\java_tomcat\webapps\manager] has finished in [1 041] ms
26-Apr-2022 10:26:48.667 INFO [main] org.apache.catalina.startup.HostConfig.deployDirectory Установка веб приложения в папку [E:\tools\java_tomcat\webapps\ROOT]
26-Apr-2022 10:26:49.112 INFO [main] org.apache.catalina.startup.HostConfig.deployDirectory Deployment of web application directory [E:\tools\java_tomcat\webapps\ROOT] has finished in [441] ms
26-Apr-2022 10:26:49.178 INFO [main] org.apache.coyote.AbstractProtocol.start Starting ProtocolHandler ["http-nio-8080"]
26-Apr-2022 10:26:50.314 INFO [main] org.apache.catalina.startup.Catalina.start Server startup in [20534] milliseconds
26-Apr-2022 22:48:18.984 INFO [Thread-3] org.apache.coyote.AbstractProtocol.pause Pausing ProtocolHandler ["http-nio-8080"]
26-Apr-2022 22:48:19.557 INFO [Thread-3] org.apache.catalina.core.StandardService.stopInternal Stopping service [Catalina]
26-Apr-2022 22:48:19.987 INFO [Thread-3] org.apache.coyote.AbstractProtocol.stop Stopping ProtocolHandler ["http-nio-8080"]
26-Apr-2022 22:48:20.077 INFO [Thread-3] org.apache.coyote.AbstractProtocol.destroy Destroying ProtocolHandler ["http-nio-8080"]
