05-Jun-2022 20:50:59.319 INFO [main] org.apache.catalina.startup.VersionLoggerListener.log Server version name:   Apache Tomcat/9.0.60
05-Jun-2022 20:50:59.329 INFO [main] org.apache.catalina.startup.VersionLoggerListener.log Server built:          Mar 9 2022 14:52:25 UTC
05-Jun-2022 20:50:59.329 INFO [main] org.apache.catalina.startup.VersionLoggerListener.log Server version number: 9.0.60.0
05-Jun-2022 20:50:59.329 INFO [main] org.apache.catalina.startup.VersionLoggerListener.log OS Name:               Windows 10
05-Jun-2022 20:50:59.330 INFO [main] org.apache.catalina.startup.VersionLoggerListener.log Версия ОС:             10.0
05-Jun-2022 20:50:59.331 INFO [main] org.apache.catalina.startup.VersionLoggerListener.log Архитектура:           amd64
05-Jun-2022 20:50:59.332 INFO [main] org.apache.catalina.startup.VersionLoggerListener.log Java Home:             C:\Program Files\Java\jdk-17.0.2
05-Jun-2022 20:50:59.333 INFO [main] org.apache.catalina.startup.VersionLoggerListener.log Версия JVM:            17.0.2+8-LTS-86
05-Jun-2022 20:50:59.333 INFO [main] org.apache.catalina.startup.VersionLoggerListener.log JVM Vendor:            Oracle Corporation
05-Jun-2022 20:50:59.334 INFO [main] org.apache.catalina.startup.VersionLoggerListener.log CATALINA_BASE:         E:\tools\java_tomcat
05-Jun-2022 20:50:59.334 INFO [main] org.apache.catalina.startup.VersionLoggerListener.log CATALINA_HOME:         E:\tools\java_tomcat
05-Jun-2022 20:50:59.416 INFO [main] org.apache.catalina.startup.VersionLoggerListener.log Command line argument: -Dcatalina.home=E:\tools\java_tomcat
05-Jun-2022 20:50:59.416 INFO [main] org.apache.catalina.startup.VersionLoggerListener.log Command line argument: -Dcatalina.base=E:\tools\java_tomcat
05-Jun-2022 20:50:59.417 INFO [main] org.apache.catalina.startup.VersionLoggerListener.log Command line argument: -Djava.io.tmpdir=E:\tools\java_tomcat\temp
05-Jun-2022 20:50:59.417 INFO [main] org.apache.catalina.startup.VersionLoggerListener.log Command line argument: -Djava.util.logging.manager=org.apache.juli.ClassLoaderLogManager
05-Jun-2022 20:50:59.418 INFO [main] org.apache.catalina.startup.VersionLoggerListener.log Command line argument: -Djava.util.logging.config.file=E:\tools\java_tomcat\conf\logging.properties
05-Jun-2022 20:50:59.418 INFO [main] org.apache.catalina.startup.VersionLoggerListener.log Command line argument: --add-opens=java.base/java.lang=ALL-UNNAMED
05-Jun-2022 20:50:59.418 INFO [main] org.apache.catalina.startup.VersionLoggerListener.log Command line argument: --add-opens=java.base/java.io=ALL-UNNAMED
05-Jun-2022 20:50:59.419 INFO [main] org.apache.catalina.startup.VersionLoggerListener.log Command line argument: --add-opens=java.rmi/sun.rmi.transport=ALL-UNNAMED
05-Jun-2022 20:50:59.419 INFO [main] org.apache.catalina.startup.VersionLoggerListener.log Command line argument: exit
05-Jun-2022 20:50:59.419 INFO [main] org.apache.catalina.startup.VersionLoggerListener.log Command line argument: abort
05-Jun-2022 20:50:59.419 INFO [main] org.apache.catalina.startup.VersionLoggerListener.log Command line argument: -Xms128m
05-Jun-2022 20:50:59.419 INFO [main] org.apache.catalina.startup.VersionLoggerListener.log Command line argument: -Xmx256m
05-Jun-2022 20:50:59.434 INFO [main] org.apache.catalina.core.AprLifecycleListener.lifecycleEvent The Apache Tomcat Native library which allows using OpenSSL was not found on the java.library.path: [E:\tools\java_tomcat\bin;C:\WINDOWS\Sun\Java\bin;C:\WINDOWS\system32;C:\WINDOWS;C:\Program Files\Java\jdk-17.0.2\bin;C:\Program Files\Common Files\Oracle\Java\javapath;C:\ProgramData\Oracle\Java\javapath;C:\Windows\system32;C:\Windows;C:\Windows\System32\Wbem;C:\Windows\System32\WindowsPowerShell\v1.0\;C:\Windows\System32\OpenSSH\;C:\Program Files (x86)\NVIDIA Corporation\PhysX\Common;E:\tools\tera-scr\к тере\Git\cmd;C:\Program Files\NVIDIA Corporation\NVIDIA NvDLISR;C:\WINDOWS\system32;C:\WINDOWS;C:\WINDOWS\System32\Wbem;C:\WINDOWS\System32\WindowsPowerShell\v1.0\;C:\WINDOWS\System32\OpenSSH\;C:\Program Files\Azure Data Studio\bin;C:\Program Files\Microsoft SQL Server\Client SDK\ODBC\170\Tools\Binn\;C:\Program Files (x86)\Microsoft SQL Server\150\Tools\Binn\;C:\Program Files\Microsoft SQL Server\150\Tools\Binn\;C:\Program Files\Microsoft SQL Server\150\DTS\Binn\;C:\Program Files\Microsoft SQL Server\130\Tools\Binn\;E:\tools\flutter\bin\;E:\tools\java_ant\bin\;E:\tools\node\;E:\tools\flutter\bin;C:\Program Files\dotnet\;E:\tools\32awrew\Безопасность\emsdk\emsdk_env.bat;C:\WINDOWS\ServiceProfiles\LocalService\AppData\Local\Microsoft\WindowsApps;.]
05-Jun-2022 20:51:00.165 INFO [main] org.apache.coyote.AbstractProtocol.init Initializing ProtocolHandler ["http-nio-8080"]
05-Jun-2022 20:51:00.211 INFO [main] org.apache.catalina.startup.Catalina.load Server initialization in [1742] milliseconds
05-Jun-2022 20:51:00.298 INFO [main] org.apache.catalina.core.StandardService.startInternal Starting service [Catalina]
05-Jun-2022 20:51:00.298 INFO [main] org.apache.catalina.core.StandardEngine.startInternal Starting Servlet engine: [Apache Tomcat/9.0.60]
05-Jun-2022 20:51:00.438 INFO [main] org.apache.catalina.startup.HostConfig.deployWAR Deploying web application archive [E:\tools\java_tomcat\webapps\InP_Lab3.war]
05-Jun-2022 20:51:02.887 INFO [main] org.apache.jasper.servlet.TldScanner.scanJars At least one JAR was scanned for TLDs yet contained no TLDs. Enable debug logging for this logger for a complete list of JARs that were scanned but no TLDs were found in them. Skipping unneeded JARs during scanning can improve startup time and JSP compilation time.
05-Jun-2022 20:51:03.021 INFO [main] org.apache.catalina.startup.HostConfig.deployWAR Deployment of web application archive [E:\tools\java_tomcat\webapps\InP_Lab3.war] has finished in [2 578] ms
05-Jun-2022 20:51:03.184 INFO [main] org.apache.catalina.startup.HostConfig.deployWAR Deploying web application archive [E:\tools\java_tomcat\webapps\Lab4.war]
05-Jun-2022 20:51:03.355 INFO [main] org.apache.jasper.servlet.TldScanner.scanJars At least one JAR was scanned for TLDs yet contained no TLDs. Enable debug logging for this logger for a complete list of JARs that were scanned but no TLDs were found in them. Skipping unneeded JARs during scanning can improve startup time and JSP compilation time.
05-Jun-2022 20:51:03.357 INFO [main] org.apache.catalina.startup.HostConfig.deployWAR Deployment of web application archive [E:\tools\java_tomcat\webapps\Lab4.war] has finished in [173] ms
05-Jun-2022 20:51:03.359 INFO [main] org.apache.catalina.startup.HostConfig.deployDirectory Установка веб приложения в папку [E:\tools\java_tomcat\webapps\ANaive]
05-Jun-2022 20:51:03.578 INFO [main] org.apache.jasper.servlet.TldScanner.scanJars At least one JAR was scanned for TLDs yet contained no TLDs. Enable debug logging for this logger for a complete list of JARs that were scanned but no TLDs were found in them. Skipping unneeded JARs during scanning can improve startup time and JSP compilation time.
05-Jun-2022 20:51:03.581 INFO [main] org.apache.catalina.startup.HostConfig.deployDirectory Deployment of web application directory [E:\tools\java_tomcat\webapps\ANaive] has finished in [222] ms
05-Jun-2022 20:51:03.582 INFO [main] org.apache.catalina.startup.HostConfig.deployDirectory Установка веб приложения в папку [E:\tools\java_tomcat\webapps\docs]
05-Jun-2022 20:51:03.729 INFO [main] org.apache.jasper.servlet.TldScanner.scanJars At least one JAR was scanned for TLDs yet contained no TLDs. Enable debug logging for this logger for a complete list of JARs that were scanned but no TLDs were found in them. Skipping unneeded JARs during scanning can improve startup time and JSP compilation time.
05-Jun-2022 20:51:03.732 INFO [main] org.apache.catalina.startup.HostConfig.deployDirectory Deployment of web application directory [E:\tools\java_tomcat\webapps\docs] has finished in [151] ms
05-Jun-2022 20:51:03.733 INFO [main] org.apache.catalina.startup.HostConfig.deployDirectory Установка веб приложения в папку [E:\tools\java_tomcat\webapps\lab10]
05-Jun-2022 20:51:03.968 INFO [main] org.apache.jasper.servlet.TldScanner.scanJars At least one JAR was scanned for TLDs yet contained no TLDs. Enable debug logging for this logger for a complete list of JARs that were scanned but no TLDs were found in them. Skipping unneeded JARs during scanning can improve startup time and JSP compilation time.
05-Jun-2022 20:51:03.970 INFO [main] org.apache.catalina.startup.HostConfig.deployDirectory Deployment of web application directory [E:\tools\java_tomcat\webapps\lab10] has finished in [237] ms
05-Jun-2022 20:51:03.971 INFO [main] org.apache.catalina.startup.HostConfig.deployDirectory Установка веб приложения в папку [E:\tools\java_tomcat\webapps\Lab5]
05-Jun-2022 20:51:05.304 INFO [main] org.apache.jasper.servlet.TldScanner.scanJars At least one JAR was scanned for TLDs yet contained no TLDs. Enable debug logging for this logger for a complete list of JARs that were scanned but no TLDs were found in them. Skipping unneeded JARs during scanning can improve startup time and JSP compilation time.
05-Jun-2022 20:51:05.309 INFO [main] org.apache.catalina.startup.HostConfig.deployDirectory Deployment of web application directory [E:\tools\java_tomcat\webapps\Lab5] has finished in [1 338] ms
05-Jun-2022 20:51:05.326 INFO [main] org.apache.catalina.startup.HostConfig.deployDirectory Установка веб приложения в папку [E:\tools\java_tomcat\webapps\lab6]
05-Jun-2022 20:51:05.707 INFO [main] org.apache.jasper.servlet.TldScanner.scanJars At least one JAR was scanned for TLDs yet contained no TLDs. Enable debug logging for this logger for a complete list of JARs that were scanned but no TLDs were found in them. Skipping unneeded JARs during scanning can improve startup time and JSP compilation time.
05-Jun-2022 20:51:05.764 INFO [main] org.apache.catalina.startup.HostConfig.deployDirectory Deployment of web application directory [E:\tools\java_tomcat\webapps\lab6] has finished in [437] ms
05-Jun-2022 20:51:05.778 INFO [main] org.apache.catalina.startup.HostConfig.deployDirectory Установка веб приложения в папку [E:\tools\java_tomcat\webapps\lab7]
05-Jun-2022 20:51:05.982 INFO [main] org.apache.jasper.servlet.TldScanner.scanJars At least one JAR was scanned for TLDs yet contained no TLDs. Enable debug logging for this logger for a complete list of JARs that were scanned but no TLDs were found in them. Skipping unneeded JARs during scanning can improve startup time and JSP compilation time.
05-Jun-2022 20:51:05.985 INFO [main] org.apache.catalina.startup.HostConfig.deployDirectory Deployment of web application directory [E:\tools\java_tomcat\webapps\lab7] has finished in [206] ms
05-Jun-2022 20:51:05.985 INFO [main] org.apache.catalina.startup.HostConfig.deployDirectory Установка веб приложения в папку [E:\tools\java_tomcat\webapps\lab8]
05-Jun-2022 20:51:06.285 INFO [main] org.apache.jasper.servlet.TldScanner.scanJars At least one JAR was scanned for TLDs yet contained no TLDs. Enable debug logging for this logger for a complete list of JARs that were scanned but no TLDs were found in them. Skipping unneeded JARs during scanning can improve startup time and JSP compilation time.
05-Jun-2022 20:51:06.291 INFO [main] org.apache.catalina.startup.HostConfig.deployDirectory Deployment of web application directory [E:\tools\java_tomcat\webapps\lab8] has finished in [306] ms
05-Jun-2022 20:51:06.291 INFO [main] org.apache.catalina.startup.HostConfig.deployDirectory Установка веб приложения в папку [E:\tools\java_tomcat\webapps\lab9]
05-Jun-2022 20:51:06.557 INFO [main] org.apache.jasper.servlet.TldScanner.scanJars At least one JAR was scanned for TLDs yet contained no TLDs. Enable debug logging for this logger for a complete list of JARs that were scanned but no TLDs were found in them. Skipping unneeded JARs during scanning can improve startup time and JSP compilation time.
05-Jun-2022 20:51:06.560 INFO [main] org.apache.catalina.startup.HostConfig.deployDirectory Deployment of web application directory [E:\tools\java_tomcat\webapps\lab9] has finished in [269] ms
05-Jun-2022 20:51:06.579 INFO [main] org.apache.catalina.startup.HostConfig.deployDirectory Установка веб приложения в папку [E:\tools\java_tomcat\webapps\manager]
05-Jun-2022 20:51:06.795 INFO [main] org.apache.jasper.servlet.TldScanner.scanJars At least one JAR was scanned for TLDs yet contained no TLDs. Enable debug logging for this logger for a complete list of JARs that were scanned but no TLDs were found in them. Skipping unneeded JARs during scanning can improve startup time and JSP compilation time.
05-Jun-2022 20:51:06.809 INFO [main] org.apache.catalina.startup.HostConfig.deployDirectory Deployment of web application directory [E:\tools\java_tomcat\webapps\manager] has finished in [229] ms
05-Jun-2022 20:51:06.809 INFO [main] org.apache.catalina.startup.HostConfig.deployDirectory Установка веб приложения в папку [E:\tools\java_tomcat\webapps\ROOT]
05-Jun-2022 20:51:06.937 INFO [main] org.apache.jasper.servlet.TldScanner.scanJars At least one JAR was scanned for TLDs yet contained no TLDs. Enable debug logging for this logger for a complete list of JARs that were scanned but no TLDs were found in them. Skipping unneeded JARs during scanning can improve startup time and JSP compilation time.
05-Jun-2022 20:51:06.939 INFO [main] org.apache.catalina.startup.HostConfig.deployDirectory Deployment of web application directory [E:\tools\java_tomcat\webapps\ROOT] has finished in [130] ms
05-Jun-2022 20:51:06.961 INFO [main] org.apache.coyote.AbstractProtocol.start Starting ProtocolHandler ["http-nio-8080"]
05-Jun-2022 20:51:07.016 INFO [main] org.apache.catalina.startup.Catalina.start Server startup in [6804] milliseconds
05-Jun-2022 20:58:37.517 INFO [Catalina-utility-2] org.apache.catalina.startup.HostConfig.reload Reloading context [/lab10]
05-Jun-2022 20:58:37.517 INFO [Catalina-utility-2] org.apache.catalina.core.StandardContext.reload Reloading Context with name [/lab10] has started
05-Jun-2022 20:58:37.528 WARNING [Catalina-utility-2] org.apache.catalina.loader.WebappClassLoaderBase.clearReferencesJdbc The web application [lab10] registered the JDBC driver [net.sourceforge.jtds.jdbc.Driver] but failed to unregister it when the web application was stopped. To prevent a memory leak, the JDBC Driver has been forcibly unregistered.
05-Jun-2022 20:58:37.528 WARNING [Catalina-utility-2] org.apache.catalina.loader.WebappClassLoaderBase.clearReferencesJdbc The web application [lab10] registered the JDBC driver [org.postgresql.Driver] but failed to unregister it when the web application was stopped. To prevent a memory leak, the JDBC Driver has been forcibly unregistered.
05-Jun-2022 20:58:37.785 INFO [Catalina-utility-2] org.apache.jasper.servlet.TldScanner.scanJars At least one JAR was scanned for TLDs yet contained no TLDs. Enable debug logging for this logger for a complete list of JARs that were scanned but no TLDs were found in them. Skipping unneeded JARs during scanning can improve startup time and JSP compilation time.
05-Jun-2022 20:58:37.789 INFO [Catalina-utility-2] org.apache.catalina.core.StandardContext.reload Reloading Context with name [/lab10] is completed
05-Jun-2022 21:01:58.017 INFO [Catalina-utility-2] org.apache.catalina.startup.HostConfig.reload Reloading context [/lab10]
05-Jun-2022 21:01:58.017 INFO [Catalina-utility-2] org.apache.catalina.core.StandardContext.reload Reloading Context with name [/lab10] has started
05-Jun-2022 21:01:58.021 WARNING [Catalina-utility-2] org.apache.catalina.loader.WebappClassLoaderBase.clearReferencesJdbc The web application [lab10] registered the JDBC driver [net.sourceforge.jtds.jdbc.Driver] but failed to unregister it when the web application was stopped. To prevent a memory leak, the JDBC Driver has been forcibly unregistered.
05-Jun-2022 21:01:58.022 WARNING [Catalina-utility-2] org.apache.catalina.loader.WebappClassLoaderBase.clearReferencesJdbc The web application [lab10] registered the JDBC driver [org.postgresql.Driver] but failed to unregister it when the web application was stopped. To prevent a memory leak, the JDBC Driver has been forcibly unregistered.
05-Jun-2022 21:01:58.110 INFO [Finalizer] org.apache.catalina.loader.WebappClassLoaderBase.checkStateForResourceLoading Illegal access: this web application instance has been stopped already. Could not load [net.sourceforge.jtds.util.TimerThread]. The following stack trace is thrown for debugging purposes as well as to attempt to terminate the thread which caused the illegal access.
	java.lang.IllegalStateException: Illegal access: this web application instance has been stopped already. Could not load [net.sourceforge.jtds.util.TimerThread]. The following stack trace is thrown for debugging purposes as well as to attempt to terminate the thread which caused the illegal access.
		at org.apache.catalina.loader.WebappClassLoaderBase.checkStateForResourceLoading(WebappClassLoaderBase.java:1427)
		at org.apache.catalina.loader.WebappClassLoaderBase.checkStateForClassLoading(WebappClassLoaderBase.java:1415)
		at org.apache.catalina.loader.WebappClassLoaderBase.loadClass(WebappClassLoaderBase.java:1254)
		at org.apache.catalina.loader.WebappClassLoaderBase.loadClass(WebappClassLoaderBase.java:1215)
		at net.sourceforge.jtds.jdbc.JtdsConnection.close(JtdsConnection.java:2141)
		at net.sourceforge.jtds.jdbc.JtdsConnection.finalize(JtdsConnection.java:475)
		at java.base/java.lang.System$2.invokeFinalize(System.java:2297)
		at java.base/java.lang.ref.Finalizer.runFinalizer(Finalizer.java:88)
		at java.base/java.lang.ref.Finalizer$FinalizerThread.run(Finalizer.java:173)
05-Jun-2022 21:01:58.349 INFO [Catalina-utility-2] org.apache.jasper.servlet.TldScanner.scanJars At least one JAR was scanned for TLDs yet contained no TLDs. Enable debug logging for this logger for a complete list of JARs that were scanned but no TLDs were found in them. Skipping unneeded JARs during scanning can improve startup time and JSP compilation time.
05-Jun-2022 21:01:58.352 INFO [Catalina-utility-2] org.apache.catalina.core.StandardContext.reload Reloading Context with name [/lab10] is completed
05-Jun-2022 21:05:28.615 INFO [Catalina-utility-1] org.apache.catalina.startup.HostConfig.reload Reloading context [/lab10]
05-Jun-2022 21:05:28.616 INFO [Catalina-utility-1] org.apache.catalina.core.StandardContext.reload Reloading Context with name [/lab10] has started
05-Jun-2022 21:05:28.617 WARNING [Catalina-utility-1] org.apache.catalina.loader.WebappClassLoaderBase.clearReferencesJdbc The web application [lab10] registered the JDBC driver [org.postgresql.Driver] but failed to unregister it when the web application was stopped. To prevent a memory leak, the JDBC Driver has been forcibly unregistered.
05-Jun-2022 21:05:28.816 INFO [Catalina-utility-1] org.apache.jasper.servlet.TldScanner.scanJars At least one JAR was scanned for TLDs yet contained no TLDs. Enable debug logging for this logger for a complete list of JARs that were scanned but no TLDs were found in them. Skipping unneeded JARs during scanning can improve startup time and JSP compilation time.
05-Jun-2022 21:05:28.819 INFO [Catalina-utility-1] org.apache.catalina.core.StandardContext.reload Reloading Context with name [/lab10] is completed
05-Jun-2022 21:06:58.911 INFO [Catalina-utility-2] org.apache.catalina.startup.HostConfig.reload Reloading context [/lab10]
05-Jun-2022 21:06:58.911 INFO [Catalina-utility-2] org.apache.catalina.core.StandardContext.reload Reloading Context with name [/lab10] has started
05-Jun-2022 21:06:58.914 WARNING [Catalina-utility-2] org.apache.catalina.loader.WebappClassLoaderBase.clearReferencesJdbc The web application [lab10] registered the JDBC driver [org.postgresql.Driver] but failed to unregister it when the web application was stopped. To prevent a memory leak, the JDBC Driver has been forcibly unregistered.
05-Jun-2022 21:06:59.091 INFO [Catalina-utility-2] org.apache.jasper.servlet.TldScanner.scanJars At least one JAR was scanned for TLDs yet contained no TLDs. Enable debug logging for this logger for a complete list of JARs that were scanned but no TLDs were found in them. Skipping unneeded JARs during scanning can improve startup time and JSP compilation time.
05-Jun-2022 21:06:59.094 INFO [Catalina-utility-2] org.apache.catalina.core.StandardContext.reload Reloading Context with name [/lab10] is completed
05-Jun-2022 21:09:49.331 INFO [Catalina-utility-1] org.apache.catalina.startup.HostConfig.reload Reloading context [/lab10]
05-Jun-2022 21:09:49.332 INFO [Catalina-utility-1] org.apache.catalina.core.StandardContext.reload Reloading Context with name [/lab10] has started
05-Jun-2022 21:09:49.333 WARNING [Catalina-utility-1] org.apache.catalina.loader.WebappClassLoaderBase.clearReferencesJdbc The web application [lab10] registered the JDBC driver [org.postgresql.Driver] but failed to unregister it when the web application was stopped. To prevent a memory leak, the JDBC Driver has been forcibly unregistered.
05-Jun-2022 21:09:49.488 INFO [Catalina-utility-1] org.apache.jasper.servlet.TldScanner.scanJars At least one JAR was scanned for TLDs yet contained no TLDs. Enable debug logging for this logger for a complete list of JARs that were scanned but no TLDs were found in them. Skipping unneeded JARs during scanning can improve startup time and JSP compilation time.
05-Jun-2022 21:09:49.490 INFO [Catalina-utility-1] org.apache.catalina.core.StandardContext.reload Reloading Context with name [/lab10] is completed
05-Jun-2022 21:11:29.614 INFO [Catalina-utility-1] org.apache.catalina.startup.HostConfig.reload Reloading context [/lab10]
05-Jun-2022 21:11:29.614 INFO [Catalina-utility-1] org.apache.catalina.core.StandardContext.reload Reloading Context with name [/lab10] has started
05-Jun-2022 21:11:29.617 WARNING [Catalina-utility-1] org.apache.catalina.loader.WebappClassLoaderBase.clearReferencesJdbc The web application [lab10] registered the JDBC driver [org.postgresql.Driver] but failed to unregister it when the web application was stopped. To prevent a memory leak, the JDBC Driver has been forcibly unregistered.
05-Jun-2022 21:11:29.821 INFO [Catalina-utility-1] org.apache.jasper.servlet.TldScanner.scanJars At least one JAR was scanned for TLDs yet contained no TLDs. Enable debug logging for this logger for a complete list of JARs that were scanned but no TLDs were found in them. Skipping unneeded JARs during scanning can improve startup time and JSP compilation time.
05-Jun-2022 21:11:29.825 INFO [Catalina-utility-1] org.apache.catalina.core.StandardContext.reload Reloading Context with name [/lab10] is completed
05-Jun-2022 21:16:00.135 INFO [Catalina-utility-2] org.apache.catalina.startup.HostConfig.reload Reloading context [/lab10]
05-Jun-2022 21:16:00.135 INFO [Catalina-utility-2] org.apache.catalina.core.StandardContext.reload Reloading Context with name [/lab10] has started
05-Jun-2022 21:16:00.137 WARNING [Catalina-utility-2] org.apache.catalina.loader.WebappClassLoaderBase.clearReferencesJdbc The web application [lab10] registered the JDBC driver [org.postgresql.Driver] but failed to unregister it when the web application was stopped. To prevent a memory leak, the JDBC Driver has been forcibly unregistered.
05-Jun-2022 21:16:00.298 INFO [Catalina-utility-2] org.apache.jasper.servlet.TldScanner.scanJars At least one JAR was scanned for TLDs yet contained no TLDs. Enable debug logging for this logger for a complete list of JARs that were scanned but no TLDs were found in them. Skipping unneeded JARs during scanning can improve startup time and JSP compilation time.
05-Jun-2022 21:16:00.300 INFO [Catalina-utility-2] org.apache.catalina.core.StandardContext.reload Reloading Context with name [/lab10] is completed
05-Jun-2022 21:17:00.374 INFO [Catalina-utility-1] org.apache.catalina.startup.HostConfig.reload Reloading context [/lab10]
05-Jun-2022 21:17:00.374 INFO [Catalina-utility-1] org.apache.catalina.core.StandardContext.reload Reloading Context with name [/lab10] has started
05-Jun-2022 21:17:00.377 WARNING [Catalina-utility-1] org.apache.catalina.loader.WebappClassLoaderBase.clearReferencesJdbc The web application [lab10] registered the JDBC driver [org.postgresql.Driver] but failed to unregister it when the web application was stopped. To prevent a memory leak, the JDBC Driver has been forcibly unregistered.
05-Jun-2022 21:17:00.536 INFO [Catalina-utility-1] org.apache.jasper.servlet.TldScanner.scanJars At least one JAR was scanned for TLDs yet contained no TLDs. Enable debug logging for this logger for a complete list of JARs that were scanned but no TLDs were found in them. Skipping unneeded JARs during scanning can improve startup time and JSP compilation time.
05-Jun-2022 21:17:00.538 INFO [Catalina-utility-1] org.apache.catalina.core.StandardContext.reload Reloading Context with name [/lab10] is completed
05-Jun-2022 21:17:50.580 INFO [Catalina-utility-2] org.apache.catalina.startup.HostConfig.reload Reloading context [/lab10]
05-Jun-2022 21:17:50.580 INFO [Catalina-utility-2] org.apache.catalina.core.StandardContext.reload Reloading Context with name [/lab10] has started
05-Jun-2022 21:17:50.582 WARNING [Catalina-utility-2] org.apache.catalina.loader.WebappClassLoaderBase.clearReferencesJdbc The web application [lab10] registered the JDBC driver [org.postgresql.Driver] but failed to unregister it when the web application was stopped. To prevent a memory leak, the JDBC Driver has been forcibly unregistered.
05-Jun-2022 21:17:50.731 INFO [Catalina-utility-2] org.apache.jasper.servlet.TldScanner.scanJars At least one JAR was scanned for TLDs yet contained no TLDs. Enable debug logging for this logger for a complete list of JARs that were scanned but no TLDs were found in them. Skipping unneeded JARs during scanning can improve startup time and JSP compilation time.
05-Jun-2022 21:17:50.733 INFO [Catalina-utility-2] org.apache.catalina.core.StandardContext.reload Reloading Context with name [/lab10] is completed
05-Jun-2022 21:19:10.848 INFO [Catalina-utility-2] org.apache.catalina.startup.HostConfig.reload Reloading context [/lab10]
05-Jun-2022 21:19:10.848 INFO [Catalina-utility-2] org.apache.catalina.core.StandardContext.reload Reloading Context with name [/lab10] has started
05-Jun-2022 21:19:10.851 WARNING [Catalina-utility-2] org.apache.catalina.loader.WebappClassLoaderBase.clearReferencesJdbc The web application [lab10] registered the JDBC driver [org.postgresql.Driver] but failed to unregister it when the web application was stopped. To prevent a memory leak, the JDBC Driver has been forcibly unregistered.
05-Jun-2022 21:19:11.036 INFO [Catalina-utility-2] org.apache.jasper.servlet.TldScanner.scanJars At least one JAR was scanned for TLDs yet contained no TLDs. Enable debug logging for this logger for a complete list of JARs that were scanned but no TLDs were found in them. Skipping unneeded JARs during scanning can improve startup time and JSP compilation time.
05-Jun-2022 21:19:11.038 INFO [Catalina-utility-2] org.apache.catalina.core.StandardContext.reload Reloading Context with name [/lab10] is completed
05-Jun-2022 21:25:31.439 INFO [Catalina-utility-2] org.apache.catalina.startup.HostConfig.reload Reloading context [/lab10]
05-Jun-2022 21:25:31.439 INFO [Catalina-utility-2] org.apache.catalina.core.StandardContext.reload Reloading Context with name [/lab10] has started
05-Jun-2022 21:25:31.442 WARNING [Catalina-utility-2] org.apache.catalina.loader.WebappClassLoaderBase.clearReferencesJdbc The web application [lab10] registered the JDBC driver [org.postgresql.Driver] but failed to unregister it when the web application was stopped. To prevent a memory leak, the JDBC Driver has been forcibly unregistered.
05-Jun-2022 21:25:31.578 INFO [Catalina-utility-2] org.apache.jasper.servlet.TldScanner.scanJars At least one JAR was scanned for TLDs yet contained no TLDs. Enable debug logging for this logger for a complete list of JARs that were scanned but no TLDs were found in them. Skipping unneeded JARs during scanning can improve startup time and JSP compilation time.
05-Jun-2022 21:25:31.580 INFO [Catalina-utility-2] org.apache.catalina.core.StandardContext.reload Reloading Context with name [/lab10] is completed
05-Jun-2022 22:18:25.502 INFO [Catalina-utility-1] org.apache.catalina.startup.HostConfig.reload Reloading context [/lab10]
05-Jun-2022 22:18:25.506 INFO [Catalina-utility-1] org.apache.catalina.core.StandardContext.reload Reloading Context with name [/lab10] has started
05-Jun-2022 22:18:25.786 INFO [Catalina-utility-1] org.apache.jasper.servlet.TldScanner.scanJars At least one JAR was scanned for TLDs yet contained no TLDs. Enable debug logging for this logger for a complete list of JARs that were scanned but no TLDs were found in them. Skipping unneeded JARs during scanning can improve startup time and JSP compilation time.
05-Jun-2022 22:18:25.789 INFO [Catalina-utility-1] org.apache.catalina.core.StandardContext.reload Reloading Context with name [/lab10] is completed
05-Jun-2022 22:19:56.636 WARNING [http-nio-8080-exec-92] org.postgresql.Driver.parseURL JDBC URL contains too many / characters: jdbc:postgresql://localhost/postgres/public
05-Jun-2022 22:19:57.903 WARNING [http-nio-8080-exec-93] org.postgresql.Driver.parseURL JDBC URL contains too many / characters: jdbc:postgresql://localhost/postgres/public
05-Jun-2022 22:20:00.700 WARNING [http-nio-8080-exec-89] org.postgresql.Driver.parseURL JDBC URL contains too many / characters: jdbc:postgresql://localhost/postgres/public
05-Jun-2022 22:20:05.921 INFO [Catalina-utility-1] org.apache.catalina.startup.HostConfig.reload Reloading context [/lab10]
05-Jun-2022 22:20:05.921 INFO [Catalina-utility-1] org.apache.catalina.core.StandardContext.reload Reloading Context with name [/lab10] has started
05-Jun-2022 22:20:05.924 WARNING [Catalina-utility-1] org.apache.catalina.loader.WebappClassLoaderBase.clearReferencesJdbc The web application [lab10] registered the JDBC driver [org.postgresql.Driver] but failed to unregister it when the web application was stopped. To prevent a memory leak, the JDBC Driver has been forcibly unregistered.
05-Jun-2022 22:20:06.090 INFO [Catalina-utility-1] org.apache.jasper.servlet.TldScanner.scanJars At least one JAR was scanned for TLDs yet contained no TLDs. Enable debug logging for this logger for a complete list of JARs that were scanned but no TLDs were found in them. Skipping unneeded JARs during scanning can improve startup time and JSP compilation time.
05-Jun-2022 22:20:06.093 INFO [Catalina-utility-1] org.apache.catalina.core.StandardContext.reload Reloading Context with name [/lab10] is completed
05-Jun-2022 22:22:36.267 INFO [Catalina-utility-2] org.apache.catalina.startup.HostConfig.reload Reloading context [/lab10]
05-Jun-2022 22:22:36.268 INFO [Catalina-utility-2] org.apache.catalina.core.StandardContext.reload Reloading Context with name [/lab10] has started
05-Jun-2022 22:22:36.270 WARNING [Catalina-utility-2] org.apache.catalina.loader.WebappClassLoaderBase.clearReferencesJdbc The web application [lab10] registered the JDBC driver [org.postgresql.Driver] but failed to unregister it when the web application was stopped. To prevent a memory leak, the JDBC Driver has been forcibly unregistered.
05-Jun-2022 22:22:36.470 INFO [Catalina-utility-2] org.apache.jasper.servlet.TldScanner.scanJars At least one JAR was scanned for TLDs yet contained no TLDs. Enable debug logging for this logger for a complete list of JARs that were scanned but no TLDs were found in them. Skipping unneeded JARs during scanning can improve startup time and JSP compilation time.
05-Jun-2022 22:22:36.473 INFO [Catalina-utility-2] org.apache.catalina.core.StandardContext.reload Reloading Context with name [/lab10] is completed
05-Jun-2022 22:24:06.578 INFO [Catalina-utility-2] org.apache.catalina.startup.HostConfig.reload Reloading context [/lab10]
05-Jun-2022 22:24:06.578 INFO [Catalina-utility-2] org.apache.catalina.core.StandardContext.reload Reloading Context with name [/lab10] has started
05-Jun-2022 22:24:06.579 WARNING [Catalina-utility-2] org.apache.catalina.loader.WebappClassLoaderBase.clearReferencesJdbc The web application [lab10] registered the JDBC driver [org.postgresql.Driver] but failed to unregister it when the web application was stopped. To prevent a memory leak, the JDBC Driver has been forcibly unregistered.
05-Jun-2022 22:24:06.864 INFO [Catalina-utility-2] org.apache.jasper.servlet.TldScanner.scanJars At least one JAR was scanned for TLDs yet contained no TLDs. Enable debug logging for this logger for a complete list of JARs that were scanned but no TLDs were found in them. Skipping unneeded JARs during scanning can improve startup time and JSP compilation time.
05-Jun-2022 22:24:06.866 INFO [Catalina-utility-2] org.apache.catalina.core.StandardContext.reload Reloading Context with name [/lab10] is completed
05-Jun-2022 22:25:47.003 INFO [Catalina-utility-2] org.apache.catalina.startup.HostConfig.reload Reloading context [/lab10]
05-Jun-2022 22:25:47.003 INFO [Catalina-utility-2] org.apache.catalina.core.StandardContext.reload Reloading Context with name [/lab10] has started
05-Jun-2022 22:25:47.004 INFO [Catalina-utility-2] org.apache.catalina.core.StandardWrapper.unload Ожидание для [1] экземпляра(ов) которые нужно освободить для сервлета [DBConnection]
05-Jun-2022 22:25:47.113 WARNING [Catalina-utility-2] org.apache.catalina.loader.WebappClassLoaderBase.clearReferencesJdbc The web application [lab10] registered the JDBC driver [org.postgresql.Driver] but failed to unregister it when the web application was stopped. To prevent a memory leak, the JDBC Driver has been forcibly unregistered.
05-Jun-2022 22:25:47.337 INFO [Catalina-utility-2] org.apache.jasper.servlet.TldScanner.scanJars At least one JAR was scanned for TLDs yet contained no TLDs. Enable debug logging for this logger for a complete list of JARs that were scanned but no TLDs were found in them. Skipping unneeded JARs during scanning can improve startup time and JSP compilation time.
05-Jun-2022 22:25:47.342 INFO [Catalina-utility-2] org.apache.catalina.core.StandardContext.reload Reloading Context with name [/lab10] is completed
05-Jun-2022 22:28:27.536 INFO [Catalina-utility-1] org.apache.catalina.startup.HostConfig.reload Reloading context [/lab10]
05-Jun-2022 22:28:27.536 INFO [Catalina-utility-1] org.apache.catalina.core.StandardContext.reload Reloading Context with name [/lab10] has started
05-Jun-2022 22:28:27.538 WARNING [Catalina-utility-1] org.apache.catalina.loader.WebappClassLoaderBase.clearReferencesJdbc The web application [lab10] registered the JDBC driver [org.postgresql.Driver] but failed to unregister it when the web application was stopped. To prevent a memory leak, the JDBC Driver has been forcibly unregistered.
05-Jun-2022 22:28:27.809 INFO [Catalina-utility-1] org.apache.jasper.servlet.TldScanner.scanJars At least one JAR was scanned for TLDs yet contained no TLDs. Enable debug logging for this logger for a complete list of JARs that were scanned but no TLDs were found in them. Skipping unneeded JARs during scanning can improve startup time and JSP compilation time.
05-Jun-2022 22:28:27.811 INFO [Catalina-utility-1] org.apache.catalina.core.StandardContext.reload Reloading Context with name [/lab10] is completed
05-Jun-2022 22:29:47.904 INFO [Catalina-utility-1] org.apache.catalina.startup.HostConfig.reload Reloading context [/lab10]
05-Jun-2022 22:29:47.904 INFO [Catalina-utility-1] org.apache.catalina.core.StandardContext.reload Reloading Context with name [/lab10] has started
05-Jun-2022 22:29:47.906 WARNING [Catalina-utility-1] org.apache.catalina.loader.WebappClassLoaderBase.clearReferencesJdbc The web application [lab10] registered the JDBC driver [org.postgresql.Driver] but failed to unregister it when the web application was stopped. To prevent a memory leak, the JDBC Driver has been forcibly unregistered.
05-Jun-2022 22:29:48.118 INFO [Catalina-utility-1] org.apache.jasper.servlet.TldScanner.scanJars At least one JAR was scanned for TLDs yet contained no TLDs. Enable debug logging for this logger for a complete list of JARs that were scanned but no TLDs were found in them. Skipping unneeded JARs during scanning can improve startup time and JSP compilation time.
05-Jun-2022 22:29:48.120 INFO [Catalina-utility-1] org.apache.catalina.core.StandardContext.reload Reloading Context with name [/lab10] is completed
05-Jun-2022 22:32:08.256 INFO [Catalina-utility-1] org.apache.catalina.startup.HostConfig.reload Reloading context [/lab10]
05-Jun-2022 22:32:08.256 INFO [Catalina-utility-1] org.apache.catalina.core.StandardContext.reload Reloading Context with name [/lab10] has started
05-Jun-2022 22:32:08.259 WARNING [Catalina-utility-1] org.apache.catalina.loader.WebappClassLoaderBase.clearReferencesJdbc The web application [lab10] registered the JDBC driver [org.postgresql.Driver] but failed to unregister it when the web application was stopped. To prevent a memory leak, the JDBC Driver has been forcibly unregistered.
05-Jun-2022 22:32:08.260 WARNING [Catalina-utility-1] org.apache.catalina.loader.WebappClassLoaderBase.clearReferencesJdbc The web application [lab10] registered the JDBC driver [net.sourceforge.jtds.jdbc.Driver] but failed to unregister it when the web application was stopped. To prevent a memory leak, the JDBC Driver has been forcibly unregistered.
05-Jun-2022 22:32:08.463 INFO [Catalina-utility-1] org.apache.jasper.servlet.TldScanner.scanJars At least one JAR was scanned for TLDs yet contained no TLDs. Enable debug logging for this logger for a complete list of JARs that were scanned but no TLDs were found in them. Skipping unneeded JARs during scanning can improve startup time and JSP compilation time.
05-Jun-2022 22:32:08.464 INFO [Catalina-utility-1] org.apache.catalina.core.StandardContext.reload Reloading Context with name [/lab10] is completed
05-Jun-2022 22:37:28.829 INFO [Catalina-utility-2] org.apache.catalina.startup.HostConfig.reload Reloading context [/lab10]
05-Jun-2022 22:37:28.829 INFO [Catalina-utility-2] org.apache.catalina.core.StandardContext.reload Reloading Context with name [/lab10] has started
05-Jun-2022 22:37:28.831 WARNING [Catalina-utility-2] org.apache.catalina.loader.WebappClassLoaderBase.clearReferencesJdbc The web application [lab10] registered the JDBC driver [org.postgresql.Driver] but failed to unregister it when the web application was stopped. To prevent a memory leak, the JDBC Driver has been forcibly unregistered.
05-Jun-2022 22:37:29.048 INFO [Catalina-utility-2] org.apache.jasper.servlet.TldScanner.scanJars At least one JAR was scanned for TLDs yet contained no TLDs. Enable debug logging for this logger for a complete list of JARs that were scanned but no TLDs were found in them. Skipping unneeded JARs during scanning can improve startup time and JSP compilation time.
05-Jun-2022 22:37:29.050 INFO [Catalina-utility-2] org.apache.catalina.core.StandardContext.reload Reloading Context with name [/lab10] is completed
05-Jun-2022 22:52:40.124 INFO [Catalina-utility-1] org.apache.catalina.startup.HostConfig.reload Reloading context [/lab10]
05-Jun-2022 22:52:40.124 INFO [Catalina-utility-1] org.apache.catalina.core.StandardContext.reload Reloading Context with name [/lab10] has started
05-Jun-2022 22:52:40.126 WARNING [Catalina-utility-1] org.apache.catalina.loader.WebappClassLoaderBase.clearReferencesJdbc The web application [lab10] registered the JDBC driver [org.postgresql.Driver] but failed to unregister it when the web application was stopped. To prevent a memory leak, the JDBC Driver has been forcibly unregistered.
05-Jun-2022 22:52:40.294 INFO [Catalina-utility-1] org.apache.jasper.servlet.TldScanner.scanJars At least one JAR was scanned for TLDs yet contained no TLDs. Enable debug logging for this logger for a complete list of JARs that were scanned but no TLDs were found in them. Skipping unneeded JARs during scanning can improve startup time and JSP compilation time.
05-Jun-2022 22:52:40.296 INFO [Catalina-utility-1] org.apache.catalina.core.StandardContext.reload Reloading Context with name [/lab10] is completed
05-Jun-2022 22:53:30.350 INFO [Catalina-utility-2] org.apache.catalina.startup.HostConfig.reload Reloading context [/lab10]
05-Jun-2022 22:53:30.350 INFO [Catalina-utility-2] org.apache.catalina.core.StandardContext.reload Reloading Context with name [/lab10] has started
05-Jun-2022 22:53:30.353 WARNING [Catalina-utility-2] org.apache.catalina.loader.WebappClassLoaderBase.clearReferencesJdbc The web application [lab10] registered the JDBC driver [org.postgresql.Driver] but failed to unregister it when the web application was stopped. To prevent a memory leak, the JDBC Driver has been forcibly unregistered.
05-Jun-2022 22:53:30.574 INFO [Catalina-utility-2] org.apache.jasper.servlet.TldScanner.scanJars At least one JAR was scanned for TLDs yet contained no TLDs. Enable debug logging for this logger for a complete list of JARs that were scanned but no TLDs were found in them. Skipping unneeded JARs during scanning can improve startup time and JSP compilation time.
05-Jun-2022 22:53:30.576 INFO [Catalina-utility-2] org.apache.catalina.core.StandardContext.reload Reloading Context with name [/lab10] is completed
05-Jun-2022 22:53:50.596 INFO [Catalina-utility-1] org.apache.catalina.startup.HostConfig.reload Reloading context [/lab10]
05-Jun-2022 22:53:50.596 INFO [Catalina-utility-1] org.apache.catalina.core.StandardContext.reload Reloading Context with name [/lab10] has started
05-Jun-2022 22:53:50.597 WARNING [Catalina-utility-1] org.apache.catalina.loader.WebappClassLoaderBase.clearReferencesJdbc The web application [lab10] registered the JDBC driver [org.postgresql.Driver] but failed to unregister it when the web application was stopped. To prevent a memory leak, the JDBC Driver has been forcibly unregistered.
05-Jun-2022 22:53:50.801 INFO [Catalina-utility-1] org.apache.jasper.servlet.TldScanner.scanJars At least one JAR was scanned for TLDs yet contained no TLDs. Enable debug logging for this logger for a complete list of JARs that were scanned but no TLDs were found in them. Skipping unneeded JARs during scanning can improve startup time and JSP compilation time.
05-Jun-2022 22:53:50.803 INFO [Catalina-utility-1] org.apache.catalina.core.StandardContext.reload Reloading Context with name [/lab10] is completed
05-Jun-2022 22:54:20.841 INFO [Catalina-utility-1] org.apache.catalina.startup.HostConfig.reload Reloading context [/lab10]
05-Jun-2022 22:54:20.841 INFO [Catalina-utility-1] org.apache.catalina.core.StandardContext.reload Reloading Context with name [/lab10] has started
05-Jun-2022 22:54:20.843 WARNING [Catalina-utility-1] org.apache.catalina.loader.WebappClassLoaderBase.clearReferencesJdbc The web application [lab10] registered the JDBC driver [org.postgresql.Driver] but failed to unregister it when the web application was stopped. To prevent a memory leak, the JDBC Driver has been forcibly unregistered.
05-Jun-2022 22:54:21.029 INFO [Catalina-utility-1] org.apache.jasper.servlet.TldScanner.scanJars At least one JAR was scanned for TLDs yet contained no TLDs. Enable debug logging for this logger for a complete list of JARs that were scanned but no TLDs were found in them. Skipping unneeded JARs during scanning can improve startup time and JSP compilation time.
05-Jun-2022 22:54:21.031 INFO [Catalina-utility-1] org.apache.catalina.core.StandardContext.reload Reloading Context with name [/lab10] is completed
05-Jun-2022 22:55:51.135 INFO [Catalina-utility-2] org.apache.catalina.startup.HostConfig.reload Reloading context [/lab10]
05-Jun-2022 22:55:51.135 INFO [Catalina-utility-2] org.apache.catalina.core.StandardContext.reload Reloading Context with name [/lab10] has started
05-Jun-2022 22:55:51.137 WARNING [Catalina-utility-2] org.apache.catalina.loader.WebappClassLoaderBase.clearReferencesJdbc The web application [lab10] registered the JDBC driver [org.postgresql.Driver] but failed to unregister it when the web application was stopped. To prevent a memory leak, the JDBC Driver has been forcibly unregistered.
05-Jun-2022 22:55:51.440 INFO [Catalina-utility-2] org.apache.jasper.servlet.TldScanner.scanJars At least one JAR was scanned for TLDs yet contained no TLDs. Enable debug logging for this logger for a complete list of JARs that were scanned but no TLDs were found in them. Skipping unneeded JARs during scanning can improve startup time and JSP compilation time.
05-Jun-2022 22:55:51.443 INFO [Catalina-utility-2] org.apache.catalina.core.StandardContext.reload Reloading Context with name [/lab10] is completed
05-Jun-2022 22:57:41.562 INFO [Catalina-utility-2] org.apache.catalina.startup.HostConfig.reload Reloading context [/lab10]
05-Jun-2022 22:57:41.563 INFO [Catalina-utility-2] org.apache.catalina.core.StandardContext.reload Reloading Context with name [/lab10] has started
05-Jun-2022 22:57:41.565 WARNING [Catalina-utility-2] org.apache.catalina.loader.WebappClassLoaderBase.clearReferencesJdbc The web application [lab10] registered the JDBC driver [org.postgresql.Driver] but failed to unregister it when the web application was stopped. To prevent a memory leak, the JDBC Driver has been forcibly unregistered.
05-Jun-2022 22:57:41.565 WARNING [Catalina-utility-2] org.apache.catalina.loader.WebappClassLoaderBase.clearReferencesJdbc The web application [lab10] registered the JDBC driver [net.sourceforge.jtds.jdbc.Driver] but failed to unregister it when the web application was stopped. To prevent a memory leak, the JDBC Driver has been forcibly unregistered.
05-Jun-2022 22:57:41.764 INFO [Catalina-utility-2] org.apache.jasper.servlet.TldScanner.scanJars At least one JAR was scanned for TLDs yet contained no TLDs. Enable debug logging for this logger for a complete list of JARs that were scanned but no TLDs were found in them. Skipping unneeded JARs during scanning can improve startup time and JSP compilation time.
05-Jun-2022 22:57:41.765 INFO [Catalina-utility-2] org.apache.catalina.core.StandardContext.reload Reloading Context with name [/lab10] is completed
