20-May-2022 07:42:13.580 INFO [main] org.apache.catalina.startup.VersionLoggerListener.log Server version name:   Apache Tomcat/9.0.60
20-May-2022 07:42:13.583 INFO [main] org.apache.catalina.startup.VersionLoggerListener.log Server built:          Mar 9 2022 14:52:25 UTC
20-May-2022 07:42:13.583 INFO [main] org.apache.catalina.startup.VersionLoggerListener.log Server version number: 9.0.60.0
20-May-2022 07:42:13.583 INFO [main] org.apache.catalina.startup.VersionLoggerListener.log OS Name:               Windows 10
20-May-2022 07:42:13.583 INFO [main] org.apache.catalina.startup.VersionLoggerListener.log Версия ОС:             10.0
20-May-2022 07:42:13.584 INFO [main] org.apache.catalina.startup.VersionLoggerListener.log Архитектура:           amd64
20-May-2022 07:42:13.585 INFO [main] org.apache.catalina.startup.VersionLoggerListener.log Java Home:             C:\Program Files\Java\jdk-17.0.2
20-May-2022 07:42:13.585 INFO [main] org.apache.catalina.startup.VersionLoggerListener.log Версия JVM:            17.0.2+8-LTS-86
20-May-2022 07:42:13.585 INFO [main] org.apache.catalina.startup.VersionLoggerListener.log JVM Vendor:            Oracle Corporation
20-May-2022 07:42:13.585 INFO [main] org.apache.catalina.startup.VersionLoggerListener.log CATALINA_BASE:         E:\tools\java_tomcat
20-May-2022 07:42:13.585 INFO [main] org.apache.catalina.startup.VersionLoggerListener.log CATALINA_HOME:         E:\tools\java_tomcat
20-May-2022 07:42:13.616 INFO [main] org.apache.catalina.startup.VersionLoggerListener.log Command line argument: -Dcatalina.home=E:\tools\java_tomcat
20-May-2022 07:42:13.617 INFO [main] org.apache.catalina.startup.VersionLoggerListener.log Command line argument: -Dcatalina.base=E:\tools\java_tomcat
20-May-2022 07:42:13.617 INFO [main] org.apache.catalina.startup.VersionLoggerListener.log Command line argument: -Djava.io.tmpdir=E:\tools\java_tomcat\temp
20-May-2022 07:42:13.617 INFO [main] org.apache.catalina.startup.VersionLoggerListener.log Command line argument: -Djava.util.logging.manager=org.apache.juli.ClassLoaderLogManager
20-May-2022 07:42:13.617 INFO [main] org.apache.catalina.startup.VersionLoggerListener.log Command line argument: -Djava.util.logging.config.file=E:\tools\java_tomcat\conf\logging.properties
20-May-2022 07:42:13.617 INFO [main] org.apache.catalina.startup.VersionLoggerListener.log Command line argument: --add-opens=java.base/java.lang=ALL-UNNAMED
20-May-2022 07:42:13.617 INFO [main] org.apache.catalina.startup.VersionLoggerListener.log Command line argument: --add-opens=java.base/java.io=ALL-UNNAMED
20-May-2022 07:42:13.617 INFO [main] org.apache.catalina.startup.VersionLoggerListener.log Command line argument: --add-opens=java.rmi/sun.rmi.transport=ALL-UNNAMED
20-May-2022 07:42:13.617 INFO [main] org.apache.catalina.startup.VersionLoggerListener.log Command line argument: exit
20-May-2022 07:42:13.617 INFO [main] org.apache.catalina.startup.VersionLoggerListener.log Command line argument: abort
20-May-2022 07:42:13.617 INFO [main] org.apache.catalina.startup.VersionLoggerListener.log Command line argument: -Xms128m
20-May-2022 07:42:13.617 INFO [main] org.apache.catalina.startup.VersionLoggerListener.log Command line argument: -Xmx256m
20-May-2022 07:42:13.623 INFO [main] org.apache.catalina.core.AprLifecycleListener.lifecycleEvent The Apache Tomcat Native library which allows using OpenSSL was not found on the java.library.path: [E:\tools\java_tomcat\bin;C:\WINDOWS\Sun\Java\bin;C:\WINDOWS\system32;C:\WINDOWS;C:\Program Files\Java\jdk-17.0.2\bin;C:\Program Files\Common Files\Oracle\Java\javapath;C:\ProgramData\Oracle\Java\javapath;C:\Windows\system32;C:\Windows;C:\Windows\System32\Wbem;C:\Windows\System32\WindowsPowerShell\v1.0\;C:\Windows\System32\OpenSSH\;C:\Program Files (x86)\NVIDIA Corporation\PhysX\Common;E:\tools\tera-scr\к тере\Git\cmd;C:\Program Files\NVIDIA Corporation\NVIDIA NvDLISR;C:\WINDOWS\system32;C:\WINDOWS;C:\WINDOWS\System32\Wbem;C:\WINDOWS\System32\WindowsPowerShell\v1.0\;C:\WINDOWS\System32\OpenSSH\;C:\Program Files\Azure Data Studio\bin;C:\Program Files\Microsoft SQL Server\Client SDK\ODBC\170\Tools\Binn\;C:\Program Files (x86)\Microsoft SQL Server\150\Tools\Binn\;C:\Program Files\Microsoft SQL Server\150\Tools\Binn\;C:\Program Files\Microsoft SQL Server\150\DTS\Binn\;C:\Program Files\Microsoft SQL Server\130\Tools\Binn\;E:\tools\flutter\bin\;E:\tools\java_ant\bin\;E:\tools\node\;E:\tools\flutter\bin;C:\Program Files\dotnet\;C:\WINDOWS\ServiceProfiles\LocalService\AppData\Local\Microsoft\WindowsApps;.]
20-May-2022 07:42:13.987 INFO [main] org.apache.coyote.AbstractProtocol.init Initializing ProtocolHandler ["http-nio-8080"]
20-May-2022 07:42:14.013 INFO [main] org.apache.catalina.startup.Catalina.load Server initialization in [847] milliseconds
20-May-2022 07:42:14.086 INFO [main] org.apache.catalina.core.StandardService.startInternal Starting service [Catalina]
20-May-2022 07:42:14.086 INFO [main] org.apache.catalina.core.StandardEngine.startInternal Starting Servlet engine: [Apache Tomcat/9.0.60]
20-May-2022 07:42:14.239 INFO [main] org.apache.catalina.startup.HostConfig.deployWAR Deploying web application archive [E:\tools\java_tomcat\webapps\InP_Lab3.war]
20-May-2022 07:42:15.881 INFO [main] org.apache.jasper.servlet.TldScanner.scanJars At least one JAR was scanned for TLDs yet contained no TLDs. Enable debug logging for this logger for a complete list of JARs that were scanned but no TLDs were found in them. Skipping unneeded JARs during scanning can improve startup time and JSP compilation time.
20-May-2022 07:42:15.979 INFO [main] org.apache.catalina.startup.HostConfig.deployWAR Deployment of web application archive [E:\tools\java_tomcat\webapps\InP_Lab3.war] has finished in [1 737] ms
20-May-2022 07:42:16.125 INFO [main] org.apache.catalina.startup.HostConfig.deployWAR Deploying web application archive [E:\tools\java_tomcat\webapps\Lab4.war]
20-May-2022 07:42:16.243 INFO [main] org.apache.catalina.startup.HostConfig.deployWAR Deployment of web application archive [E:\tools\java_tomcat\webapps\Lab4.war] has finished in [118] ms
20-May-2022 07:42:16.243 INFO [main] org.apache.catalina.startup.HostConfig.deployDirectory Установка веб приложения в папку [E:\tools\java_tomcat\webapps\ANaive]
20-May-2022 07:42:16.371 INFO [main] org.apache.catalina.startup.HostConfig.deployDirectory Deployment of web application directory [E:\tools\java_tomcat\webapps\ANaive] has finished in [128] ms
20-May-2022 07:42:16.372 INFO [main] org.apache.catalina.startup.HostConfig.deployDirectory Установка веб приложения в папку [E:\tools\java_tomcat\webapps\docs]
20-May-2022 07:42:16.399 INFO [main] org.apache.catalina.startup.HostConfig.deployDirectory Deployment of web application directory [E:\tools\java_tomcat\webapps\docs] has finished in [28] ms
20-May-2022 07:42:16.399 INFO [main] org.apache.catalina.startup.HostConfig.deployDirectory Установка веб приложения в папку [E:\tools\java_tomcat\webapps\Lab5]
20-May-2022 07:42:17.333 INFO [main] org.apache.jasper.servlet.TldScanner.scanJars At least one JAR was scanned for TLDs yet contained no TLDs. Enable debug logging for this logger for a complete list of JARs that were scanned but no TLDs were found in them. Skipping unneeded JARs during scanning can improve startup time and JSP compilation time.
20-May-2022 07:42:17.335 INFO [main] org.apache.catalina.startup.HostConfig.deployDirectory Deployment of web application directory [E:\tools\java_tomcat\webapps\Lab5] has finished in [936] ms
20-May-2022 07:42:17.353 INFO [main] org.apache.catalina.startup.HostConfig.deployDirectory Установка веб приложения в папку [E:\tools\java_tomcat\webapps\manager]
20-May-2022 07:42:17.486 INFO [main] org.apache.catalina.startup.HostConfig.deployDirectory Deployment of web application directory [E:\tools\java_tomcat\webapps\manager] has finished in [132] ms
20-May-2022 07:42:17.486 INFO [main] org.apache.catalina.startup.HostConfig.deployDirectory Установка веб приложения в папку [E:\tools\java_tomcat\webapps\ROOT]
20-May-2022 07:42:17.532 INFO [main] org.apache.catalina.startup.HostConfig.deployDirectory Deployment of web application directory [E:\tools\java_tomcat\webapps\ROOT] has finished in [46] ms
20-May-2022 07:42:17.552 INFO [main] org.apache.coyote.AbstractProtocol.start Starting ProtocolHandler ["http-nio-8080"]
20-May-2022 07:42:17.611 INFO [main] org.apache.catalina.startup.Catalina.start Server startup in [3596] milliseconds
20-May-2022 12:00:22.397 INFO [Thread-3] org.apache.coyote.AbstractProtocol.pause Pausing ProtocolHandler ["http-nio-8080"]
20-May-2022 12:00:22.417 INFO [Thread-3] org.apache.catalina.core.StandardService.stopInternal Stopping service [Catalina]
20-May-2022 12:00:22.442 INFO [Thread-3] org.apache.coyote.AbstractProtocol.stop Stopping ProtocolHandler ["http-nio-8080"]
20-May-2022 12:00:22.453 INFO [Thread-3] org.apache.coyote.AbstractProtocol.destroy Destroying ProtocolHandler ["http-nio-8080"]
