[2022-03-29 08:12:15] [info]  [ 7024] Apache Commons Daemon procrun (1.2.4.0 64-bit) started.
[2022-03-29 08:12:15] [info]  [ 7024] Running Service 'Tomcat9'...
[2022-03-29 08:12:15] [info]  [ 2272] Starting service...
[2022-03-29 08:12:18] [info]  [ 2272] Service started in 2162 milliseconds.
[2022-03-29 08:20:01] [info]  [10656] Stopping service...
[2022-03-29 08:20:02] [info]  [10656] Service stop thread completed.
[2022-03-29 08:20:02] [info]  [ 7024] Run service finished.
[2022-03-29 08:20:03] [info]  [ 7024] Apache Commons Daemon procrun finished.
[2022-03-29 08:20:21] [info]  [ 3388] Apache Commons Daemon procrun (1.2.4.0 64-bit) started.
[2022-03-29 08:20:21] [info]  [ 3388] Running Service 'Tomcat9'...
[2022-03-29 08:20:21] [info]  [ 6560] Starting service...
[2022-03-29 08:20:22] [info]  [ 6560] Service started in 1383 milliseconds.
[2022-03-29 08:42:20] [info]  [12252] Stopping service...
[2022-03-29 08:42:21] [info]  [12252] Service stop thread completed.
[2022-03-29 08:42:21] [info]  [ 3388] Run service finished.
[2022-03-29 08:42:21] [info]  [ 3388] Apache Commons Daemon procrun finished.
[2022-03-29 08:42:49] [info]  [12076] Apache Commons Daemon procrun (1.2.4.0 64-bit) started.
[2022-03-29 08:42:49] [info]  [12076] Running Service 'Tomcat9'...
[2022-03-29 08:42:49] [info]  [ 3852] Starting service...
[2022-03-29 08:42:50] [info]  [ 3852] Service started in 1314 milliseconds.
[2022-03-29 12:38:51] [info]  [25816] Console SHUTDOWN event signaled.
[2022-03-29 12:38:51] [info]  [25816] Stopping service...
[2022-03-29 12:38:53] [info]  [25816] Service stop thread completed.
[2022-03-29 12:38:53] [info]  [12076] Run service finished.
[2022-03-29 12:38:53] [info]  [12076] Apache Commons Daemon procrun finished.
