[2022-03-15 09:34:47] [info]  [14100] Apache Commons Daemon procrun (1.2.4.0 64-bit) started.
[2022-03-15 09:34:47] [info]  [14100] Installing service 'Tomcat9' name 'Apache Tomcat 9.0 Tomcat9'.
[2022-03-15 09:34:48] [info]  [14100] Service 'Tomcat9' installed.
[2022-03-15 09:34:48] [info]  [14100] Apache Commons Daemon procrun finished.
[2022-03-15 09:34:49] [info]  [21428] Apache Commons Daemon procrun (1.2.4.0 64-bit) started.
[2022-03-15 09:34:49] [info]  [21428] Updating service...
[2022-03-15 09:34:49] [info]  [21428] Updated service 'Tomcat9'.
[2022-03-15 09:34:50] [info]  [21428] Finished updating service 'Tomcat9'.
[2022-03-15 09:34:50] [info]  [21428] Apache Commons Daemon procrun finished.
[2022-03-15 09:34:50] [info]  [15752] Apache Commons Daemon procrun (1.2.4.0 64-bit) started.
[2022-03-15 09:34:50] [info]  [15752] Updating service...
[2022-03-15 09:34:51] [info]  [15752] Updated service 'Tomcat9'.
[2022-03-15 09:34:51] [info]  [15752] Finished updating service 'Tomcat9'.
[2022-03-15 09:34:51] [info]  [15752] Apache Commons Daemon procrun finished.
[2022-03-15 09:34:51] [info]  [14136] Apache Commons Daemon procrun (1.2.4.0 64-bit) started.
[2022-03-15 09:34:51] [info]  [14136] Updating service...
[2022-03-15 09:34:51] [info]  [14136] Updated service 'Tomcat9'.
[2022-03-15 09:34:51] [info]  [14136] Finished updating service 'Tomcat9'.
[2022-03-15 09:34:51] [info]  [14136] Apache Commons Daemon procrun finished.
[2022-03-15 09:34:51] [info]  [24012] Apache Commons Daemon procrun (1.2.4.0 64-bit) started.
[2022-03-15 09:34:51] [info]  [24012] Updating service...
[2022-03-15 09:34:51] [info]  [24012] Updated service 'Tomcat9'.
[2022-03-15 09:34:51] [info]  [24012] Finished updating service 'Tomcat9'.
[2022-03-15 09:34:51] [info]  [24012] Apache Commons Daemon procrun finished.
[2022-03-15 09:35:13] [info]  [ 7504] Apache Commons Daemon procrun (1.2.4.0 64-bit) started.
[2022-03-15 09:35:13] [info]  [ 7504] Running Service 'Tomcat9'...
[2022-03-15 09:35:13] [info]  [12528] Starting service...
[2022-03-15 09:35:15] [info]  [12528] Service started in 1583 milliseconds.
[2022-03-15 09:35:36] [info]  [15400] Apache Commons Daemon procrun (1.2.4.0 64-bit) started.
[2022-03-15 09:35:36] [info]  [15400] Debugging 'Tomcat9' service...
[2022-03-15 09:35:36] [info]  [15400] Starting service...
[2022-03-15 09:35:37] [info]  [15400] Service started in 1140 milliseconds.
[2022-03-15 09:35:48] [info]  [17620] Console CTRL+CLOSE event signaled.
[2022-03-15 09:35:48] [info]  [17620] Stopping service...
[2022-03-15 09:35:49] [info]  [17620] Service stop thread completed.
[2022-03-15 09:35:49] [info]  [ 8308] Console CTRL+BREAK event signaled.
[2022-03-15 09:48:11] [info]  [21276] Stopping service...
[2022-03-15 09:48:12] [info]  [21276] Service stop thread completed.
[2022-03-15 09:48:12] [info]  [ 7504] Run service finished.
[2022-03-15 09:48:12] [info]  [ 7504] Apache Commons Daemon procrun finished.
[2022-03-15 09:48:27] [info]  [ 8296] Apache Commons Daemon procrun (1.2.4.0 64-bit) started.
[2022-03-15 09:48:27] [info]  [ 8296] Running Service 'Tomcat9'...
[2022-03-15 09:48:27] [info]  [ 7696] Starting service...
[2022-03-15 09:48:28] [info]  [ 7696] Service started in 1142 milliseconds.
[2022-03-15 09:57:58] [info]  [23064] Stopping service...
[2022-03-15 09:57:59] [info]  [23064] Service stop thread completed.
[2022-03-15 09:57:59] [info]  [ 8296] Run service finished.
[2022-03-15 09:57:59] [info]  [ 8296] Apache Commons Daemon procrun finished.
[2022-03-15 09:58:16] [info]  [23772] Apache Commons Daemon procrun (1.2.4.0 64-bit) started.
[2022-03-15 09:58:16] [info]  [23772] Running Service 'Tomcat9'...
[2022-03-15 09:58:16] [info]  [19132] Starting service...
[2022-03-15 09:58:17] [info]  [19132] Service started in 1143 milliseconds.
[2022-03-15 10:06:57] [info]  [22420] Stopping service...
[2022-03-15 10:06:59] [info]  [22420] Service stop thread completed.
[2022-03-15 10:06:59] [info]  [23772] Run service finished.
[2022-03-15 10:06:59] [info]  [23772] Apache Commons Daemon procrun finished.
[2022-03-15 10:07:17] [info]  [17092] Apache Commons Daemon procrun (1.2.4.0 64-bit) started.
[2022-03-15 10:07:17] [info]  [17092] Running Service 'Tomcat9'...
[2022-03-15 10:07:17] [info]  [17704] Starting service...
[2022-03-15 10:07:18] [info]  [17704] Service started in 1128 milliseconds.
[2022-03-15 10:12:34] [info]  [23144] Console CTRL+BREAK event signaled.
[2022-03-15 10:12:38] [info]  [17624] Stopping service...
[2022-03-15 10:12:39] [info]  [17624] Service stop thread completed.
[2022-03-15 10:12:39] [info]  [17092] Run service finished.
[2022-03-15 10:12:39] [info]  [17092] Apache Commons Daemon procrun finished.
[2022-03-15 10:12:50] [info]  [ 6576] Apache Commons Daemon procrun (1.2.4.0 64-bit) started.
[2022-03-15 10:12:50] [info]  [ 6576] Running Service 'Tomcat9'...
[2022-03-15 10:12:50] [info]  [  268] Starting service...
[2022-03-15 10:12:51] [info]  [  268] Service started in 1139 milliseconds.
[2022-03-15 10:14:24] [info]  [23928] Stopping service...
[2022-03-15 10:14:25] [info]  [23928] Service stop thread completed.
[2022-03-15 10:14:25] [info]  [ 6576] Run service finished.
[2022-03-15 10:14:25] [info]  [ 6576] Apache Commons Daemon procrun finished.
[2022-03-15 10:15:03] [info]  [18828] Apache Commons Daemon procrun (1.2.4.0 64-bit) started.
[2022-03-15 10:15:03] [info]  [18828] Running Service 'Tomcat9'...
[2022-03-15 10:15:03] [info]  [ 8732] Starting service...
[2022-03-15 10:15:05] [info]  [ 8732] Service started in 1251 milliseconds.
[2022-03-15 10:22:51] [info]  [23576] Stopping service...
[2022-03-15 10:22:52] [info]  [23576] Service stop thread completed.
[2022-03-15 10:22:52] [info]  [18828] Run service finished.
[2022-03-15 10:22:52] [info]  [18828] Apache Commons Daemon procrun finished.
[2022-03-15 10:23:11] [info]  [ 2448] Apache Commons Daemon procrun (1.2.4.0 64-bit) started.
[2022-03-15 10:23:11] [info]  [ 2448] Running Service 'Tomcat9'...
[2022-03-15 10:23:11] [info]  [ 3736] Starting service...
[2022-03-15 10:23:12] [info]  [ 3736] Service started in 1137 milliseconds.
[2022-03-15 10:24:54] [info]  [21868] Stopping service...
[2022-03-15 10:24:55] [info]  [21868] Service stop thread completed.
[2022-03-15 10:24:55] [info]  [ 2448] Run service finished.
[2022-03-15 10:24:55] [info]  [ 2448] Apache Commons Daemon procrun finished.
[2022-03-15 10:25:01] [info]  [  760] Apache Commons Daemon procrun (1.2.4.0 64-bit) started.
[2022-03-15 10:25:02] [info]  [  760] Running Service 'Tomcat9'...
[2022-03-15 10:25:02] [info]  [ 4892] Starting service...
[2022-03-15 10:25:03] [info]  [ 4892] Service started in 1143 milliseconds.
[2022-03-16 01:21:39] [info]  [26312] Console SHUTDOWN event signaled.
[2022-03-16 01:21:39] [info]  [26312] Stopping service...
[2022-03-16 01:21:40] [info]  [26312] Service stop thread completed.
[2022-03-16 01:21:40] [info]  [  760] Run service finished.
[2022-03-16 01:21:40] [info]  [  760] Apache Commons Daemon procrun finished.
