[2022-06-06 07:26:54] [info]  [19928] Apache Commons Daemon procrun (1.2.4.0 64-bit) started.
[2022-06-06 07:26:54] [info]  [19928] Running Service 'Tomcat9'...
[2022-06-06 07:26:55] [info]  [ 8268] Starting service...
[2022-06-06 07:26:56] [info]  [ 8268] Service started in 1171 milliseconds.
[2022-06-06 08:31:52] [info]  [10472] Stopping service...
[2022-06-06 08:31:53] [info]  [10472] Service stop thread completed.
[2022-06-06 08:31:54] [info]  [19928] Run service finished.
[2022-06-06 08:31:54] [info]  [19928] Apache Commons Daemon procrun finished.
[2022-06-06 08:32:03] [info]  [ 3608] Apache Commons Daemon procrun (1.2.4.0 64-bit) started.
[2022-06-06 08:32:03] [info]  [ 3608] Running Service 'Tomcat9'...
[2022-06-06 08:32:03] [info]  [18144] Starting service...
[2022-06-06 08:32:04] [info]  [18144] Service started in 1183 milliseconds.
[2022-06-06 09:14:17] [info]  [13280] Stopping service...
[2022-06-06 09:14:19] [info]  [13280] Service stop thread completed.
[2022-06-06 09:14:19] [info]  [ 3608] Run service finished.
[2022-06-06 09:14:19] [info]  [ 3608] Apache Commons Daemon procrun finished.
[2022-06-06 09:14:35] [info]  [18928] Apache Commons Daemon procrun (1.2.4.0 64-bit) started.
[2022-06-06 09:14:35] [info]  [18928] Running Service 'Tomcat9'...
[2022-06-06 09:14:35] [info]  [20812] Starting service...
[2022-06-06 09:14:36] [info]  [20812] Service started in 1221 milliseconds.
[2022-06-06 15:01:40] [info]  [12372] Stopping service...
[2022-06-06 15:01:41] [info]  [12372] Service stop thread completed.
[2022-06-06 15:01:41] [info]  [18928] Run service finished.
[2022-06-06 15:01:41] [info]  [18928] Apache Commons Daemon procrun finished.
