
2022-03-29 08:12:15 Apache Commons Daemon procrun stdout initialized.
Sss:constructor
Ggg:constructor

2022-03-29 08:20:21 Apache Commons Daemon procrun stdout initialized.
Sss:constructor
Ggg:constructor
Sss:constructor
Ggg:constructor
Sss:constructor
Ggg:constructor
Sss:constructor
Ggg:constructor
Sss:constructor
Ggg:constructor
Sss:constructor
Ggg:constructor
Sss:constructor
Ggg:constructor

2022-03-29 08:42:49 Apache Commons Daemon procrun stdout initialized.
Sss:constructor
Ggg:constructor
Sss:constructor
Ggg:constructor
Sss:constructor
Ggg:constructor
Sss:constructor
Ggg:constructor
Sss:constructor
Ggg:constructor
Sss:constructor
Ggg:constructor
Sss:constructor
Ggg:constructor
Sss:constructor
Sss:init
Sss: service: GET
Sss: service: POST
Sss: service: GET
Ggg:doGet:page=27s
Ggg:doGet:name=Vlad
Sss: service: GET
Sss: service: POST
Sss: service: POST
Ggg:doGet:page=27s
Ggg:doGet:name=Vlad
Sss: service: POST
Sss: service: GET
Sss: service: GET
Sss: service: GET
Sss:destroy
