
2022-05-30 14:36:37 Apache Commons Daemon procrun stderr initialized.
30-May-2022 14:36:40.550 INFO [main] org.apache.catalina.startup.VersionLoggerListener.log Server version name:   Apache Tomcat/9.0.60
30-May-2022 14:36:40.553 INFO [main] org.apache.catalina.startup.VersionLoggerListener.log Server built:          Mar 9 2022 14:52:25 UTC
30-May-2022 14:36:40.554 INFO [main] org.apache.catalina.startup.VersionLoggerListener.log Server version number: 9.0.60.0
30-May-2022 14:36:40.554 INFO [main] org.apache.catalina.startup.VersionLoggerListener.log OS Name:               Windows 10
30-May-2022 14:36:40.554 INFO [main] org.apache.catalina.startup.VersionLoggerListener.log Версия ОС:             10.0
30-May-2022 14:36:40.555 INFO [main] org.apache.catalina.startup.VersionLoggerListener.log Архитектура:           amd64
30-May-2022 14:36:40.555 INFO [main] org.apache.catalina.startup.VersionLoggerListener.log Java Home:             C:\Program Files\Java\jdk-17.0.2
30-May-2022 14:36:40.555 INFO [main] org.apache.catalina.startup.VersionLoggerListener.log Версия JVM:            17.0.2+8-LTS-86
30-May-2022 14:36:40.555 INFO [main] org.apache.catalina.startup.VersionLoggerListener.log JVM Vendor:            Oracle Corporation
30-May-2022 14:36:40.555 INFO [main] org.apache.catalina.startup.VersionLoggerListener.log CATALINA_BASE:         E:\tools\java_tomcat
30-May-2022 14:36:40.556 INFO [main] org.apache.catalina.startup.VersionLoggerListener.log CATALINA_HOME:         E:\tools\java_tomcat
30-May-2022 14:36:40.596 INFO [main] org.apache.catalina.startup.VersionLoggerListener.log Command line argument: -Dcatalina.home=E:\tools\java_tomcat
30-May-2022 14:36:40.597 INFO [main] org.apache.catalina.startup.VersionLoggerListener.log Command line argument: -Dcatalina.base=E:\tools\java_tomcat
30-May-2022 14:36:40.597 INFO [main] org.apache.catalina.startup.VersionLoggerListener.log Command line argument: -Djava.io.tmpdir=E:\tools\java_tomcat\temp
30-May-2022 14:36:40.597 INFO [main] org.apache.catalina.startup.VersionLoggerListener.log Command line argument: -Djava.util.logging.manager=org.apache.juli.ClassLoaderLogManager
30-May-2022 14:36:40.597 INFO [main] org.apache.catalina.startup.VersionLoggerListener.log Command line argument: -Djava.util.logging.config.file=E:\tools\java_tomcat\conf\logging.properties
30-May-2022 14:36:40.597 INFO [main] org.apache.catalina.startup.VersionLoggerListener.log Command line argument: --add-opens=java.base/java.lang=ALL-UNNAMED
30-May-2022 14:36:40.597 INFO [main] org.apache.catalina.startup.VersionLoggerListener.log Command line argument: --add-opens=java.base/java.io=ALL-UNNAMED
30-May-2022 14:36:40.597 INFO [main] org.apache.catalina.startup.VersionLoggerListener.log Command line argument: --add-opens=java.rmi/sun.rmi.transport=ALL-UNNAMED
30-May-2022 14:36:40.597 INFO [main] org.apache.catalina.startup.VersionLoggerListener.log Command line argument: exit
30-May-2022 14:36:40.597 INFO [main] org.apache.catalina.startup.VersionLoggerListener.log Command line argument: abort
30-May-2022 14:36:40.597 INFO [main] org.apache.catalina.startup.VersionLoggerListener.log Command line argument: -Xms128m
30-May-2022 14:36:40.597 INFO [main] org.apache.catalina.startup.VersionLoggerListener.log Command line argument: -Xmx256m
30-May-2022 14:36:40.603 INFO [main] org.apache.catalina.core.AprLifecycleListener.lifecycleEvent The Apache Tomcat Native library which allows using OpenSSL was not found on the java.library.path: [E:\tools\java_tomcat\bin;C:\WINDOWS\Sun\Java\bin;C:\WINDOWS\system32;C:\WINDOWS;C:\Program Files\Java\jdk-17.0.2\bin;C:\Program Files\Common Files\Oracle\Java\javapath;C:\ProgramData\Oracle\Java\javapath;C:\Windows\system32;C:\Windows;C:\Windows\System32\Wbem;C:\Windows\System32\WindowsPowerShell\v1.0\;C:\Windows\System32\OpenSSH\;C:\Program Files (x86)\NVIDIA Corporation\PhysX\Common;E:\tools\tera-scr\к тере\Git\cmd;C:\Program Files\NVIDIA Corporation\NVIDIA NvDLISR;C:\WINDOWS\system32;C:\WINDOWS;C:\WINDOWS\System32\Wbem;C:\WINDOWS\System32\WindowsPowerShell\v1.0\;C:\WINDOWS\System32\OpenSSH\;C:\Program Files\Azure Data Studio\bin;C:\Program Files\Microsoft SQL Server\Client SDK\ODBC\170\Tools\Binn\;C:\Program Files (x86)\Microsoft SQL Server\150\Tools\Binn\;C:\Program Files\Microsoft SQL Server\150\Tools\Binn\;C:\Program Files\Microsoft SQL Server\150\DTS\Binn\;C:\Program Files\Microsoft SQL Server\130\Tools\Binn\;E:\tools\flutter\bin\;E:\tools\java_ant\bin\;E:\tools\node\;E:\tools\flutter\bin;C:\Program Files\dotnet\;E:\tools\32awrew\Безопасность\emsdk\emsdk_env.bat;C:\WINDOWS\ServiceProfiles\LocalService\AppData\Local\Microsoft\WindowsApps;.]
30-May-2022 14:36:40.951 INFO [main] org.apache.coyote.AbstractProtocol.init Initializing ProtocolHandler ["http-nio-8080"]
30-May-2022 14:36:40.981 INFO [main] org.apache.catalina.startup.Catalina.load Server initialization in [756] milliseconds
30-May-2022 14:36:41.049 INFO [main] org.apache.catalina.core.StandardService.startInternal Starting service [Catalina]
30-May-2022 14:36:41.049 INFO [main] org.apache.catalina.core.StandardEngine.startInternal Starting Servlet engine: [Apache Tomcat/9.0.60]
30-May-2022 14:36:41.134 INFO [main] org.apache.catalina.startup.HostConfig.deployWAR Deploying web application archive [E:\tools\java_tomcat\webapps\InP_Lab3.war]
30-May-2022 14:36:42.645 INFO [main] org.apache.jasper.servlet.TldScanner.scanJars At least one JAR was scanned for TLDs yet contained no TLDs. Enable debug logging for this logger for a complete list of JARs that were scanned but no TLDs were found in them. Skipping unneeded JARs during scanning can improve startup time and JSP compilation time.
30-May-2022 14:36:42.737 INFO [main] org.apache.catalina.startup.HostConfig.deployWAR Deployment of web application archive [E:\tools\java_tomcat\webapps\InP_Lab3.war] has finished in [1 601] ms
30-May-2022 14:36:42.834 INFO [main] org.apache.catalina.startup.HostConfig.deployWAR Deploying web application archive [E:\tools\java_tomcat\webapps\Lab4.war]
30-May-2022 14:36:42.890 INFO [main] org.apache.catalina.startup.HostConfig.deployWAR Deployment of web application archive [E:\tools\java_tomcat\webapps\Lab4.war] has finished in [55] ms
30-May-2022 14:36:42.890 INFO [main] org.apache.catalina.startup.HostConfig.deployDirectory Установка веб приложения в папку [E:\tools\java_tomcat\webapps\ANaive]
30-May-2022 14:36:42.968 INFO [main] org.apache.catalina.startup.HostConfig.deployDirectory Deployment of web application directory [E:\tools\java_tomcat\webapps\ANaive] has finished in [78] ms
30-May-2022 14:36:42.969 INFO [main] org.apache.catalina.startup.HostConfig.deployDirectory Установка веб приложения в папку [E:\tools\java_tomcat\webapps\docs]
30-May-2022 14:36:42.990 INFO [main] org.apache.catalina.startup.HostConfig.deployDirectory Deployment of web application directory [E:\tools\java_tomcat\webapps\docs] has finished in [21] ms
30-May-2022 14:36:42.991 INFO [main] org.apache.catalina.startup.HostConfig.deployDirectory Установка веб приложения в папку [E:\tools\java_tomcat\webapps\Lab5]
30-May-2022 14:36:44.031 INFO [main] org.apache.jasper.servlet.TldScanner.scanJars At least one JAR was scanned for TLDs yet contained no TLDs. Enable debug logging for this logger for a complete list of JARs that were scanned but no TLDs were found in them. Skipping unneeded JARs during scanning can improve startup time and JSP compilation time.
30-May-2022 14:36:44.034 INFO [main] org.apache.catalina.startup.HostConfig.deployDirectory Deployment of web application directory [E:\tools\java_tomcat\webapps\Lab5] has finished in [1 044] ms
30-May-2022 14:36:44.034 INFO [main] org.apache.catalina.startup.HostConfig.deployDirectory Установка веб приложения в папку [E:\tools\java_tomcat\webapps\lab6]
30-May-2022 14:36:44.194 INFO [main] org.apache.jasper.servlet.TldScanner.scanJars At least one JAR was scanned for TLDs yet contained no TLDs. Enable debug logging for this logger for a complete list of JARs that were scanned but no TLDs were found in them. Skipping unneeded JARs during scanning can improve startup time and JSP compilation time.
30-May-2022 14:36:44.196 INFO [main] org.apache.catalina.startup.HostConfig.deployDirectory Deployment of web application directory [E:\tools\java_tomcat\webapps\lab6] has finished in [162] ms
30-May-2022 14:36:44.196 INFO [main] org.apache.catalina.startup.HostConfig.deployDirectory Установка веб приложения в папку [E:\tools\java_tomcat\webapps\manager]
30-May-2022 14:36:44.358 INFO [main] org.apache.catalina.startup.HostConfig.deployDirectory Deployment of web application directory [E:\tools\java_tomcat\webapps\manager] has finished in [162] ms
30-May-2022 14:36:44.358 INFO [main] org.apache.catalina.startup.HostConfig.deployDirectory Установка веб приложения в папку [E:\tools\java_tomcat\webapps\ROOT]
30-May-2022 14:36:44.409 INFO [main] org.apache.catalina.startup.HostConfig.deployDirectory Deployment of web application directory [E:\tools\java_tomcat\webapps\ROOT] has finished in [51] ms
30-May-2022 14:36:44.412 INFO [main] org.apache.coyote.AbstractProtocol.start Starting ProtocolHandler ["http-nio-8080"]
30-May-2022 14:36:44.492 INFO [main] org.apache.catalina.startup.Catalina.start Server startup in [3509] milliseconds
30-May-2022 14:46:04.881 INFO [Catalina-utility-2] org.apache.catalina.startup.HostConfig.reload Reloading context [/lab6]
30-May-2022 14:46:04.881 INFO [Catalina-utility-2] org.apache.catalina.core.StandardContext.reload Reloading Context with name [/lab6] has started
30-May-2022 14:46:04.947 INFO [Catalina-utility-2] org.apache.jasper.servlet.TldScanner.scanJars At least one JAR was scanned for TLDs yet contained no TLDs. Enable debug logging for this logger for a complete list of JARs that were scanned but no TLDs were found in them. Skipping unneeded JARs during scanning can improve startup time and JSP compilation time.
30-May-2022 14:46:04.954 INFO [Catalina-utility-2] org.apache.catalina.core.StandardContext.reload Reloading Context with name [/lab6] is completed
30-May-2022 15:15:25.654 INFO [Catalina-utility-1] org.apache.catalina.startup.HostConfig.reload Reloading context [/lab6]
30-May-2022 15:15:25.654 INFO [Catalina-utility-1] org.apache.catalina.core.StandardContext.reload Reloading Context with name [/lab6] has started
30-May-2022 15:15:25.699 INFO [Catalina-utility-1] org.apache.jasper.servlet.TldScanner.scanJars At least one JAR was scanned for TLDs yet contained no TLDs. Enable debug logging for this logger for a complete list of JARs that were scanned but no TLDs were found in them. Skipping unneeded JARs during scanning can improve startup time and JSP compilation time.
30-May-2022 15:15:25.700 INFO [Catalina-utility-1] org.apache.catalina.core.StandardContext.reload Reloading Context with name [/lab6] is completed
30-May-2022 16:13:28.710 INFO [Thread-3] org.apache.coyote.AbstractProtocol.pause Pausing ProtocolHandler ["http-nio-8080"]
30-May-2022 16:13:28.721 INFO [Thread-3] org.apache.catalina.core.StandardService.stopInternal Stopping service [Catalina]
30-May-2022 16:13:28.739 INFO [Thread-3] org.apache.coyote.AbstractProtocol.stop Stopping ProtocolHandler ["http-nio-8080"]
30-May-2022 16:13:28.746 INFO [Thread-3] org.apache.coyote.AbstractProtocol.destroy Destroying ProtocolHandler ["http-nio-8080"]

2022-05-30 16:13:40 Apache Commons Daemon procrun stderr initialized.
30-May-2022 16:13:41.113 INFO [main] org.apache.catalina.startup.VersionLoggerListener.log Server version name:   Apache Tomcat/9.0.60
30-May-2022 16:13:41.116 INFO [main] org.apache.catalina.startup.VersionLoggerListener.log Server built:          Mar 9 2022 14:52:25 UTC
30-May-2022 16:13:41.116 INFO [main] org.apache.catalina.startup.VersionLoggerListener.log Server version number: 9.0.60.0
30-May-2022 16:13:41.116 INFO [main] org.apache.catalina.startup.VersionLoggerListener.log OS Name:               Windows 10
30-May-2022 16:13:41.116 INFO [main] org.apache.catalina.startup.VersionLoggerListener.log Версия ОС:             10.0
30-May-2022 16:13:41.117 INFO [main] org.apache.catalina.startup.VersionLoggerListener.log Архитектура:           amd64
30-May-2022 16:13:41.117 INFO [main] org.apache.catalina.startup.VersionLoggerListener.log Java Home:             C:\Program Files\Java\jdk-17.0.2
30-May-2022 16:13:41.117 INFO [main] org.apache.catalina.startup.VersionLoggerListener.log Версия JVM:            17.0.2+8-LTS-86
30-May-2022 16:13:41.118 INFO [main] org.apache.catalina.startup.VersionLoggerListener.log JVM Vendor:            Oracle Corporation
30-May-2022 16:13:41.118 INFO [main] org.apache.catalina.startup.VersionLoggerListener.log CATALINA_BASE:         E:\tools\java_tomcat
30-May-2022 16:13:41.118 INFO [main] org.apache.catalina.startup.VersionLoggerListener.log CATALINA_HOME:         E:\tools\java_tomcat
30-May-2022 16:13:41.127 INFO [main] org.apache.catalina.startup.VersionLoggerListener.log Command line argument: -Dcatalina.home=E:\tools\java_tomcat
30-May-2022 16:13:41.127 INFO [main] org.apache.catalina.startup.VersionLoggerListener.log Command line argument: -Dcatalina.base=E:\tools\java_tomcat
30-May-2022 16:13:41.127 INFO [main] org.apache.catalina.startup.VersionLoggerListener.log Command line argument: -Djava.io.tmpdir=E:\tools\java_tomcat\temp
30-May-2022 16:13:41.127 INFO [main] org.apache.catalina.startup.VersionLoggerListener.log Command line argument: -Djava.util.logging.manager=org.apache.juli.ClassLoaderLogManager
30-May-2022 16:13:41.127 INFO [main] org.apache.catalina.startup.VersionLoggerListener.log Command line argument: -Djava.util.logging.config.file=E:\tools\java_tomcat\conf\logging.properties
30-May-2022 16:13:41.127 INFO [main] org.apache.catalina.startup.VersionLoggerListener.log Command line argument: --add-opens=java.base/java.lang=ALL-UNNAMED
30-May-2022 16:13:41.127 INFO [main] org.apache.catalina.startup.VersionLoggerListener.log Command line argument: --add-opens=java.base/java.io=ALL-UNNAMED
30-May-2022 16:13:41.127 INFO [main] org.apache.catalina.startup.VersionLoggerListener.log Command line argument: --add-opens=java.rmi/sun.rmi.transport=ALL-UNNAMED
30-May-2022 16:13:41.127 INFO [main] org.apache.catalina.startup.VersionLoggerListener.log Command line argument: exit
30-May-2022 16:13:41.128 INFO [main] org.apache.catalina.startup.VersionLoggerListener.log Command line argument: abort
30-May-2022 16:13:41.128 INFO [main] org.apache.catalina.startup.VersionLoggerListener.log Command line argument: -Xms128m
30-May-2022 16:13:41.128 INFO [main] org.apache.catalina.startup.VersionLoggerListener.log Command line argument: -Xmx256m
30-May-2022 16:13:41.134 INFO [main] org.apache.catalina.core.AprLifecycleListener.lifecycleEvent The Apache Tomcat Native library which allows using OpenSSL was not found on the java.library.path: [E:\tools\java_tomcat\bin;C:\WINDOWS\Sun\Java\bin;C:\WINDOWS\system32;C:\WINDOWS;C:\Program Files\Java\jdk-17.0.2\bin;C:\Program Files\Common Files\Oracle\Java\javapath;C:\ProgramData\Oracle\Java\javapath;C:\Windows\system32;C:\Windows;C:\Windows\System32\Wbem;C:\Windows\System32\WindowsPowerShell\v1.0\;C:\Windows\System32\OpenSSH\;C:\Program Files (x86)\NVIDIA Corporation\PhysX\Common;E:\tools\tera-scr\к тере\Git\cmd;C:\Program Files\NVIDIA Corporation\NVIDIA NvDLISR;C:\WINDOWS\system32;C:\WINDOWS;C:\WINDOWS\System32\Wbem;C:\WINDOWS\System32\WindowsPowerShell\v1.0\;C:\WINDOWS\System32\OpenSSH\;C:\Program Files\Azure Data Studio\bin;C:\Program Files\Microsoft SQL Server\Client SDK\ODBC\170\Tools\Binn\;C:\Program Files (x86)\Microsoft SQL Server\150\Tools\Binn\;C:\Program Files\Microsoft SQL Server\150\Tools\Binn\;C:\Program Files\Microsoft SQL Server\150\DTS\Binn\;C:\Program Files\Microsoft SQL Server\130\Tools\Binn\;E:\tools\flutter\bin\;E:\tools\java_ant\bin\;E:\tools\node\;E:\tools\flutter\bin;C:\Program Files\dotnet\;E:\tools\32awrew\Безопасность\emsdk\emsdk_env.bat;C:\WINDOWS\ServiceProfiles\LocalService\AppData\Local\Microsoft\WindowsApps;.]
30-May-2022 16:13:41.356 INFO [main] org.apache.coyote.AbstractProtocol.init Initializing ProtocolHandler ["http-nio-8080"]
30-May-2022 16:13:41.376 INFO [main] org.apache.catalina.startup.Catalina.load Server initialization in [422] milliseconds
30-May-2022 16:13:41.411 INFO [main] org.apache.catalina.core.StandardService.startInternal Starting service [Catalina]
30-May-2022 16:13:41.412 INFO [main] org.apache.catalina.core.StandardEngine.startInternal Starting Servlet engine: [Apache Tomcat/9.0.60]
30-May-2022 16:13:41.425 INFO [main] org.apache.catalina.startup.HostConfig.deployWAR Deploying web application archive [E:\tools\java_tomcat\webapps\InP_Lab3.war]
30-May-2022 16:13:41.804 INFO [main] org.apache.jasper.servlet.TldScanner.scanJars At least one JAR was scanned for TLDs yet contained no TLDs. Enable debug logging for this logger for a complete list of JARs that were scanned but no TLDs were found in them. Skipping unneeded JARs during scanning can improve startup time and JSP compilation time.
30-May-2022 16:13:41.867 INFO [main] org.apache.catalina.startup.HostConfig.deployWAR Deployment of web application archive [E:\tools\java_tomcat\webapps\InP_Lab3.war] has finished in [441] ms
30-May-2022 16:13:41.868 INFO [main] org.apache.catalina.startup.HostConfig.deployWAR Deploying web application archive [E:\tools\java_tomcat\webapps\Lab4.war]
30-May-2022 16:13:41.890 INFO [main] org.apache.catalina.startup.HostConfig.deployWAR Deployment of web application archive [E:\tools\java_tomcat\webapps\Lab4.war] has finished in [22] ms
30-May-2022 16:13:41.891 INFO [main] org.apache.catalina.startup.HostConfig.deployDirectory Установка веб приложения в папку [E:\tools\java_tomcat\webapps\ANaive]
30-May-2022 16:13:41.913 INFO [main] org.apache.catalina.startup.HostConfig.deployDirectory Deployment of web application directory [E:\tools\java_tomcat\webapps\ANaive] has finished in [22] ms
30-May-2022 16:13:41.914 INFO [main] org.apache.catalina.startup.HostConfig.deployDirectory Установка веб приложения в папку [E:\tools\java_tomcat\webapps\docs]
30-May-2022 16:13:41.930 INFO [main] org.apache.catalina.startup.HostConfig.deployDirectory Deployment of web application directory [E:\tools\java_tomcat\webapps\docs] has finished in [17] ms
30-May-2022 16:13:41.930 INFO [main] org.apache.catalina.startup.HostConfig.deployDirectory Установка веб приложения в папку [E:\tools\java_tomcat\webapps\Lab5]
30-May-2022 16:13:42.028 INFO [main] org.apache.jasper.servlet.TldScanner.scanJars At least one JAR was scanned for TLDs yet contained no TLDs. Enable debug logging for this logger for a complete list of JARs that were scanned but no TLDs were found in them. Skipping unneeded JARs during scanning can improve startup time and JSP compilation time.
30-May-2022 16:13:42.031 INFO [main] org.apache.catalina.startup.HostConfig.deployDirectory Deployment of web application directory [E:\tools\java_tomcat\webapps\Lab5] has finished in [101] ms
30-May-2022 16:13:42.031 INFO [main] org.apache.catalina.startup.HostConfig.deployDirectory Установка веб приложения в папку [E:\tools\java_tomcat\webapps\lab6]
30-May-2022 16:13:42.075 INFO [main] org.apache.jasper.servlet.TldScanner.scanJars At least one JAR was scanned for TLDs yet contained no TLDs. Enable debug logging for this logger for a complete list of JARs that were scanned but no TLDs were found in them. Skipping unneeded JARs during scanning can improve startup time and JSP compilation time.
30-May-2022 16:13:42.085 INFO [main] org.apache.catalina.startup.HostConfig.deployDirectory Deployment of web application directory [E:\tools\java_tomcat\webapps\lab6] has finished in [54] ms
30-May-2022 16:13:42.085 INFO [main] org.apache.catalina.startup.HostConfig.deployDirectory Установка веб приложения в папку [E:\tools\java_tomcat\webapps\manager]
30-May-2022 16:13:42.121 INFO [main] org.apache.catalina.startup.HostConfig.deployDirectory Deployment of web application directory [E:\tools\java_tomcat\webapps\manager] has finished in [36] ms
30-May-2022 16:13:42.122 INFO [main] org.apache.catalina.startup.HostConfig.deployDirectory Установка веб приложения в папку [E:\tools\java_tomcat\webapps\ROOT]
30-May-2022 16:13:42.137 INFO [main] org.apache.catalina.startup.HostConfig.deployDirectory Deployment of web application directory [E:\tools\java_tomcat\webapps\ROOT] has finished in [14] ms
30-May-2022 16:13:42.140 INFO [main] org.apache.coyote.AbstractProtocol.start Starting ProtocolHandler ["http-nio-8080"]
30-May-2022 16:13:42.178 INFO [main] org.apache.catalina.startup.Catalina.start Server startup in [802] milliseconds
30-May-2022 16:59:13.283 INFO [Catalina-utility-1] org.apache.catalina.startup.HostConfig.deployDirectory Установка веб приложения в папку [E:\tools\java_tomcat\webapps\lab7]
30-May-2022 16:59:13.360 INFO [Catalina-utility-1] org.apache.catalina.startup.HostConfig.deployDirectory Deployment of web application directory [E:\tools\java_tomcat\webapps\lab7] has finished in [76] ms
30-May-2022 23:30:54.083 INFO [Catalina-utility-1] org.apache.catalina.startup.HostConfig.deployDirectory Установка веб приложения в папку [E:\tools\java_tomcat\webapps\lab8]
30-May-2022 23:30:54.511 INFO [Catalina-utility-1] org.apache.jasper.servlet.TldScanner.scanJars At least one JAR was scanned for TLDs yet contained no TLDs. Enable debug logging for this logger for a complete list of JARs that were scanned but no TLDs were found in them. Skipping unneeded JARs during scanning can improve startup time and JSP compilation time.
30-May-2022 23:30:54.521 INFO [Catalina-utility-1] org.apache.catalina.startup.HostConfig.deployDirectory Deployment of web application directory [E:\tools\java_tomcat\webapps\lab8] has finished in [441] ms
31-May-2022 09:11:08.243 INFO [Catalina-utility-1] org.apache.catalina.startup.HostConfig.deployDirectory Установка веб приложения в папку [E:\tools\java_tomcat\webapps\lab9]
31-May-2022 09:11:08.446 INFO [Catalina-utility-1] org.apache.catalina.startup.HostConfig.deployDirectory Deployment of web application directory [E:\tools\java_tomcat\webapps\lab9] has finished in [205] ms
31-May-2022 09:19:48.880 INFO [Catalina-utility-2] org.apache.catalina.startup.HostConfig.reload Reloading context [/lab9]
31-May-2022 09:19:48.880 INFO [Catalina-utility-2] org.apache.catalina.core.StandardContext.reload Reloading Context with name [/lab9] has started
31-May-2022 09:19:49.194 INFO [Catalina-utility-2] org.apache.catalina.core.StandardContext.reload Reloading Context with name [/lab9] is completed
31-May-2022 09:43:37.314 INFO [Catalina-utility-1] org.apache.catalina.startup.HostConfig.reload Reloading context [/lab9]
31-May-2022 09:43:37.314 INFO [Catalina-utility-1] org.apache.catalina.core.StandardContext.reload Reloading Context with name [/lab9] has started
31-May-2022 09:43:37.361 INFO [Catalina-utility-1] org.apache.catalina.core.StandardContext.reload Reloading Context with name [/lab9] is completed
31-May-2022 09:54:09.439 INFO [Thread-3] org.apache.coyote.AbstractProtocol.pause Pausing ProtocolHandler ["http-nio-8080"]
31-May-2022 09:54:09.469 INFO [Thread-3] org.apache.catalina.core.StandardService.stopInternal Stopping service [Catalina]
31-May-2022 09:54:09.530 INFO [Thread-3] org.apache.coyote.AbstractProtocol.stop Stopping ProtocolHandler ["http-nio-8080"]
31-May-2022 09:54:09.600 INFO [Thread-3] org.apache.coyote.AbstractProtocol.destroy Destroying ProtocolHandler ["http-nio-8080"]
