
2022-04-05 08:00:00 Apache Commons Daemon procrun stdout initialized.
Sss:constructor
Sss:init
Sss: service: GET
Sss: service: GET
Sss:constructor
Ggg:constructor
Sss:constructor
Ggg:constructor
Sss:destroy

2022-04-05 08:25:12 Apache Commons Daemon procrun stdout initialized.
Sss:constructor
Ggg:constructor
Sss:constructor
Sss:constructor
Sss:constructor
Sss:constructor
Sss:constructor
Sss:constructor
Sss:constructor
Sss:constructor
Sss:constructor
Sss:constructor
Ggg:constructor
Sss:constructor
