
2022-06-06 07:26:54 Apache Commons Daemon procrun stdout initialized.
Context initialized
F1:init
F2:init
F3:init
SssXml: Hello
SssXml: after Random
SssXml: Hello
SssXml: after Random
SssXml: Hello
SssXml: after Random
SssXml: Hello
SssXml: after Random
SssXml: Hello
SssXml: after Random
SssXml: Hello
SssXml: after Random
SssXml: Hello
SssXml: after Random
SssXml: Hello
SssXml: after Random
SssXml: Hello
SssXml: after Random
SssXml: Hello
SssXml: after Random
SssJson: [-5,-4,-1,0,3,3,-1,1,-4]
SssJson: [-5,4,-3,4,-3,-5]
SssJson: [1,-1,3,-4,4,4]
SssJson: [2,4,1,3,2,2]
SssJson: [-4,2,1,0,-1,-5,2,3,4]
SssXml: Hello
SssXml: after Random
SssXml: after Random
SssJson: <?xml version="1.0"  encoding = "utf-8" ?>
[-5,1,0,1,-2,-1,0,-5,0]
SssXml: after Random
SssJson: <?xml version="1.0"  encoding = "utf-8" ?>
[-2,-2,-4,-3,0,1]
SssXml: after Random
SssJson: <?xml version="1.0"  encoding = "utf-8" ?>
[-2,2,-5,1,0]
SssXml: after Random
SssJson: <?xml version="1.0"  encoding = "utf-8" ?>
[2,-2,2,-5,-1]
SssXml: after Random
SssJson: <?xml version="1.0"  encoding = "utf-8" ?>
[-4,2,-4,1,-1,2]
SssXml: after Random
SssJson: [-2,4,-2,-3,4,-5,1,4,-4]
SssXml: Hello
SssXml: after Random
SssXml: Hello
SssXml: after Random
SssXml: after Random
SssJson: [2,-3,-6,2,-1,-4,1,4,2]
SssXml: Hello
SssJson: For input string: ""
SssXml: Hello
SssJson: For input string: ""
SssXml: Hello
SssXml: after Random
SssXml: after Random
SssJson: [-5,-2,-3,5,2,-1,-4,-3,0]
SssXml: Hello
SssXml: after Random
SssXml: after Random
SssJson: [3,2,-5,-4,1,2,-3,-1,-3]
SssXml: Hello
SssXml: after Random
SssXml: after Random
SssJson: [-3,-3,-1,1,-1,-3,0,-2]
SssXml: Hello
SssXml: after Random
SssXml: after Random
SssJson: [1,0,-4,-4,-5,3]
SssXml: Hello
SssXml: after Random
SssJson: [1,-3,0,-1,2,-1,2]
SssXml: after Random
SssXml: after Random
SssJson: [-1,-3,2,5,-2]
SssXml: after Random
SssJson: [-5,5,-7,-3,-2,0,2]
F1:destroy
F2:destroy
F3:destroy
Context destroyed

2022-06-06 08:32:03 Apache Commons Daemon procrun stdout initialized.
Context initialized
F1:init
F2:init
F3:init
F1:destroy
F2:destroy
F3:destroy
Context destroyed

2022-06-06 09:14:35 Apache Commons Daemon procrun stdout initialized.
Context initialized
F1:init
F2:init
F3:init
Download file: doc1.docx  Mon Jun 06 09:35:01 MSK 2022
Download file: vghbj.txt  Mon Jun 06 09:35:51 MSK 2022
F1:destroy
F2:destroy
F3:destroy
Context destroyed
