
2022-06-08 07:18:23 Apache Commons Daemon procrun stderr initialized.
08-Jun-2022 07:18:26.876 INFO [main] org.apache.catalina.startup.VersionLoggerListener.log Server version name:   Apache Tomcat/9.0.60
08-Jun-2022 07:18:26.881 INFO [main] org.apache.catalina.startup.VersionLoggerListener.log Server built:          Mar 9 2022 14:52:25 UTC
08-Jun-2022 07:18:26.881 INFO [main] org.apache.catalina.startup.VersionLoggerListener.log Server version number: 9.0.60.0
08-Jun-2022 07:18:26.881 INFO [main] org.apache.catalina.startup.VersionLoggerListener.log OS Name:               Windows 10
08-Jun-2022 07:18:26.883 INFO [main] org.apache.catalina.startup.VersionLoggerListener.log Версия ОС:             10.0
08-Jun-2022 07:18:26.883 INFO [main] org.apache.catalina.startup.VersionLoggerListener.log Архитектура:           amd64
08-Jun-2022 07:18:26.883 INFO [main] org.apache.catalina.startup.VersionLoggerListener.log Java Home:             C:\Program Files\Java\jdk-17.0.2
08-Jun-2022 07:18:26.883 INFO [main] org.apache.catalina.startup.VersionLoggerListener.log Версия JVM:            17.0.2+8-LTS-86
08-Jun-2022 07:18:26.883 INFO [main] org.apache.catalina.startup.VersionLoggerListener.log JVM Vendor:            Oracle Corporation
08-Jun-2022 07:18:26.884 INFO [main] org.apache.catalina.startup.VersionLoggerListener.log CATALINA_BASE:         E:\tools\java_tomcat
08-Jun-2022 07:18:26.884 INFO [main] org.apache.catalina.startup.VersionLoggerListener.log CATALINA_HOME:         E:\tools\java_tomcat
08-Jun-2022 07:18:26.927 INFO [main] org.apache.catalina.startup.VersionLoggerListener.log Command line argument: -Dcatalina.home=E:\tools\java_tomcat
08-Jun-2022 07:18:26.928 INFO [main] org.apache.catalina.startup.VersionLoggerListener.log Command line argument: -Dcatalina.base=E:\tools\java_tomcat
08-Jun-2022 07:18:26.928 INFO [main] org.apache.catalina.startup.VersionLoggerListener.log Command line argument: -Djava.io.tmpdir=E:\tools\java_tomcat\temp
08-Jun-2022 07:18:26.928 INFO [main] org.apache.catalina.startup.VersionLoggerListener.log Command line argument: -Djava.util.logging.manager=org.apache.juli.ClassLoaderLogManager
08-Jun-2022 07:18:26.928 INFO [main] org.apache.catalina.startup.VersionLoggerListener.log Command line argument: -Djava.util.logging.config.file=E:\tools\java_tomcat\conf\logging.properties
08-Jun-2022 07:18:26.928 INFO [main] org.apache.catalina.startup.VersionLoggerListener.log Command line argument: --add-opens=java.base/java.lang=ALL-UNNAMED
08-Jun-2022 07:18:26.928 INFO [main] org.apache.catalina.startup.VersionLoggerListener.log Command line argument: --add-opens=java.base/java.io=ALL-UNNAMED
08-Jun-2022 07:18:26.928 INFO [main] org.apache.catalina.startup.VersionLoggerListener.log Command line argument: --add-opens=java.rmi/sun.rmi.transport=ALL-UNNAMED
08-Jun-2022 07:18:26.928 INFO [main] org.apache.catalina.startup.VersionLoggerListener.log Command line argument: exit
08-Jun-2022 07:18:26.928 INFO [main] org.apache.catalina.startup.VersionLoggerListener.log Command line argument: abort
08-Jun-2022 07:18:26.928 INFO [main] org.apache.catalina.startup.VersionLoggerListener.log Command line argument: -Xms128m
08-Jun-2022 07:18:26.928 INFO [main] org.apache.catalina.startup.VersionLoggerListener.log Command line argument: -Xmx256m
08-Jun-2022 07:18:26.935 INFO [main] org.apache.catalina.core.AprLifecycleListener.lifecycleEvent The Apache Tomcat Native library which allows using OpenSSL was not found on the java.library.path: [E:\tools\java_tomcat\bin;C:\WINDOWS\Sun\Java\bin;C:\WINDOWS\system32;C:\WINDOWS;C:\Program Files\Java\jdk-17.0.2\bin;C:\Program Files\Common Files\Oracle\Java\javapath;C:\ProgramData\Oracle\Java\javapath;C:\Windows\system32;C:\Windows;C:\Windows\System32\Wbem;C:\Windows\System32\WindowsPowerShell\v1.0\;C:\Windows\System32\OpenSSH\;C:\Program Files (x86)\NVIDIA Corporation\PhysX\Common;E:\tools\tera-scr\к тере\Git\cmd;C:\Program Files\NVIDIA Corporation\NVIDIA NvDLISR;C:\WINDOWS\system32;C:\WINDOWS;C:\WINDOWS\System32\Wbem;C:\WINDOWS\System32\WindowsPowerShell\v1.0\;C:\WINDOWS\System32\OpenSSH\;C:\Program Files\Azure Data Studio\bin;C:\Program Files\Microsoft SQL Server\Client SDK\ODBC\170\Tools\Binn\;C:\Program Files (x86)\Microsoft SQL Server\150\Tools\Binn\;C:\Program Files\Microsoft SQL Server\150\Tools\Binn\;C:\Program Files\Microsoft SQL Server\150\DTS\Binn\;C:\Program Files\Microsoft SQL Server\130\Tools\Binn\;E:\tools\flutter\bin\;E:\tools\java_ant\bin\;E:\tools\node\;E:\tools\flutter\bin;C:\Program Files\dotnet\;E:\tools\32awrew\Безопасность\emsdk\emsdk_env.bat;C:\WINDOWS\ServiceProfiles\LocalService\AppData\Local\Microsoft\WindowsApps;.]
08-Jun-2022 07:18:27.310 INFO [main] org.apache.coyote.AbstractProtocol.init Initializing ProtocolHandler ["http-nio-8080"]
08-Jun-2022 07:18:27.347 INFO [main] org.apache.catalina.startup.Catalina.load Server initialization in [843] milliseconds
08-Jun-2022 07:18:27.411 INFO [main] org.apache.catalina.core.StandardService.startInternal Starting service [Catalina]
08-Jun-2022 07:18:27.411 INFO [main] org.apache.catalina.core.StandardEngine.startInternal Starting Servlet engine: [Apache Tomcat/9.0.60]
08-Jun-2022 07:18:27.504 INFO [main] org.apache.catalina.startup.HostConfig.deployWAR Deploying web application archive [E:\tools\java_tomcat\webapps\InP_Lab3.war]
08-Jun-2022 07:18:29.497 INFO [main] org.apache.jasper.servlet.TldScanner.scanJars At least one JAR was scanned for TLDs yet contained no TLDs. Enable debug logging for this logger for a complete list of JARs that were scanned but no TLDs were found in them. Skipping unneeded JARs during scanning can improve startup time and JSP compilation time.
08-Jun-2022 07:18:29.612 INFO [main] org.apache.catalina.startup.HostConfig.deployWAR Deployment of web application archive [E:\tools\java_tomcat\webapps\InP_Lab3.war] has finished in [2 104] ms
08-Jun-2022 07:18:29.754 INFO [main] org.apache.catalina.startup.HostConfig.deployWAR Deploying web application archive [E:\tools\java_tomcat\webapps\Lab4.war]
08-Jun-2022 07:18:29.889 INFO [main] org.apache.jasper.servlet.TldScanner.scanJars At least one JAR was scanned for TLDs yet contained no TLDs. Enable debug logging for this logger for a complete list of JARs that were scanned but no TLDs were found in them. Skipping unneeded JARs during scanning can improve startup time and JSP compilation time.
08-Jun-2022 07:18:29.891 INFO [main] org.apache.catalina.startup.HostConfig.deployWAR Deployment of web application archive [E:\tools\java_tomcat\webapps\Lab4.war] has finished in [137] ms
08-Jun-2022 07:18:29.892 INFO [main] org.apache.catalina.startup.HostConfig.deployDirectory Установка веб приложения в папку [E:\tools\java_tomcat\webapps\ANaive]
08-Jun-2022 07:18:30.089 INFO [main] org.apache.jasper.servlet.TldScanner.scanJars At least one JAR was scanned for TLDs yet contained no TLDs. Enable debug logging for this logger for a complete list of JARs that were scanned but no TLDs were found in them. Skipping unneeded JARs during scanning can improve startup time and JSP compilation time.
08-Jun-2022 07:18:30.092 INFO [main] org.apache.catalina.startup.HostConfig.deployDirectory Deployment of web application directory [E:\tools\java_tomcat\webapps\ANaive] has finished in [199] ms
08-Jun-2022 07:18:30.093 INFO [main] org.apache.catalina.startup.HostConfig.deployDirectory Установка веб приложения в папку [E:\tools\java_tomcat\webapps\docs]
08-Jun-2022 07:18:30.202 INFO [main] org.apache.jasper.servlet.TldScanner.scanJars At least one JAR was scanned for TLDs yet contained no TLDs. Enable debug logging for this logger for a complete list of JARs that were scanned but no TLDs were found in them. Skipping unneeded JARs during scanning can improve startup time and JSP compilation time.
08-Jun-2022 07:18:30.203 INFO [main] org.apache.catalina.startup.HostConfig.deployDirectory Deployment of web application directory [E:\tools\java_tomcat\webapps\docs] has finished in [111] ms
08-Jun-2022 07:18:30.204 INFO [main] org.apache.catalina.startup.HostConfig.deployDirectory Установка веб приложения в папку [E:\tools\java_tomcat\webapps\lab10]
08-Jun-2022 07:18:30.980 INFO [main] org.apache.jasper.servlet.TldScanner.scanJars At least one JAR was scanned for TLDs yet contained no TLDs. Enable debug logging for this logger for a complete list of JARs that were scanned but no TLDs were found in them. Skipping unneeded JARs during scanning can improve startup time and JSP compilation time.
08-Jun-2022 07:18:30.983 INFO [main] org.apache.catalina.startup.HostConfig.deployDirectory Deployment of web application directory [E:\tools\java_tomcat\webapps\lab10] has finished in [779] ms
08-Jun-2022 07:18:30.983 INFO [main] org.apache.catalina.startup.HostConfig.deployDirectory Установка веб приложения в папку [E:\tools\java_tomcat\webapps\lab11]
08-Jun-2022 07:18:31.332 INFO [main] org.apache.jasper.servlet.TldScanner.scanJars At least one JAR was scanned for TLDs yet contained no TLDs. Enable debug logging for this logger for a complete list of JARs that were scanned but no TLDs were found in them. Skipping unneeded JARs during scanning can improve startup time and JSP compilation time.
08-Jun-2022 07:18:31.335 INFO [main] org.apache.catalina.startup.HostConfig.deployDirectory Deployment of web application directory [E:\tools\java_tomcat\webapps\lab11] has finished in [352] ms
08-Jun-2022 07:18:31.336 INFO [main] org.apache.catalina.startup.HostConfig.deployDirectory Установка веб приложения в папку [E:\tools\java_tomcat\webapps\lab12]
08-Jun-2022 07:18:31.648 INFO [main] org.apache.jasper.servlet.TldScanner.scanJars At least one JAR was scanned for TLDs yet contained no TLDs. Enable debug logging for this logger for a complete list of JARs that were scanned but no TLDs were found in them. Skipping unneeded JARs during scanning can improve startup time and JSP compilation time.
08-Jun-2022 07:18:31.652 INFO [main] org.apache.catalina.startup.HostConfig.deployDirectory Deployment of web application directory [E:\tools\java_tomcat\webapps\lab12] has finished in [315] ms
08-Jun-2022 07:18:31.653 INFO [main] org.apache.catalina.startup.HostConfig.deployDirectory Установка веб приложения в папку [E:\tools\java_tomcat\webapps\lab13]
08-Jun-2022 07:18:32.012 INFO [main] org.apache.jasper.servlet.TldScanner.scanJars At least one JAR was scanned for TLDs yet contained no TLDs. Enable debug logging for this logger for a complete list of JARs that were scanned but no TLDs were found in them. Skipping unneeded JARs during scanning can improve startup time and JSP compilation time.
08-Jun-2022 07:18:32.015 INFO [main] org.apache.catalina.startup.HostConfig.deployDirectory Deployment of web application directory [E:\tools\java_tomcat\webapps\lab13] has finished in [361] ms
08-Jun-2022 07:18:32.015 INFO [main] org.apache.catalina.startup.HostConfig.deployDirectory Установка веб приложения в папку [E:\tools\java_tomcat\webapps\Lab14]
08-Jun-2022 07:18:35.447 INFO [main] org.apache.jasper.servlet.TldScanner.scanJars At least one JAR was scanned for TLDs yet contained no TLDs. Enable debug logging for this logger for a complete list of JARs that were scanned but no TLDs were found in them. Skipping unneeded JARs during scanning can improve startup time and JSP compilation time.
08-Jun-2022 07:18:35.455 INFO [main] org.apache.catalina.startup.HostConfig.deployDirectory Deployment of web application directory [E:\tools\java_tomcat\webapps\Lab14] has finished in [3 438] ms
08-Jun-2022 07:18:35.455 INFO [main] org.apache.catalina.startup.HostConfig.deployDirectory Установка веб приложения в папку [E:\tools\java_tomcat\webapps\Lab5]
08-Jun-2022 07:18:36.903 INFO [main] org.apache.jasper.servlet.TldScanner.scanJars At least one JAR was scanned for TLDs yet contained no TLDs. Enable debug logging for this logger for a complete list of JARs that were scanned but no TLDs were found in them. Skipping unneeded JARs during scanning can improve startup time and JSP compilation time.
08-Jun-2022 07:18:36.907 INFO [main] org.apache.catalina.startup.HostConfig.deployDirectory Deployment of web application directory [E:\tools\java_tomcat\webapps\Lab5] has finished in [1 452] ms
08-Jun-2022 07:18:36.907 INFO [main] org.apache.catalina.startup.HostConfig.deployDirectory Установка веб приложения в папку [E:\tools\java_tomcat\webapps\lab6]
08-Jun-2022 07:18:37.257 INFO [main] org.apache.jasper.servlet.TldScanner.scanJars At least one JAR was scanned for TLDs yet contained no TLDs. Enable debug logging for this logger for a complete list of JARs that were scanned but no TLDs were found in them. Skipping unneeded JARs during scanning can improve startup time and JSP compilation time.
08-Jun-2022 07:18:37.260 INFO [main] org.apache.catalina.startup.HostConfig.deployDirectory Deployment of web application directory [E:\tools\java_tomcat\webapps\lab6] has finished in [353] ms
08-Jun-2022 07:18:37.260 INFO [main] org.apache.catalina.startup.HostConfig.deployDirectory Установка веб приложения в папку [E:\tools\java_tomcat\webapps\lab7]
08-Jun-2022 07:18:37.441 INFO [main] org.apache.jasper.servlet.TldScanner.scanJars At least one JAR was scanned for TLDs yet contained no TLDs. Enable debug logging for this logger for a complete list of JARs that were scanned but no TLDs were found in them. Skipping unneeded JARs during scanning can improve startup time and JSP compilation time.
08-Jun-2022 07:18:37.443 INFO [main] org.apache.catalina.startup.HostConfig.deployDirectory Deployment of web application directory [E:\tools\java_tomcat\webapps\lab7] has finished in [183] ms
08-Jun-2022 07:18:37.443 INFO [main] org.apache.catalina.startup.HostConfig.deployDirectory Установка веб приложения в папку [E:\tools\java_tomcat\webapps\lab8]
08-Jun-2022 07:18:37.820 INFO [main] org.apache.jasper.servlet.TldScanner.scanJars At least one JAR was scanned for TLDs yet contained no TLDs. Enable debug logging for this logger for a complete list of JARs that were scanned but no TLDs were found in them. Skipping unneeded JARs during scanning can improve startup time and JSP compilation time.
08-Jun-2022 07:18:37.823 INFO [main] org.apache.catalina.startup.HostConfig.deployDirectory Deployment of web application directory [E:\tools\java_tomcat\webapps\lab8] has finished in [380] ms
08-Jun-2022 07:18:37.824 INFO [main] org.apache.catalina.startup.HostConfig.deployDirectory Установка веб приложения в папку [E:\tools\java_tomcat\webapps\lab9]
08-Jun-2022 07:18:38.050 INFO [main] org.apache.jasper.servlet.TldScanner.scanJars At least one JAR was scanned for TLDs yet contained no TLDs. Enable debug logging for this logger for a complete list of JARs that were scanned but no TLDs were found in them. Skipping unneeded JARs during scanning can improve startup time and JSP compilation time.
08-Jun-2022 07:18:38.054 INFO [main] org.apache.catalina.startup.HostConfig.deployDirectory Deployment of web application directory [E:\tools\java_tomcat\webapps\lab9] has finished in [229] ms
08-Jun-2022 07:18:38.054 INFO [main] org.apache.catalina.startup.HostConfig.deployDirectory Установка веб приложения в папку [E:\tools\java_tomcat\webapps\manager]
08-Jun-2022 07:18:38.250 INFO [main] org.apache.jasper.servlet.TldScanner.scanJars At least one JAR was scanned for TLDs yet contained no TLDs. Enable debug logging for this logger for a complete list of JARs that were scanned but no TLDs were found in them. Skipping unneeded JARs during scanning can improve startup time and JSP compilation time.
08-Jun-2022 07:18:38.260 INFO [main] org.apache.catalina.startup.HostConfig.deployDirectory Deployment of web application directory [E:\tools\java_tomcat\webapps\manager] has finished in [206] ms
08-Jun-2022 07:18:38.261 INFO [main] org.apache.catalina.startup.HostConfig.deployDirectory Установка веб приложения в папку [E:\tools\java_tomcat\webapps\ROOT]
08-Jun-2022 07:18:38.369 INFO [main] org.apache.jasper.servlet.TldScanner.scanJars At least one JAR was scanned for TLDs yet contained no TLDs. Enable debug logging for this logger for a complete list of JARs that were scanned but no TLDs were found in them. Skipping unneeded JARs during scanning can improve startup time and JSP compilation time.
08-Jun-2022 07:18:38.371 INFO [main] org.apache.catalina.startup.HostConfig.deployDirectory Deployment of web application directory [E:\tools\java_tomcat\webapps\ROOT] has finished in [110] ms
08-Jun-2022 07:18:38.374 INFO [main] org.apache.coyote.AbstractProtocol.start Starting ProtocolHandler ["http-nio-8080"]
08-Jun-2022 07:18:38.457 INFO [main] org.apache.catalina.startup.Catalina.start Server startup in [11108] milliseconds
08-Jun-2022 23:26:00.373 INFO [Thread-3] org.apache.coyote.AbstractProtocol.pause Pausing ProtocolHandler ["http-nio-8080"]
08-Jun-2022 23:26:00.513 INFO [Thread-3] org.apache.catalina.core.StandardService.stopInternal Stopping service [Catalina]
08-Jun-2022 23:26:01.623 WARNING [Thread-3] org.apache.catalina.loader.WebappClassLoaderBase.clearReferencesJdbc The web application [lab10] registered the JDBC driver [org.postgresql.Driver] but failed to unregister it when the web application was stopped. To prevent a memory leak, the JDBC Driver has been forcibly unregistered.
08-Jun-2022 23:26:01.641 WARNING [Thread-3] org.apache.catalina.loader.WebappClassLoaderBase.clearReferencesJdbc The web application [lab10] registered the JDBC driver [net.sourceforge.jtds.jdbc.Driver] but failed to unregister it when the web application was stopped. To prevent a memory leak, the JDBC Driver has been forcibly unregistered.
08-Jun-2022 23:26:07.084 INFO [Thread-3] org.apache.coyote.AbstractProtocol.stop Stopping ProtocolHandler ["http-nio-8080"]
08-Jun-2022 23:26:07.131 INFO [Thread-3] org.apache.coyote.AbstractProtocol.destroy Destroying ProtocolHandler ["http-nio-8080"]
08-Jun-2022 23:26:07.131 SEVERE [Thread-4] org.apache.catalina.startup.Catalina.stopServer Error stopping Catalina
	org.apache.catalina.LifecycleException: An invalid Lifecycle transition was attempted ([before_stop]) for component [StandardServer[-1]] in state [DESTROYED]
		at org.apache.catalina.util.LifecycleBase.invalidTransition(LifecycleBase.java:430)
		at org.apache.catalina.util.LifecycleBase.stop(LifecycleBase.java:244)
		at org.apache.catalina.startup.Catalina.stopServer(Catalina.java:656)
		at java.base/jdk.internal.reflect.NativeMethodAccessorImpl.invoke0(Native Method)
		at java.base/jdk.internal.reflect.NativeMethodAccessorImpl.invoke(NativeMethodAccessorImpl.java:77)
		at java.base/jdk.internal.reflect.DelegatingMethodAccessorImpl.invoke(DelegatingMethodAccessorImpl.java:43)
		at java.base/java.lang.reflect.Method.invoke(Method.java:568)
		at org.apache.catalina.startup.Bootstrap.stopServer(Bootstrap.java:391)
		at org.apache.catalina.startup.Bootstrap.main(Bootstrap.java:481)
