
2022-03-21 08:25:11 Apache Commons Daemon procrun stdout initialized.
Sss:constructor
Sss:init
Sss:service:GET
Sss:service:GET
Ggg:doGet:page=27s
Ggg:doGet:name=Vlad
Sss:destroy

2022-03-21 08:56:16 Apache Commons Daemon procrun stdout initialized.
Sss:constructor
Sss:init
Sss:service:GET
Sss:service:GET
Sss:destroy
Sss:constructor
Sss:init
Sss:service:GET
Sss:service:GET
Sss:service:GET
Sss:destroy
Sss:constructor
Sss:init
Sss:service:GET
Sss:destroy

2022-03-21 09:05:26 Apache Commons Daemon procrun stdout initialized.
Sss:constructor
Sss:init
Sss:service:GET
Sss:service:GET
Sss:service:GET
Sss:service:GET
Sss:service:GET
Sss:service:GET
Sss:service:GET
Ggg:doGet:page=27s
Ggg:doGet:name=Vlad
Sss:service:GET
Sss:service:GET
Sss:service:GET
Sss:destroy
Ggg:doGet:page=27s
Ggg:doGet:name=Vlad
Sss:constructor
Sss:init
Sss:service:GET
Sss:service:GET
Sss:service:GET
Sss:service:GET
Sss:destroy

2022-03-21 09:14:17 Apache Commons Daemon procrun stdout initialized.
Sss:constructor
Sss:init
Sss:service:GET
Ggg:doGet:page=27s
Ggg:doGet:name=Vlad
Sss:service:GET
Sss:service:GET
Sss:service:GET
Sss:service:GET
Sss:service:GET
Ggg:doGet:page=27s
Ggg:doGet:name=Vlad
Sss:service:GET
Sss:service:GET
Sss:service:GET
Ggg:doGet:page=27s
Ggg:doGet:name=Vlad
Sss:service:GET
Sss:service:GET
Sss:service:GET
Sss:service:GET
Sss:service:GET
Ggg:doGet:page=27s
Ggg:doGet:name=Vlad
Sss:service:GET
Sss:service:GET
Sss:destroy
