
2022-06-08 07:18:23 Apache Commons Daemon procrun stdout initialized.
Context initialized
F1:init
F2:init
F3:init
F1:doFilter
F2:doFilter
F3:doFilter
1
2
3
Attribute added
Attribute replaced
Attribute removed
F1:doFilter
F2:doFilter
F3:doFilter
1
2
3
Attribute added
Attribute replaced
Attribute removed
F1:doFilter
F2:doFilter
F3:doFilter
1
2
3
Attribute added
Attribute removed
Attribute added
Attribute replaced
Attribute removed
DBConnection:init
DBConnection:init
SssXml: Hello
SssXml: after Random
SssXml: after Random
SssJson: [-1,-4,-2,-6,-1,4,3]
SssXml: Hello
SssXml: after Random
SssXml: after Random
SssJson: [-5,-2,-1,3,-2,2,3]
Download file: vghbj.txt  Wed Jun 08 08:50:23 MSK 2022
Download file: bears.jpg  Wed Jun 08 09:15:55 MSK 2022
F1, value1!=1
F1, value1!=1
F1:doFilter
F2, value2!=2
F1:doFilter
F2:doFilter
F3:doFilter
1
2
3
Attribute added
Attribute replaced
Attribute removed
DBConnection3:init
Driver is registered!
You are connected
SssXml: Hello
SssXml: after Random
SssXml: Hello
SssXml: after Random
SssXml: after Random
SssJson: [3,0,-1,-3,4,2,2,3,2]
SssXml: Hello
SssXml: after Random
SssXml: Hello
SssXml: after Random
SssXml: after Random
SssJson: [-5,1,-2,0,0,3,-1,2]
DBConnection:destroy
DBConnection3:destroy
DBConnection:destroy
F1:destroy
F2:destroy
F3:destroy
Context destroyed
