
2022-03-15 09:35:13 Apache Commons Daemon procrun stdout initialized.

2022-03-15 09:48:27 Apache Commons Daemon procrun stdout initialized.

2022-03-15 09:58:16 Apache Commons Daemon procrun stdout initialized.

2022-03-15 10:07:17 Apache Commons Daemon procrun stdout initialized.

2022-03-15 10:12:50 Apache Commons Daemon procrun stdout initialized.

2022-03-15 10:15:03 Apache Commons Daemon procrun stdout initialized.
Sss:constructor
Sss:init
Sss:service:GET
Sss:service:GET
Sss:destroy

2022-03-15 10:23:11 Apache Commons Daemon procrun stdout initialized.
Sss:constructor
Sss:init
Sss:service:GET
Sss:destroy
Sss:constructor
Sss:init
Sss:service:GET
Sss:destroy

2022-03-15 10:25:02 Apache Commons Daemon procrun stdout initialized.
Sss:constructor
Sss:init
Sss:service:GET
Ggg:doGet:page=25s
Sss:destroy
Ggg:doGet:page=27s
Sss:constructor
Sss:init
Sss:service:GET
Ggg:doGet:page=27s
Ggg:doGet:page=27s
Ggg:doGet:page=27s
Sss:destroy
Ggg:doGet:page=27s
Ggg:doGet:name=Vlad
